Command line invocation:
    /Applications/Xcode.app/Contents/Developer/usr/bin/xcodebuild -project Offshore.xcodeproj -scheme OffshoreBudgeting -configuration Debug -destination generic/platform=iOS CODE_SIGNING_ALLOWED=NO build

Build settings from command line:
    CODE_SIGNING_ALLOWED = NO

Resolve Package Graph


Resolved source packages:
  MijickCalendarView: https://github.com/Mijick/CalendarView.git @ 1.0.0

ComputePackagePrebuildTargetDependencyGraph

Prepare packages

CreateBuildRequest

SendProjectDescription

CreateBuildOperation

ComputeTargetDependencyGraph
note: Building targets in dependency order
note: Target dependency graph (3 targets)
    Target 'OffshoreBudgeting' in project 'Offshore'
        ➜ Explicit dependency on target 'MijickCalendarView' in project 'MijickCalendarView'
    Target 'MijickCalendarView' in project 'MijickCalendarView'
        ➜ Explicit dependency on target 'MijickCalendarView' in project 'MijickCalendarView'
    Target 'MijickCalendarView' in project 'MijickCalendarView' (no dependencies)

GatherProvisioningInputs

CreateBuildDescription

ExecuteExternalTool /Applications/Xcode.app/Contents/Developer/Toolchains/XcodeDefault.xctoolchain/usr/bin/clang -v -E -dM -isysroot /Applications/Xcode.app/Contents/Developer/Platforms/iPhoneOS.platform/Developer/SDKs/iPhoneOS26.0.sdk -x c -c /dev/null

ExecuteExternalTool /Applications/Xcode.app/Contents/Developer/Toolchains/XcodeDefault.xctoolchain/usr/bin/swiftc --version

ExecuteExternalTool /Applications/Xcode.app/Contents/Developer/usr/bin/momc --dry-run --action generate --swift-version 5.0 --sdkroot /Applications/Xcode.app/Contents/Developer/Platforms/iPhoneOS.platform/Developer/SDKs/iPhoneOS26.0.sdk --iphoneos-deployment-target 16.6 --module Offshore /Users/Michael/Xcode iOS/Offshore/OffshoreBudgeting/OffshoreBudgetingModel.xcdatamodeld /Users/Michael/Library/Developer/Xcode/DerivedData/Offshore-dzckiklseaojwietsvvieqpkcqwy/Build/Intermediates.noindex/Offshore.build/Debug-iphoneos/OffshoreBudgeting.build/DerivedSources/CoreDataGenerated/OffshoreBudgetingModel

ExecuteExternalTool /Applications/Xcode.app/Contents/Developer/usr/bin/actool --print-asset-tag-combinations --output-format xml1 /Users/Michael/Xcode iOS/Offshore/OffshoreBudgeting/AppIcon.icon /Users/Michael/Xcode iOS/Offshore/OffshoreBudgeting/Assets.xcassets

ExecuteExternalTool /Applications/Xcode.app/Contents/Developer/usr/bin/actool --version --output-format xml1

ExecuteExternalTool /Applications/Xcode.app/Contents/Developer/Toolchains/XcodeDefault.xctoolchain/usr/bin/ld -version_details

Build description signature: 6d9caf40ecd22118e38961ccf6e086e8
Build description path: /Users/Michael/Library/Developer/Xcode/DerivedData/Offshore-dzckiklseaojwietsvvieqpkcqwy/Build/Intermediates.noindex/XCBuildData/6d9caf40ecd22118e38961ccf6e086e8.xcbuilddata
ClangStatCache /Applications/Xcode.app/Contents/Developer/Toolchains/XcodeDefault.xctoolchain/usr/bin/clang-stat-cache /Applications/Xcode.app/Contents/Developer/Platforms/iPhoneOS.platform/Developer/SDKs/iPhoneOS26.0.sdk /Users/Michael/Library/Developer/Xcode/DerivedData/SDKStatCaches.noindex/iphoneos26.0-23A339-81ce72e5b06c9602b9d30b56f2eed08a.sdkstatcache
    cd /Users/Michael/Xcode\ iOS/Offshore/Offshore.xcodeproj
    /Applications/Xcode.app/Contents/Developer/Toolchains/XcodeDefault.xctoolchain/usr/bin/clang-stat-cache /Applications/Xcode.app/Contents/Developer/Platforms/iPhoneOS.platform/Developer/SDKs/iPhoneOS26.0.sdk -o /Users/Michael/Library/Developer/Xcode/DerivedData/SDKStatCaches.noindex/iphoneos26.0-23A339-81ce72e5b06c9602b9d30b56f2eed08a.sdkstatcache

SwiftDriver OffshoreBudgeting normal arm64 com.apple.xcode.tools.swift.compiler (in target 'OffshoreBudgeting' from project 'Offshore')
    cd /Users/Michael/Xcode\ iOS/Offshore
    builtin-SwiftDriver -- /Applications/Xcode.app/Contents/Developer/Toolchains/XcodeDefault.xctoolchain/usr/bin/swiftc -module-name Offshore -Onone -enforce-exclusivity\=checked @/Users/Michael/Library/Developer/Xcode/DerivedData/Offshore-dzckiklseaojwietsvvieqpkcqwy/Build/Intermediates.noindex/Offshore.build/Debug-iphoneos/OffshoreBudgeting.build/Objects-normal/arm64/Offshore.SwiftFileList -DDEBUG -enable-bare-slash-regex -enable-experimental-feature DebugDescriptionMacro -sdk /Applications/Xcode.app/Contents/Developer/Platforms/iPhoneOS.platform/Developer/SDKs/iPhoneOS26.0.sdk -target arm64-apple-ios16.6 -g -module-cache-path /Users/Michael/Library/Developer/Xcode/DerivedData/ModuleCache.noindex -Xfrontend -serialize-debugging-options -profile-coverage-mapping -profile-generate -enable-testing -index-store-path /Users/Michael/Library/Developer/Xcode/DerivedData/Offshore-dzckiklseaojwietsvvieqpkcqwy/Index.noindex/DataStore -Xcc -D_LIBCPP_HARDENING_MODE\=_LIBCPP_HARDENING_MODE_DEBUG -swift-version 5 -I /Users/Michael/Library/Developer/Xcode/DerivedData/Offshore-dzckiklseaojwietsvvieqpkcqwy/Build/Products/Debug-iphoneos -F /Users/Michael/Library/Developer/Xcode/DerivedData/Offshore-dzckiklseaojwietsvvieqpkcqwy/Build/Products/Debug-iphoneos/PackageFrameworks -F /Users/Michael/Library/Developer/Xcode/DerivedData/Offshore-dzckiklseaojwietsvvieqpkcqwy/Build/Products/Debug-iphoneos -emit-localized-strings -emit-localized-strings-path /Users/Michael/Library/Developer/Xcode/DerivedData/Offshore-dzckiklseaojwietsvvieqpkcqwy/Build/Intermediates.noindex/Offshore.build/Debug-iphoneos/OffshoreBudgeting.build/Objects-normal/arm64 -c -j16 -enable-batch-mode -incremental -Xcc -ivfsstatcache -Xcc /Users/Michael/Library/Developer/Xcode/DerivedData/SDKStatCaches.noindex/iphoneos26.0-23A339-81ce72e5b06c9602b9d30b56f2eed08a.sdkstatcache -output-file-map /Users/Michael/Library/Developer/Xcode/DerivedData/Offshore-dzckiklseaojwietsvvieqpkcqwy/Build/Intermediates.noindex/Offshore.build/Debug-iphoneos/OffshoreBudgeting.build/Objects-normal/arm64/OffshoreBudgeting-OutputFileMap.json -use-frontend-parseable-output -save-temps -no-color-diagnostics -explicit-module-build -module-cache-path /Users/Michael/Library/Developer/Xcode/DerivedData/Offshore-dzckiklseaojwietsvvieqpkcqwy/Build/Intermediates.noindex/SwiftExplicitPrecompiledModules -clang-scanner-module-cache-path /Users/Michael/Library/Developer/Xcode/DerivedData/ModuleCache.noindex -sdk-module-cache-path /Users/Michael/Library/Developer/Xcode/DerivedData/ModuleCache.noindex -serialize-diagnostics -emit-dependencies -emit-module -emit-module-path /Users/Michael/Library/Developer/Xcode/DerivedData/Offshore-dzckiklseaojwietsvvieqpkcqwy/Build/Intermediates.noindex/Offshore.build/Debug-iphoneos/OffshoreBudgeting.build/Objects-normal/arm64/Offshore.swiftmodule -validate-clang-modules-once -clang-build-session-file /Users/Michael/Library/Developer/Xcode/DerivedData/ModuleCache.noindex/Session.modulevalidation -Xcc -I/Users/Michael/Library/Developer/Xcode/DerivedData/Offshore-dzckiklseaojwietsvvieqpkcqwy/Build/Intermediates.noindex/Offshore.build/Debug-iphoneos/OffshoreBudgeting.build/swift-overrides.hmap -emit-const-values -Xfrontend -const-gather-protocols-file -Xfrontend /Users/Michael/Library/Developer/Xcode/DerivedData/Offshore-dzckiklseaojwietsvvieqpkcqwy/Build/Intermediates.noindex/Offshore.build/Debug-iphoneos/OffshoreBudgeting.build/Objects-normal/arm64/OffshoreBudgeting_const_extract_protocols.json -Xcc -iquote -Xcc /Users/Michael/Library/Developer/Xcode/DerivedData/Offshore-dzckiklseaojwietsvvieqpkcqwy/Build/Intermediates.noindex/Offshore.build/Debug-iphoneos/OffshoreBudgeting.build/Offshore-generated-files.hmap -Xcc -I/Users/Michael/Library/Developer/Xcode/DerivedData/Offshore-dzckiklseaojwietsvvieqpkcqwy/Build/Intermediates.noindex/Offshore.build/Debug-iphoneos/OffshoreBudgeting.build/Offshore-own-target-headers.hmap -Xcc -I/Users/Michael/Library/Developer/Xcode/DerivedData/Offshore-dzckiklseaojwietsvvieqpkcqwy/Build/Intermediates.noindex/Offshore.build/Debug-iphoneos/OffshoreBudgeting.build/Offshore-all-non-framework-target-headers.hmap -Xcc -ivfsoverlay -Xcc /Users/Michael/Library/Developer/Xcode/DerivedData/Offshore-dzckiklseaojwietsvvieqpkcqwy/Build/Intermediates.noindex/Offshore.build/Debug-iphoneos/Offshore-18b78ca503141e196a11e3deb683abb3-VFS-iphoneos/all-product-headers.yaml -Xcc -iquote -Xcc /Users/Michael/Library/Developer/Xcode/DerivedData/Offshore-dzckiklseaojwietsvvieqpkcqwy/Build/Intermediates.noindex/Offshore.build/Debug-iphoneos/OffshoreBudgeting.build/Offshore-project-headers.hmap -Xcc -I/Users/Michael/Library/Developer/Xcode/DerivedData/Offshore-dzckiklseaojwietsvvieqpkcqwy/Build/Products/Debug-iphoneos/include -Xcc -I/Users/Michael/Library/Developer/Xcode/DerivedData/Offshore-dzckiklseaojwietsvvieqpkcqwy/Build/Intermediates.noindex/Offshore.build/Debug-iphoneos/OffshoreBudgeting.build/DerivedSources-normal/arm64 -Xcc -I/Users/Michael/Library/Developer/Xcode/DerivedData/Offshore-dzckiklseaojwietsvvieqpkcqwy/Build/Intermediates.noindex/Offshore.build/Debug-iphoneos/OffshoreBudgeting.build/DerivedSources/arm64 -Xcc -I/Users/Michael/Library/Developer/Xcode/DerivedData/Offshore-dzckiklseaojwietsvvieqpkcqwy/Build/Intermediates.noindex/Offshore.build/Debug-iphoneos/OffshoreBudgeting.build/DerivedSources -Xcc -DDEBUG\=1 -emit-objc-header -emit-objc-header-path /Users/Michael/Library/Developer/Xcode/DerivedData/Offshore-dzckiklseaojwietsvvieqpkcqwy/Build/Intermediates.noindex/Offshore.build/Debug-iphoneos/OffshoreBudgeting.build/Objects-normal/arm64/Offshore-Swift.h -working-directory /Users/Michael/Xcode\ iOS/Offshore -experimental-emit-module-separately -disable-cmo

ProcessInfoPlistFile /Users/Michael/Library/Developer/Xcode/DerivedData/Offshore-dzckiklseaojwietsvvieqpkcqwy/Build/Products/Debug-iphoneos/Offshore.app/Info.plist /Users/Michael/Xcode\ iOS/Offshore/OffshoreBudgeting/Info.plist (in target 'OffshoreBudgeting' from project 'Offshore')
    cd /Users/Michael/Xcode\ iOS/Offshore
    builtin-infoPlistUtility /Users/Michael/Xcode\ iOS/Offshore/OffshoreBudgeting/Info.plist -producttype com.apple.product-type.application -genpkginfo /Users/Michael/Library/Developer/Xcode/DerivedData/Offshore-dzckiklseaojwietsvvieqpkcqwy/Build/Products/Debug-iphoneos/Offshore.app/PkgInfo -expandbuildsettings -format binary -platform iphoneos -additionalcontentfile /Users/Michael/Library/Developer/Xcode/DerivedData/Offshore-dzckiklseaojwietsvvieqpkcqwy/Build/Intermediates.noindex/Offshore.build/Debug-iphoneos/OffshoreBudgeting.build/assetcatalog_generated_info.plist -requiredArchitecture arm64 -o /Users/Michael/Library/Developer/Xcode/DerivedData/Offshore-dzckiklseaojwietsvvieqpkcqwy/Build/Products/Debug-iphoneos/Offshore.app/Info.plist
removing entry for "NSServices" - only supported on macOS

SwiftCompile normal arm64 Compiling\ CategoryChipPill.swift,\ GlassCTAButton.swift,\ PillSegmentedControl.swift,\ SheetDetentsCompat.swift,\ TranslucentButtonStyle.swift,\ AddBudgetView.swift /Users/Michael/Xcode\ iOS/Offshore/OffshoreBudgeting/Views/Components/CategoryChipPill.swift /Users/Michael/Xcode\ iOS/Offshore/OffshoreBudgeting/Views/Components/GlassCTAButton.swift /Users/Michael/Xcode\ iOS/Offshore/OffshoreBudgeting/Views/Components/PillSegmentedControl.swift /Users/Michael/Xcode\ iOS/Offshore/OffshoreBudgeting/Views/Components/SheetDetentsCompat.swift /Users/Michael/Xcode\ iOS/Offshore/OffshoreBudgeting/Views/Components/TranslucentButtonStyle.swift /Users/Michael/Xcode\ iOS/Offshore/OffshoreBudgeting/Views/AddBudgetView.swift (in target 'OffshoreBudgeting' from project 'Offshore')

SwiftCompile normal arm64 /Users/Michael/Xcode\ iOS/Offshore/OffshoreBudgeting/Views/Components/CategoryChipPill.swift (in target 'OffshoreBudgeting' from project 'Offshore')
    cd /Users/Michael/Xcode\ iOS/Offshore
    

SwiftCompile normal arm64 /Users/Michael/Xcode\ iOS/Offshore/OffshoreBudgeting/Views/Components/GlassCTAButton.swift (in target 'OffshoreBudgeting' from project 'Offshore')
    cd /Users/Michael/Xcode\ iOS/Offshore
    

SwiftCompile normal arm64 /Users/Michael/Xcode\ iOS/Offshore/OffshoreBudgeting/Views/Components/PillSegmentedControl.swift (in target 'OffshoreBudgeting' from project 'Offshore')
    cd /Users/Michael/Xcode\ iOS/Offshore
    

SwiftCompile normal arm64 /Users/Michael/Xcode\ iOS/Offshore/OffshoreBudgeting/Views/Components/SheetDetentsCompat.swift (in target 'OffshoreBudgeting' from project 'Offshore')
    cd /Users/Michael/Xcode\ iOS/Offshore
    

SwiftCompile normal arm64 /Users/Michael/Xcode\ iOS/Offshore/OffshoreBudgeting/Views/Components/TranslucentButtonStyle.swift (in target 'OffshoreBudgeting' from project 'Offshore')
    cd /Users/Michael/Xcode\ iOS/Offshore
    

SwiftCompile normal arm64 /Users/Michael/Xcode\ iOS/Offshore/OffshoreBudgeting/Views/AddBudgetView.swift (in target 'OffshoreBudgeting' from project 'Offshore')
    cd /Users/Michael/Xcode\ iOS/Offshore
    

SwiftCompile normal arm64 Compiling\ AddPlannedExpenseViewModel.swift,\ AddUnplannedExpenseViewModel.swift,\ BudgetDetailsViewModel.swift,\ BudgetDetailsViewModelStore.swift,\ CardDetailViewModel.swift,\ CardsViewModel.swift /Users/Michael/Xcode\ iOS/Offshore/OffshoreBudgeting/View\ Models/AddPlannedExpenseViewModel.swift /Users/Michael/Xcode\ iOS/Offshore/OffshoreBudgeting/View\ Models/AddUnplannedExpenseViewModel.swift /Users/Michael/Xcode\ iOS/Offshore/OffshoreBudgeting/View\ Models/BudgetDetailsViewModel.swift /Users/Michael/Xcode\ iOS/Offshore/OffshoreBudgeting/View\ Models/BudgetDetailsViewModelStore.swift /Users/Michael/Xcode\ iOS/Offshore/OffshoreBudgeting/View\ Models/CardDetailViewModel.swift /Users/Michael/Xcode\ iOS/Offshore/OffshoreBudgeting/View\ Models/CardsViewModel.swift (in target 'OffshoreBudgeting' from project 'Offshore')
SwiftCompile normal arm64 /Users/Michael/Xcode\ iOS/Offshore/OffshoreBudgeting/View\ Models/AddPlannedExpenseViewModel.swift (in target 'OffshoreBudgeting' from project 'Offshore')
    cd /Users/Michael/Xcode\ iOS/Offshore
    

SwiftCompile normal arm64 /Users/Michael/Xcode\ iOS/Offshore/OffshoreBudgeting/View\ Models/AddUnplannedExpenseViewModel.swift (in target 'OffshoreBudgeting' from project 'Offshore')
    cd /Users/Michael/Xcode\ iOS/Offshore
    

SwiftCompile normal arm64 /Users/Michael/Xcode\ iOS/Offshore/OffshoreBudgeting/View\ Models/BudgetDetailsViewModel.swift (in target 'OffshoreBudgeting' from project 'Offshore')
    cd /Users/Michael/Xcode\ iOS/Offshore
    

SwiftCompile normal arm64 /Users/Michael/Xcode\ iOS/Offshore/OffshoreBudgeting/View\ Models/BudgetDetailsViewModelStore.swift (in target 'OffshoreBudgeting' from project 'Offshore')
    cd /Users/Michael/Xcode\ iOS/Offshore
    

SwiftCompile normal arm64 /Users/Michael/Xcode\ iOS/Offshore/OffshoreBudgeting/View\ Models/CardDetailViewModel.swift (in target 'OffshoreBudgeting' from project 'Offshore')
    cd /Users/Michael/Xcode\ iOS/Offshore
    

SwiftCompile normal arm64 /Users/Michael/Xcode\ iOS/Offshore/OffshoreBudgeting/View\ Models/CardsViewModel.swift (in target 'OffshoreBudgeting' from project 'Offshore')
    cd /Users/Michael/Xcode\ iOS/Offshore
    

SwiftCompile normal arm64 Compiling\ HomeViewModel.swift,\ IncomeScreenViewModel.swift,\ PresetsViewModel.swift,\ SettingsViewModel.swift,\ Buttons.swift,\ CalendarNavigationButtonStyle.swift /Users/Michael/Xcode\ iOS/Offshore/OffshoreBudgeting/View\ Models/HomeViewModel.swift /Users/Michael/Xcode\ iOS/Offshore/OffshoreBudgeting/View\ Models/IncomeScreenViewModel.swift /Users/Michael/Xcode\ iOS/Offshore/OffshoreBudgeting/View\ Models/PresetsViewModel.swift /Users/Michael/Xcode\ iOS/Offshore/OffshoreBudgeting/View\ Models/SettingsViewModel.swift /Users/Michael/Xcode\ iOS/Offshore/OffshoreBudgeting/Views/Components/Buttons.swift /Users/Michael/Xcode\ iOS/Offshore/OffshoreBudgeting/Views/Components/CalendarNavigationButtonStyle.swift (in target 'OffshoreBudgeting' from project 'Offshore')

SwiftCompile normal arm64 /Users/Michael/Xcode\ iOS/Offshore/OffshoreBudgeting/View\ Models/HomeViewModel.swift (in target 'OffshoreBudgeting' from project 'Offshore')
    cd /Users/Michael/Xcode\ iOS/Offshore
    

SwiftCompile normal arm64 /Users/Michael/Xcode\ iOS/Offshore/OffshoreBudgeting/View\ Models/IncomeScreenViewModel.swift (in target 'OffshoreBudgeting' from project 'Offshore')
    cd /Users/Michael/Xcode\ iOS/Offshore
    

SwiftCompile normal arm64 /Users/Michael/Xcode\ iOS/Offshore/OffshoreBudgeting/View\ Models/PresetsViewModel.swift (in target 'OffshoreBudgeting' from project 'Offshore')
    cd /Users/Michael/Xcode\ iOS/Offshore
    

SwiftCompile normal arm64 /Users/Michael/Xcode\ iOS/Offshore/OffshoreBudgeting/View\ Models/SettingsViewModel.swift (in target 'OffshoreBudgeting' from project 'Offshore')
    cd /Users/Michael/Xcode\ iOS/Offshore
    

SwiftCompile normal arm64 /Users/Michael/Xcode\ iOS/Offshore/OffshoreBudgeting/Views/Components/Buttons.swift (in target 'OffshoreBudgeting' from project 'Offshore')
    cd /Users/Michael/Xcode\ iOS/Offshore
    

SwiftCompile normal arm64 /Users/Michael/Xcode\ iOS/Offshore/OffshoreBudgeting/Views/Components/CalendarNavigationButtonStyle.swift (in target 'OffshoreBudgeting' from project 'Offshore')
    cd /Users/Michael/Xcode\ iOS/Offshore
    

SwiftCompile normal arm64 Compiling\ Logging.swift,\ AppDelegate.swift,\ AppSettings.swift,\ AppTheme.swift,\ CardAppearanceStore.swift,\ CardPickerStore.swift /Users/Michael/Xcode\ iOS/Offshore/OffshoreBudgeting/Support/Logging.swift /Users/Michael/Xcode\ iOS/Offshore/OffshoreBudgeting/Systems/AppDelegate.swift /Users/Michael/Xcode\ iOS/Offshore/OffshoreBudgeting/Systems/AppSettings.swift /Users/Michael/Xcode\ iOS/Offshore/OffshoreBudgeting/Systems/AppTheme.swift /Users/Michael/Xcode\ iOS/Offshore/OffshoreBudgeting/Systems/CardAppearanceStore.swift /Users/Michael/Xcode\ iOS/Offshore/OffshoreBudgeting/Systems/CardPickerStore.swift (in target 'OffshoreBudgeting' from project 'Offshore')

SwiftCompile normal arm64 /Users/Michael/Xcode\ iOS/Offshore/OffshoreBudgeting/Support/Logging.swift (in target 'OffshoreBudgeting' from project 'Offshore')
    cd /Users/Michael/Xcode\ iOS/Offshore
    

SwiftCompile normal arm64 /Users/Michael/Xcode\ iOS/Offshore/OffshoreBudgeting/Systems/AppDelegate.swift (in target 'OffshoreBudgeting' from project 'Offshore')
    cd /Users/Michael/Xcode\ iOS/Offshore
    

SwiftCompile normal arm64 /Users/Michael/Xcode\ iOS/Offshore/OffshoreBudgeting/Systems/AppSettings.swift (in target 'OffshoreBudgeting' from project 'Offshore')
    cd /Users/Michael/Xcode\ iOS/Offshore
    

SwiftCompile normal arm64 /Users/Michael/Xcode\ iOS/Offshore/OffshoreBudgeting/Systems/AppTheme.swift (in target 'OffshoreBudgeting' from project 'Offshore')
    cd /Users/Michael/Xcode\ iOS/Offshore
    

SwiftCompile normal arm64 /Users/Michael/Xcode\ iOS/Offshore/OffshoreBudgeting/Systems/CardAppearanceStore.swift (in target 'OffshoreBudgeting' from project 'Offshore')
    cd /Users/Michael/Xcode\ iOS/Offshore
    

SwiftCompile normal arm64 /Users/Michael/Xcode\ iOS/Offshore/OffshoreBudgeting/Systems/CardPickerStore.swift (in target 'OffshoreBudgeting' from project 'Offshore')
    cd /Users/Michael/Xcode\ iOS/Offshore
    

SwiftCompile normal arm64 Compiling\ AddCardFormView.swift,\ AddIncomeFormView.swift,\ AddPlannedExpenseView.swift,\ AddUnplannedExpenseView.swift,\ CardDetailView.swift,\ CardPickerItemTile.swift /Users/Michael/Xcode\ iOS/Offshore/OffshoreBudgeting/Views/AddCardFormView.swift /Users/Michael/Xcode\ iOS/Offshore/OffshoreBudgeting/Views/AddIncomeFormView.swift /Users/Michael/Xcode\ iOS/Offshore/OffshoreBudgeting/Views/AddPlannedExpenseView.swift /Users/Michael/Xcode\ iOS/Offshore/OffshoreBudgeting/Views/AddUnplannedExpenseView.swift /Users/Michael/Xcode\ iOS/Offshore/OffshoreBudgeting/Views/CardDetailView.swift /Users/Michael/Xcode\ iOS/Offshore/OffshoreBudgeting/Views/CardPickerItemTile.swift (in target 'OffshoreBudgeting' from project 'Offshore')
SwiftCompile normal arm64 /Users/Michael/Xcode\ iOS/Offshore/OffshoreBudgeting/Views/AddCardFormView.swift (in target 'OffshoreBudgeting' from project 'Offshore')
    cd /Users/Michael/Xcode\ iOS/Offshore
    

SwiftCompile normal arm64 /Users/Michael/Xcode\ iOS/Offshore/OffshoreBudgeting/Views/AddIncomeFormView.swift (in target 'OffshoreBudgeting' from project 'Offshore')
    cd /Users/Michael/Xcode\ iOS/Offshore
    

SwiftCompile normal arm64 /Users/Michael/Xcode\ iOS/Offshore/OffshoreBudgeting/Views/AddPlannedExpenseView.swift (in target 'OffshoreBudgeting' from project 'Offshore')
    cd /Users/Michael/Xcode\ iOS/Offshore
    

SwiftCompile normal arm64 /Users/Michael/Xcode\ iOS/Offshore/OffshoreBudgeting/Views/AddUnplannedExpenseView.swift (in target 'OffshoreBudgeting' from project 'Offshore')
    cd /Users/Michael/Xcode\ iOS/Offshore
    

SwiftCompile normal arm64 /Users/Michael/Xcode\ iOS/Offshore/OffshoreBudgeting/Views/CardDetailView.swift (in target 'OffshoreBudgeting' from project 'Offshore')
    cd /Users/Michael/Xcode\ iOS/Offshore
    

SwiftCompile normal arm64 /Users/Michael/Xcode\ iOS/Offshore/OffshoreBudgeting/Views/CardPickerItemTile.swift (in target 'OffshoreBudgeting' from project 'Offshore')
    cd /Users/Michael/Xcode\ iOS/Offshore
    

SwiftCompile normal arm64 Compiling\ IncomeCalendarPalette.swift,\ MetallicTextStyles.swift,\ MotionSupport.swift,\ OnboardingEnvironment.swift,\ PlatformCapabilities.swift,\ ResponsiveLayoutContext.swift /Users/Michael/Xcode\ iOS/Offshore/OffshoreBudgeting/Systems/IncomeCalendarPalette.swift /Users/Michael/Xcode\ iOS/Offshore/OffshoreBudgeting/Systems/MetallicTextStyles.swift /Users/Michael/Xcode\ iOS/Offshore/OffshoreBudgeting/Systems/MotionSupport.swift /Users/Michael/Xcode\ iOS/Offshore/OffshoreBudgeting/Systems/OnboardingEnvironment.swift /Users/Michael/Xcode\ iOS/Offshore/OffshoreBudgeting/Systems/PlatformCapabilities.swift /Users/Michael/Xcode\ iOS/Offshore/OffshoreBudgeting/Systems/ResponsiveLayoutContext.swift (in target 'OffshoreBudgeting' from project 'Offshore')

SwiftCompile normal arm64 /Users/Michael/Xcode\ iOS/Offshore/OffshoreBudgeting/Systems/IncomeCalendarPalette.swift (in target 'OffshoreBudgeting' from project 'Offshore')
    cd /Users/Michael/Xcode\ iOS/Offshore
    

SwiftCompile normal arm64 /Users/Michael/Xcode\ iOS/Offshore/OffshoreBudgeting/Systems/MetallicTextStyles.swift (in target 'OffshoreBudgeting' from project 'Offshore')
    cd /Users/Michael/Xcode\ iOS/Offshore
    

SwiftCompile normal arm64 /Users/Michael/Xcode\ iOS/Offshore/OffshoreBudgeting/Systems/MotionSupport.swift (in target 'OffshoreBudgeting' from project 'Offshore')
    cd /Users/Michael/Xcode\ iOS/Offshore
    

SwiftCompile normal arm64 /Users/Michael/Xcode\ iOS/Offshore/OffshoreBudgeting/Systems/OnboardingEnvironment.swift (in target 'OffshoreBudgeting' from project 'Offshore')
    cd /Users/Michael/Xcode\ iOS/Offshore
    

SwiftCompile normal arm64 /Users/Michael/Xcode\ iOS/Offshore/OffshoreBudgeting/Systems/PlatformCapabilities.swift (in target 'OffshoreBudgeting' from project 'Offshore')
    cd /Users/Michael/Xcode\ iOS/Offshore
    

SwiftCompile normal arm64 /Users/Michael/Xcode\ iOS/Offshore/OffshoreBudgeting/Systems/ResponsiveLayoutContext.swift (in target 'OffshoreBudgeting' from project 'Offshore')
    cd /Users/Michael/Xcode\ iOS/Offshore
    

SwiftCompile normal arm64 Compiling\ RootTabView.swift,\ SafeAreaInsetsCompatibility.swift,\ SystemTheme.swift,\ UITestingEnvironment.swift,\ AddBudgetViewModel.swift,\ AddIncomeFormViewModel.swift /Users/Michael/Xcode\ iOS/Offshore/OffshoreBudgeting/Systems/RootTabView.swift /Users/Michael/Xcode\ iOS/Offshore/OffshoreBudgeting/Systems/SafeAreaInsetsCompatibility.swift /Users/Michael/Xcode\ iOS/Offshore/OffshoreBudgeting/Systems/SystemTheme.swift /Users/Michael/Xcode\ iOS/Offshore/OffshoreBudgeting/Systems/UITestingEnvironment.swift /Users/Michael/Xcode\ iOS/Offshore/OffshoreBudgeting/View\ Models/AddBudgetViewModel.swift /Users/Michael/Xcode\ iOS/Offshore/OffshoreBudgeting/View\ Models/AddIncomeFormViewModel.swift (in target 'OffshoreBudgeting' from project 'Offshore')

SwiftCompile normal arm64 /Users/Michael/Xcode\ iOS/Offshore/OffshoreBudgeting/Systems/RootTabView.swift (in target 'OffshoreBudgeting' from project 'Offshore')
    cd /Users/Michael/Xcode\ iOS/Offshore
    

SwiftCompile normal arm64 /Users/Michael/Xcode\ iOS/Offshore/OffshoreBudgeting/Systems/SafeAreaInsetsCompatibility.swift (in target 'OffshoreBudgeting' from project 'Offshore')
    cd /Users/Michael/Xcode\ iOS/Offshore
    

SwiftCompile normal arm64 /Users/Michael/Xcode\ iOS/Offshore/OffshoreBudgeting/Systems/SystemTheme.swift (in target 'OffshoreBudgeting' from project 'Offshore')
    cd /Users/Michael/Xcode\ iOS/Offshore
    

SwiftCompile normal arm64 /Users/Michael/Xcode\ iOS/Offshore/OffshoreBudgeting/Systems/UITestingEnvironment.swift (in target 'OffshoreBudgeting' from project 'Offshore')
    cd /Users/Michael/Xcode\ iOS/Offshore
    

SwiftCompile normal arm64 /Users/Michael/Xcode\ iOS/Offshore/OffshoreBudgeting/View\ Models/AddBudgetViewModel.swift (in target 'OffshoreBudgeting' from project 'Offshore')
    cd /Users/Michael/Xcode\ iOS/Offshore
    

SwiftCompile normal arm64 /Users/Michael/Xcode\ iOS/Offshore/OffshoreBudgeting/View\ Models/AddIncomeFormViewModel.swift (in target 'OffshoreBudgeting' from project 'Offshore')
    cd /Users/Michael/Xcode\ iOS/Offshore
    

SwiftCompile normal arm64 Compiling\ NotificationName+Extensions.swift,\ PlannedExpenseService+Templates.swift,\ RecurrenceRule.swift,\ SaveError.swift,\ UnifiedSwipeActions.swift,\ View+If.swift /Users/Michael/Xcode\ iOS/Offshore/OffshoreBudgeting/Resources/NotificationName+Extensions.swift /Users/Michael/Xcode\ iOS/Offshore/OffshoreBudgeting/Resources/PlannedExpenseService+Templates.swift /Users/Michael/Xcode\ iOS/Offshore/OffshoreBudgeting/Resources/RecurrenceRule.swift /Users/Michael/Xcode\ iOS/Offshore/OffshoreBudgeting/Resources/SaveError.swift /Users/Michael/Xcode\ iOS/Offshore/OffshoreBudgeting/Resources/UnifiedSwipeActions.swift /Users/Michael/Xcode\ iOS/Offshore/OffshoreBudgeting/Resources/View+If.swift (in target 'OffshoreBudgeting' from project 'Offshore')

SwiftCompile normal arm64 /Users/Michael/Xcode\ iOS/Offshore/OffshoreBudgeting/Resources/NotificationName+Extensions.swift (in target 'OffshoreBudgeting' from project 'Offshore')
    cd /Users/Michael/Xcode\ iOS/Offshore
    

SwiftCompile normal arm64 /Users/Michael/Xcode\ iOS/Offshore/OffshoreBudgeting/Resources/PlannedExpenseService+Templates.swift (in target 'OffshoreBudgeting' from project 'Offshore')
    cd /Users/Michael/Xcode\ iOS/Offshore
    

SwiftCompile normal arm64 /Users/Michael/Xcode\ iOS/Offshore/OffshoreBudgeting/Resources/RecurrenceRule.swift (in target 'OffshoreBudgeting' from project 'Offshore')
    cd /Users/Michael/Xcode\ iOS/Offshore
    

SwiftCompile normal arm64 /Users/Michael/Xcode\ iOS/Offshore/OffshoreBudgeting/Resources/SaveError.swift (in target 'OffshoreBudgeting' from project 'Offshore')
    cd /Users/Michael/Xcode\ iOS/Offshore
    

SwiftCompile normal arm64 /Users/Michael/Xcode\ iOS/Offshore/OffshoreBudgeting/Resources/UnifiedSwipeActions.swift (in target 'OffshoreBudgeting' from project 'Offshore')
    cd /Users/Michael/Xcode\ iOS/Offshore
    

SwiftCompile normal arm64 /Users/Michael/Xcode\ iOS/Offshore/OffshoreBudgeting/Resources/View+If.swift (in target 'OffshoreBudgeting' from project 'Offshore')
    cd /Users/Michael/Xcode\ iOS/Offshore
    

SwiftCompile normal arm64 Compiling\ CoreDataRepository.swift,\ BudgetPreferenceSync.swift,\ CoreDataService.swift,\ ExpenseCategoryService.swift,\ IncomeService.swift,\ MergeService.swift /Users/Michael/Xcode\ iOS/Offshore/OffshoreBudgeting/Services/Repository/CoreDataRepository.swift /Users/Michael/Xcode\ iOS/Offshore/OffshoreBudgeting/Services/BudgetPreferenceSync.swift /Users/Michael/Xcode\ iOS/Offshore/OffshoreBudgeting/Services/CoreDataService.swift /Users/Michael/Xcode\ iOS/Offshore/OffshoreBudgeting/Services/ExpenseCategoryService.swift /Users/Michael/Xcode\ iOS/Offshore/OffshoreBudgeting/Services/IncomeService.swift /Users/Michael/Xcode\ iOS/Offshore/OffshoreBudgeting/Services/MergeService.swift (in target 'OffshoreBudgeting' from project 'Offshore')

SwiftCompile normal arm64 /Users/Michael/Xcode\ iOS/Offshore/OffshoreBudgeting/Services/Repository/CoreDataRepository.swift (in target 'OffshoreBudgeting' from project 'Offshore')
    cd /Users/Michael/Xcode\ iOS/Offshore
    

SwiftCompile normal arm64 /Users/Michael/Xcode\ iOS/Offshore/OffshoreBudgeting/Services/BudgetPreferenceSync.swift (in target 'OffshoreBudgeting' from project 'Offshore')
    cd /Users/Michael/Xcode\ iOS/Offshore
    

SwiftCompile normal arm64 /Users/Michael/Xcode\ iOS/Offshore/OffshoreBudgeting/Services/CoreDataService.swift (in target 'OffshoreBudgeting' from project 'Offshore')
    cd /Users/Michael/Xcode\ iOS/Offshore
    

SwiftCompile normal arm64 /Users/Michael/Xcode\ iOS/Offshore/OffshoreBudgeting/Services/ExpenseCategoryService.swift (in target 'OffshoreBudgeting' from project 'Offshore')
    cd /Users/Michael/Xcode\ iOS/Offshore
    

SwiftCompile normal arm64 /Users/Michael/Xcode\ iOS/Offshore/OffshoreBudgeting/Services/IncomeService.swift (in target 'OffshoreBudgeting' from project 'Offshore')
    cd /Users/Michael/Xcode\ iOS/Offshore
    

SwiftCompile normal arm64 /Users/Michael/Xcode\ iOS/Offshore/OffshoreBudgeting/Services/MergeService.swift (in target 'OffshoreBudgeting' from project 'Offshore')
    cd /Users/Michael/Xcode\ iOS/Offshore
    

SwiftCompile normal arm64 Compiling\ CardPickerRow.swift,\ CardsView.swift,\ CardTileView.swift,\ CategoryChipStyle.swift,\ CloudSyncGateView.swift,\ CustomRecurrenceEditorView.swift /Users/Michael/Xcode\ iOS/Offshore/OffshoreBudgeting/Views/CardPickerRow.swift /Users/Michael/Xcode\ iOS/Offshore/OffshoreBudgeting/Views/CardsView.swift /Users/Michael/Xcode\ iOS/Offshore/OffshoreBudgeting/Views/CardTileView.swift /Users/Michael/Xcode\ iOS/Offshore/OffshoreBudgeting/Views/CategoryChipStyle.swift /Users/Michael/Xcode\ iOS/Offshore/OffshoreBudgeting/Views/CloudSyncGateView.swift /Users/Michael/Xcode\ iOS/Offshore/OffshoreBudgeting/Views/CustomRecurrenceEditorView.swift (in target 'OffshoreBudgeting' from project 'Offshore')

SwiftCompile normal arm64 /Users/Michael/Xcode\ iOS/Offshore/OffshoreBudgeting/Views/CardPickerRow.swift (in target 'OffshoreBudgeting' from project 'Offshore')
    cd /Users/Michael/Xcode\ iOS/Offshore
    

SwiftCompile normal arm64 /Users/Michael/Xcode\ iOS/Offshore/OffshoreBudgeting/Views/CardsView.swift (in target 'OffshoreBudgeting' from project 'Offshore')
    cd /Users/Michael/Xcode\ iOS/Offshore
    

SwiftCompile normal arm64 /Users/Michael/Xcode\ iOS/Offshore/OffshoreBudgeting/Views/CardTileView.swift (in target 'OffshoreBudgeting' from project 'Offshore')
    cd /Users/Michael/Xcode\ iOS/Offshore
    

SwiftCompile normal arm64 /Users/Michael/Xcode\ iOS/Offshore/OffshoreBudgeting/Views/CategoryChipStyle.swift (in target 'OffshoreBudgeting' from project 'Offshore')
    cd /Users/Michael/Xcode\ iOS/Offshore
    

SwiftCompile normal arm64 /Users/Michael/Xcode\ iOS/Offshore/OffshoreBudgeting/Views/CloudSyncGateView.swift (in target 'OffshoreBudgeting' from project 'Offshore')
    cd /Users/Michael/Xcode\ iOS/Offshore
    

SwiftCompile normal arm64 /Users/Michael/Xcode\ iOS/Offshore/OffshoreBudgeting/Views/CustomRecurrenceEditorView.swift (in target 'OffshoreBudgeting' from project 'Offshore')
    cd /Users/Michael/Xcode\ iOS/Offshore
    

SwiftCompile normal arm64 Compiling\ PlannedExpenseService.swift,\ PlannedExpenseUpdateScope.swift,\ RecurrenceEngine.swift,\ UbiquitousFlags.swift,\ UnplannedExpenseService.swift,\ WorkspaceService.swift /Users/Michael/Xcode\ iOS/Offshore/OffshoreBudgeting/Services/PlannedExpenseService.swift /Users/Michael/Xcode\ iOS/Offshore/OffshoreBudgeting/Services/PlannedExpenseUpdateScope.swift /Users/Michael/Xcode\ iOS/Offshore/OffshoreBudgeting/Services/RecurrenceEngine.swift /Users/Michael/Xcode\ iOS/Offshore/OffshoreBudgeting/Services/UbiquitousFlags.swift /Users/Michael/Xcode\ iOS/Offshore/OffshoreBudgeting/Services/UnplannedExpenseService.swift /Users/Michael/Xcode\ iOS/Offshore/OffshoreBudgeting/Services/WorkspaceService.swift (in target 'OffshoreBudgeting' from project 'Offshore')

SwiftCompile normal arm64 /Users/Michael/Xcode\ iOS/Offshore/OffshoreBudgeting/Services/PlannedExpenseService.swift (in target 'OffshoreBudgeting' from project 'Offshore')
    cd /Users/Michael/Xcode\ iOS/Offshore
    

SwiftCompile normal arm64 /Users/Michael/Xcode\ iOS/Offshore/OffshoreBudgeting/Services/PlannedExpenseUpdateScope.swift (in target 'OffshoreBudgeting' from project 'Offshore')
    cd /Users/Michael/Xcode\ iOS/Offshore
    

SwiftCompile normal arm64 /Users/Michael/Xcode\ iOS/Offshore/OffshoreBudgeting/Services/RecurrenceEngine.swift (in target 'OffshoreBudgeting' from project 'Offshore')
    cd /Users/Michael/Xcode\ iOS/Offshore
    

SwiftCompile normal arm64 /Users/Michael/Xcode\ iOS/Offshore/OffshoreBudgeting/Services/UbiquitousFlags.swift (in target 'OffshoreBudgeting' from project 'Offshore')
    cd /Users/Michael/Xcode\ iOS/Offshore
    

SwiftCompile normal arm64 /Users/Michael/Xcode\ iOS/Offshore/OffshoreBudgeting/Services/UnplannedExpenseService.swift (in target 'OffshoreBudgeting' from project 'Offshore')
    cd /Users/Michael/Xcode\ iOS/Offshore
    

SwiftCompile normal arm64 /Users/Michael/Xcode\ iOS/Offshore/OffshoreBudgeting/Services/WorkspaceService.swift (in target 'OffshoreBudgeting' from project 'Offshore')
    cd /Users/Michael/Xcode\ iOS/Offshore
    

SwiftEmitModule normal arm64 Emitting\ module\ for\ Offshore (in target 'OffshoreBudgeting' from project 'Offshore')

EmitSwiftModule normal arm64 (in target 'OffshoreBudgeting' from project 'Offshore')
    cd /Users/Michael/Xcode\ iOS/Offshore
    

SwiftCompile normal arm64 Compiling\ RecurrencePickerView.swift,\ RenameCardSheet.swift,\ SettingsView.swift,\ SidebarViewController.swift,\ UBEmptyState.swift,\ WorkspaceSetupView.swift /Users/Michael/Xcode\ iOS/Offshore/OffshoreBudgeting/Views/RecurrencePickerView.swift /Users/Michael/Xcode\ iOS/Offshore/OffshoreBudgeting/Views/RenameCardSheet.swift /Users/Michael/Xcode\ iOS/Offshore/OffshoreBudgeting/Views/SettingsView.swift /Users/Michael/Xcode\ iOS/Offshore/OffshoreBudgeting/Views/SidebarViewController.swift /Users/Michael/Xcode\ iOS/Offshore/OffshoreBudgeting/Views/UBEmptyState.swift /Users/Michael/Xcode\ iOS/Offshore/OffshoreBudgeting/Views/WorkspaceSetupView.swift (in target 'OffshoreBudgeting' from project 'Offshore')

SwiftCompile normal arm64 /Users/Michael/Xcode\ iOS/Offshore/OffshoreBudgeting/Views/RecurrencePickerView.swift (in target 'OffshoreBudgeting' from project 'Offshore')
    cd /Users/Michael/Xcode\ iOS/Offshore
    

SwiftCompile normal arm64 /Users/Michael/Xcode\ iOS/Offshore/OffshoreBudgeting/Views/RenameCardSheet.swift (in target 'OffshoreBudgeting' from project 'Offshore')
    cd /Users/Michael/Xcode\ iOS/Offshore
    

SwiftCompile normal arm64 /Users/Michael/Xcode\ iOS/Offshore/OffshoreBudgeting/Views/SettingsView.swift (in target 'OffshoreBudgeting' from project 'Offshore')
    cd /Users/Michael/Xcode\ iOS/Offshore
    

SwiftCompile normal arm64 /Users/Michael/Xcode\ iOS/Offshore/OffshoreBudgeting/Views/SidebarViewController.swift (in target 'OffshoreBudgeting' from project 'Offshore')
    cd /Users/Michael/Xcode\ iOS/Offshore
    

SwiftCompile normal arm64 /Users/Michael/Xcode\ iOS/Offshore/OffshoreBudgeting/Views/UBEmptyState.swift (in target 'OffshoreBudgeting' from project 'Offshore')
    cd /Users/Michael/Xcode\ iOS/Offshore
    

SwiftCompile normal arm64 /Users/Michael/Xcode\ iOS/Offshore/OffshoreBudgeting/Views/WorkspaceSetupView.swift (in target 'OffshoreBudgeting' from project 'Offshore')
    cd /Users/Michael/Xcode\ iOS/Offshore
    

SwiftCompile normal arm64 Compiling\ EditCategoryCapsView.swift,\ ExpenseCategoryManagerView.swift,\ HelpView.swift,\ HomeView.swift,\ IncomeEditorView.swift,\ IncomeView.swift /Users/Michael/Xcode\ iOS/Offshore/OffshoreBudgeting/Views/EditCategoryCapsView.swift /Users/Michael/Xcode\ iOS/Offshore/OffshoreBudgeting/Views/ExpenseCategoryManagerView.swift /Users/Michael/Xcode\ iOS/Offshore/OffshoreBudgeting/Views/HelpView.swift /Users/Michael/Xcode\ iOS/Offshore/OffshoreBudgeting/Views/HomeView.swift /Users/Michael/Xcode\ iOS/Offshore/OffshoreBudgeting/Views/IncomeEditorView.swift /Users/Michael/Xcode\ iOS/Offshore/OffshoreBudgeting/Views/IncomeView.swift (in target 'OffshoreBudgeting' from project 'Offshore')
SwiftCompile normal arm64 /Users/Michael/Xcode\ iOS/Offshore/OffshoreBudgeting/Views/EditCategoryCapsView.swift (in target 'OffshoreBudgeting' from project 'Offshore')
    cd /Users/Michael/Xcode\ iOS/Offshore
    

SwiftCompile normal arm64 /Users/Michael/Xcode\ iOS/Offshore/OffshoreBudgeting/Views/ExpenseCategoryManagerView.swift (in target 'OffshoreBudgeting' from project 'Offshore')
    cd /Users/Michael/Xcode\ iOS/Offshore
    

SwiftCompile normal arm64 /Users/Michael/Xcode\ iOS/Offshore/OffshoreBudgeting/Views/HelpView.swift (in target 'OffshoreBudgeting' from project 'Offshore')
    cd /Users/Michael/Xcode\ iOS/Offshore
    

SwiftCompile normal arm64 /Users/Michael/Xcode\ iOS/Offshore/OffshoreBudgeting/Views/HomeView.swift (in target 'OffshoreBudgeting' from project 'Offshore')
    cd /Users/Michael/Xcode\ iOS/Offshore
    

SwiftCompile normal arm64 /Users/Michael/Xcode\ iOS/Offshore/OffshoreBudgeting/Views/IncomeEditorView.swift (in target 'OffshoreBudgeting' from project 'Offshore')
    cd /Users/Michael/Xcode\ iOS/Offshore
    

SwiftCompile normal arm64 /Users/Michael/Xcode\ iOS/Offshore/OffshoreBudgeting/Views/IncomeView.swift (in target 'OffshoreBudgeting' from project 'Offshore')
    cd /Users/Michael/Xcode\ iOS/Offshore
    

SwiftCompile normal arm64 Compiling\ ManageBudgetCardsSheet.swift,\ ManageBudgetPresetsSheet.swift,\ OnboardingView.swift,\ PresetBudgetAssignmentSheet.swift,\ PresetRowView.swift,\ PresetsView.swift /Users/Michael/Xcode\ iOS/Offshore/OffshoreBudgeting/Views/ManageBudgetCardsSheet.swift /Users/Michael/Xcode\ iOS/Offshore/OffshoreBudgeting/Views/ManageBudgetPresetsSheet.swift /Users/Michael/Xcode\ iOS/Offshore/OffshoreBudgeting/Views/OnboardingView.swift /Users/Michael/Xcode\ iOS/Offshore/OffshoreBudgeting/Views/PresetBudgetAssignmentSheet.swift /Users/Michael/Xcode\ iOS/Offshore/OffshoreBudgeting/Views/PresetRowView.swift /Users/Michael/Xcode\ iOS/Offshore/OffshoreBudgeting/Views/PresetsView.swift (in target 'OffshoreBudgeting' from project 'Offshore')

SwiftCompile normal arm64 /Users/Michael/Xcode\ iOS/Offshore/OffshoreBudgeting/Views/ManageBudgetCardsSheet.swift (in target 'OffshoreBudgeting' from project 'Offshore')
    cd /Users/Michael/Xcode\ iOS/Offshore
    

SwiftCompile normal arm64 /Users/Michael/Xcode\ iOS/Offshore/OffshoreBudgeting/Views/ManageBudgetPresetsSheet.swift (in target 'OffshoreBudgeting' from project 'Offshore')
    cd /Users/Michael/Xcode\ iOS/Offshore
    

SwiftCompile normal arm64 /Users/Michael/Xcode\ iOS/Offshore/OffshoreBudgeting/Views/OnboardingView.swift (in target 'OffshoreBudgeting' from project 'Offshore')
    cd /Users/Michael/Xcode\ iOS/Offshore
    

SwiftCompile normal arm64 /Users/Michael/Xcode\ iOS/Offshore/OffshoreBudgeting/Views/PresetBudgetAssignmentSheet.swift (in target 'OffshoreBudgeting' from project 'Offshore')
    cd /Users/Michael/Xcode\ iOS/Offshore
    

SwiftCompile normal arm64 /Users/Michael/Xcode\ iOS/Offshore/OffshoreBudgeting/Views/PresetRowView.swift (in target 'OffshoreBudgeting' from project 'Offshore')
    cd /Users/Michael/Xcode\ iOS/Offshore
    

SwiftCompile normal arm64 /Users/Michael/Xcode\ iOS/Offshore/OffshoreBudgeting/Views/PresetsView.swift (in target 'OffshoreBudgeting' from project 'Offshore')
    cd /Users/Michael/Xcode\ iOS/Offshore
    
/Users/Michael/Xcode iOS/Offshore/OffshoreBudgeting/Views/PresetsView.swift:44:25: warning: initialization of immutable value 'firstID' was never used; consider replacing with assignment to '_' or removing it
                    let firstID = vm.items.first?.id
                    ~~~~^~~~~~~
                    _

SwiftCompile normal arm64 Compiling\ ContentView.swift,\ OffshoreBudgetingApp.swift,\ Workspace+CoreDataClass.swift,\ Workspace+CoreDataProperties.swift,\ Budget+CoreDataClass.swift,\ Budget+CoreDataProperties.swift /Users/Michael/Xcode\ iOS/Offshore/OffshoreBudgeting/ContentView.swift /Users/Michael/Xcode\ iOS/Offshore/OffshoreBudgeting/OffshoreBudgetingApp.swift /Users/Michael/Library/Developer/Xcode/DerivedData/Offshore-dzckiklseaojwietsvvieqpkcqwy/Build/Intermediates.noindex/Offshore.build/Debug-iphoneos/OffshoreBudgeting.build/DerivedSources/CoreDataGenerated/OffshoreBudgetingModel/Workspace+CoreDataClass.swift /Users/Michael/Library/Developer/Xcode/DerivedData/Offshore-dzckiklseaojwietsvvieqpkcqwy/Build/Intermediates.noindex/Offshore.build/Debug-iphoneos/OffshoreBudgeting.build/DerivedSources/CoreDataGenerated/OffshoreBudgetingModel/Workspace+CoreDataProperties.swift /Users/Michael/Library/Developer/Xcode/DerivedData/Offshore-dzckiklseaojwietsvvieqpkcqwy/Build/Intermediates.noindex/Offshore.build/Debug-iphoneos/OffshoreBudgeting.build/DerivedSources/CoreDataGenerated/OffshoreBudgetingModel/Budget+CoreDataClass.swift /Users/Michael/Library/Developer/Xcode/DerivedData/Offshore-dzckiklseaojwietsvvieqpkcqwy/Build/Intermediates.noindex/Offshore.build/Debug-iphoneos/OffshoreBudgeting.build/DerivedSources/CoreDataGenerated/OffshoreBudgetingModel/Budget+CoreDataProperties.swift (in target 'OffshoreBudgeting' from project 'Offshore')

SwiftCompile normal arm64 /Users/Michael/Xcode\ iOS/Offshore/OffshoreBudgeting/ContentView.swift (in target 'OffshoreBudgeting' from project 'Offshore')
    cd /Users/Michael/Xcode\ iOS/Offshore
    

SwiftCompile normal arm64 /Users/Michael/Xcode\ iOS/Offshore/OffshoreBudgeting/OffshoreBudgetingApp.swift (in target 'OffshoreBudgeting' from project 'Offshore')
    cd /Users/Michael/Xcode\ iOS/Offshore
    

SwiftCompile normal arm64 /Users/Michael/Library/Developer/Xcode/DerivedData/Offshore-dzckiklseaojwietsvvieqpkcqwy/Build/Intermediates.noindex/Offshore.build/Debug-iphoneos/OffshoreBudgeting.build/DerivedSources/CoreDataGenerated/OffshoreBudgetingModel/Workspace+CoreDataClass.swift (in target 'OffshoreBudgeting' from project 'Offshore')
    cd /Users/Michael/Xcode\ iOS/Offshore
    

SwiftCompile normal arm64 /Users/Michael/Library/Developer/Xcode/DerivedData/Offshore-dzckiklseaojwietsvvieqpkcqwy/Build/Intermediates.noindex/Offshore.build/Debug-iphoneos/OffshoreBudgeting.build/DerivedSources/CoreDataGenerated/OffshoreBudgetingModel/Workspace+CoreDataProperties.swift (in target 'OffshoreBudgeting' from project 'Offshore')
    cd /Users/Michael/Xcode\ iOS/Offshore
    

SwiftCompile normal arm64 /Users/Michael/Library/Developer/Xcode/DerivedData/Offshore-dzckiklseaojwietsvvieqpkcqwy/Build/Intermediates.noindex/Offshore.build/Debug-iphoneos/OffshoreBudgeting.build/DerivedSources/CoreDataGenerated/OffshoreBudgetingModel/Budget+CoreDataClass.swift (in target 'OffshoreBudgeting' from project 'Offshore')
    cd /Users/Michael/Xcode\ iOS/Offshore
    

SwiftCompile normal arm64 /Users/Michael/Library/Developer/Xcode/DerivedData/Offshore-dzckiklseaojwietsvvieqpkcqwy/Build/Intermediates.noindex/Offshore.build/Debug-iphoneos/OffshoreBudgeting.build/DerivedSources/CoreDataGenerated/OffshoreBudgetingModel/Budget+CoreDataProperties.swift (in target 'OffshoreBudgeting' from project 'Offshore')
    cd /Users/Michael/Xcode\ iOS/Offshore
    

SwiftCompile normal arm64 Compiling\ CardTheme.swift,\ Compatibility.swift,\ DataChangeDebounce.swift,\ DesignSystem.swift,\ DesignSystem+Motion.swift,\ GuidedWalkthroughManager.swift /Users/Michael/Xcode\ iOS/Offshore/OffshoreBudgeting/Systems/CardTheme.swift /Users/Michael/Xcode\ iOS/Offshore/OffshoreBudgeting/Systems/Compatibility.swift /Users/Michael/Xcode\ iOS/Offshore/OffshoreBudgeting/Systems/DataChangeDebounce.swift /Users/Michael/Xcode\ iOS/Offshore/OffshoreBudgeting/Systems/DesignSystem.swift /Users/Michael/Xcode\ iOS/Offshore/OffshoreBudgeting/Systems/DesignSystem+Motion.swift /Users/Michael/Xcode\ iOS/Offshore/OffshoreBudgeting/Systems/GuidedWalkthroughManager.swift (in target 'OffshoreBudgeting' from project 'Offshore')

SwiftCompile normal arm64 /Users/Michael/Xcode\ iOS/Offshore/OffshoreBudgeting/Systems/CardTheme.swift (in target 'OffshoreBudgeting' from project 'Offshore')
    cd /Users/Michael/Xcode\ iOS/Offshore
    

SwiftCompile normal arm64 /Users/Michael/Xcode\ iOS/Offshore/OffshoreBudgeting/Systems/Compatibility.swift (in target 'OffshoreBudgeting' from project 'Offshore')
    cd /Users/Michael/Xcode\ iOS/Offshore
    

SwiftCompile normal arm64 /Users/Michael/Xcode\ iOS/Offshore/OffshoreBudgeting/Systems/DataChangeDebounce.swift (in target 'OffshoreBudgeting' from project 'Offshore')
    cd /Users/Michael/Xcode\ iOS/Offshore
    

SwiftCompile normal arm64 /Users/Michael/Xcode\ iOS/Offshore/OffshoreBudgeting/Systems/DesignSystem.swift (in target 'OffshoreBudgeting' from project 'Offshore')
    cd /Users/Michael/Xcode\ iOS/Offshore
    

SwiftCompile normal arm64 /Users/Michael/Xcode\ iOS/Offshore/OffshoreBudgeting/Systems/DesignSystem+Motion.swift (in target 'OffshoreBudgeting' from project 'Offshore')
    cd /Users/Michael/Xcode\ iOS/Offshore
    

SwiftCompile normal arm64 /Users/Michael/Xcode\ iOS/Offshore/OffshoreBudgeting/Systems/GuidedWalkthroughManager.swift (in target 'OffshoreBudgeting' from project 'Offshore')
    cd /Users/Michael/Xcode\ iOS/Offshore
    

SwiftDriverJobDiscovery normal arm64 Compiling PlannedExpenseService.swift, PlannedExpenseUpdateScope.swift, RecurrenceEngine.swift, UbiquitousFlags.swift, UnplannedExpenseService.swift, WorkspaceService.swift (in target 'OffshoreBudgeting' from project 'Offshore')

SwiftCompile normal arm64 Compiling\ BudgetService.swift /Users/Michael/Xcode\ iOS/Offshore/OffshoreBudgeting/Services/BudgetService.swift (in target 'OffshoreBudgeting' from project 'Offshore')

SwiftCompile normal arm64 /Users/Michael/Xcode\ iOS/Offshore/OffshoreBudgeting/Services/BudgetService.swift (in target 'OffshoreBudgeting' from project 'Offshore')
    cd /Users/Michael/Xcode\ iOS/Offshore
    

SwiftDriverJobDiscovery normal arm64 Compiling IncomeCalendarPalette.swift, MetallicTextStyles.swift, MotionSupport.swift, OnboardingEnvironment.swift, PlatformCapabilities.swift, ResponsiveLayoutContext.swift (in target 'OffshoreBudgeting' from project 'Offshore')

SwiftCompile normal arm64 Compiling\ GeneratedAssetSymbols.swift /Users/Michael/Library/Developer/Xcode/DerivedData/Offshore-dzckiklseaojwietsvvieqpkcqwy/Build/Intermediates.noindex/Offshore.build/Debug-iphoneos/OffshoreBudgeting.build/DerivedSources/GeneratedAssetSymbols.swift (in target 'OffshoreBudgeting' from project 'Offshore')

SwiftCompile normal arm64 /Users/Michael/Library/Developer/Xcode/DerivedData/Offshore-dzckiklseaojwietsvvieqpkcqwy/Build/Intermediates.noindex/Offshore.build/Debug-iphoneos/OffshoreBudgeting.build/DerivedSources/GeneratedAssetSymbols.swift (in target 'OffshoreBudgeting' from project 'Offshore')
    cd /Users/Michael/Xcode\ iOS/Offshore
    

SwiftDriverJobDiscovery normal arm64 Compiling NotificationName+Extensions.swift, PlannedExpenseService+Templates.swift, RecurrenceRule.swift, SaveError.swift, UnifiedSwipeActions.swift, View+If.swift (in target 'OffshoreBudgeting' from project 'Offshore')

SwiftCompile normal arm64 Compiling\ CloudSyncAccelerator.swift /Users/Michael/Xcode\ iOS/Offshore/OffshoreBudgeting/Services/CloudSyncAccelerator.swift (in target 'OffshoreBudgeting' from project 'Offshore')

SwiftCompile normal arm64 /Users/Michael/Xcode\ iOS/Offshore/OffshoreBudgeting/Services/CloudSyncAccelerator.swift (in target 'OffshoreBudgeting' from project 'Offshore')
    cd /Users/Michael/Xcode\ iOS/Offshore
    

SwiftDriverJobDiscovery normal arm64 Compiling CoreDataRepository.swift, BudgetPreferenceSync.swift, CoreDataService.swift, ExpenseCategoryService.swift, IncomeService.swift, MergeService.swift (in target 'OffshoreBudgeting' from project 'Offshore')

SwiftCompile normal arm64 Compiling\ BudgetPeriod.swift /Users/Michael/Xcode\ iOS/Offshore/OffshoreBudgeting/Models/BudgetPeriod.swift (in target 'OffshoreBudgeting' from project 'Offshore')

SwiftCompile normal arm64 /Users/Michael/Xcode\ iOS/Offshore/OffshoreBudgeting/Models/BudgetPeriod.swift (in target 'OffshoreBudgeting' from project 'Offshore')
    cd /Users/Michael/Xcode\ iOS/Offshore
    

SwiftDriverJobDiscovery normal arm64 Compiling BudgetService.swift (in target 'OffshoreBudgeting' from project 'Offshore')

SwiftCompile normal arm64 Compiling\ DataRevisionEnvironment.swift /Users/Michael/Xcode\ iOS/Offshore/OffshoreBudgeting/Resources/DataRevisionEnvironment.swift (in target 'OffshoreBudgeting' from project 'Offshore')

SwiftCompile normal arm64 /Users/Michael/Xcode\ iOS/Offshore/OffshoreBudgeting/Resources/DataRevisionEnvironment.swift (in target 'OffshoreBudgeting' from project 'Offshore')
    cd /Users/Michael/Xcode\ iOS/Offshore
    

SwiftDriverJobDiscovery normal arm64 Compiling RootTabView.swift, SafeAreaInsetsCompatibility.swift, SystemTheme.swift, UITestingEnvironment.swift, AddBudgetViewModel.swift, AddIncomeFormViewModel.swift (in target 'OffshoreBudgeting' from project 'Offshore')

SwiftCompile normal arm64 Compiling\ HolographicMetallicText.swift /Users/Michael/Xcode\ iOS/Offshore/OffshoreBudgeting/Resources/HolographicMetallicText.swift (in target 'OffshoreBudgeting' from project 'Offshore')

SwiftCompile normal arm64 /Users/Michael/Xcode\ iOS/Offshore/OffshoreBudgeting/Resources/HolographicMetallicText.swift (in target 'OffshoreBudgeting' from project 'Offshore')
    cd /Users/Michael/Xcode\ iOS/Offshore
    

SwiftDriverJobDiscovery normal arm64 Compiling CategoryChipPill.swift, GlassCTAButton.swift, PillSegmentedControl.swift, SheetDetentsCompat.swift, TranslucentButtonStyle.swift, AddBudgetView.swift (in target 'OffshoreBudgeting' from project 'Offshore')

SwiftCompile normal arm64 Compiling\ BudgetIncomeCalculator.swift /Users/Michael/Xcode\ iOS/Offshore/OffshoreBudgeting/Resources/BudgetIncomeCalculator.swift (in target 'OffshoreBudgeting' from project 'Offshore')

SwiftCompile normal arm64 /Users/Michael/Xcode\ iOS/Offshore/OffshoreBudgeting/Resources/BudgetIncomeCalculator.swift (in target 'OffshoreBudgeting' from project 'Offshore')
    cd /Users/Michael/Xcode\ iOS/Offshore
    

SwiftDriverJobDiscovery normal arm64 Compiling Logging.swift, AppDelegate.swift, AppSettings.swift, AppTheme.swift, CardAppearanceStore.swift, CardPickerStore.swift (in target 'OffshoreBudgeting' from project 'Offshore')

SwiftCompile normal arm64 Compiling\ CardItem+CoreDataBridge.swift /Users/Michael/Xcode\ iOS/Offshore/OffshoreBudgeting/Resources/CardItem+CoreDataBridge.swift (in target 'OffshoreBudgeting' from project 'Offshore')

SwiftCompile normal arm64 /Users/Michael/Xcode\ iOS/Offshore/OffshoreBudgeting/Resources/CardItem+CoreDataBridge.swift (in target 'OffshoreBudgeting' from project 'Offshore')
    cd /Users/Michael/Xcode\ iOS/Offshore
    

SwiftDriverJobDiscovery normal arm64 Compiling ContentView.swift, OffshoreBudgetingApp.swift, Workspace+CoreDataClass.swift, Workspace+CoreDataProperties.swift, Budget+CoreDataClass.swift, Budget+CoreDataProperties.swift (in target 'OffshoreBudgeting' from project 'Offshore')

SwiftCompile normal arm64 Compiling\ CoreDataListObserver.swift /Users/Michael/Xcode\ iOS/Offshore/OffshoreBudgeting/Resources/CoreDataListObserver.swift (in target 'OffshoreBudgeting' from project 'Offshore')

SwiftCompile normal arm64 /Users/Michael/Xcode\ iOS/Offshore/OffshoreBudgeting/Resources/CoreDataListObserver.swift (in target 'OffshoreBudgeting' from project 'Offshore')
    cd /Users/Michael/Xcode\ iOS/Offshore
    

SwiftDriverJobDiscovery normal arm64 Compiling GeneratedAssetSymbols.swift (in target 'OffshoreBudgeting' from project 'Offshore')

SwiftCompile normal arm64 Compiling\ PlannedExpense+CoreDataProperties.swift /Users/Michael/Library/Developer/Xcode/DerivedData/Offshore-dzckiklseaojwietsvvieqpkcqwy/Build/Intermediates.noindex/Offshore.build/Debug-iphoneos/OffshoreBudgeting.build/DerivedSources/CoreDataGenerated/OffshoreBudgetingModel/PlannedExpense+CoreDataProperties.swift (in target 'OffshoreBudgeting' from project 'Offshore')

SwiftCompile normal arm64 /Users/Michael/Library/Developer/Xcode/DerivedData/Offshore-dzckiklseaojwietsvvieqpkcqwy/Build/Intermediates.noindex/Offshore.build/Debug-iphoneos/OffshoreBudgeting.build/DerivedSources/CoreDataGenerated/OffshoreBudgetingModel/PlannedExpense+CoreDataProperties.swift (in target 'OffshoreBudgeting' from project 'Offshore')
    cd /Users/Michael/Xcode\ iOS/Offshore
    

SwiftDriverJobDiscovery normal arm64 Compiling DataRevisionEnvironment.swift (in target 'OffshoreBudgeting' from project 'Offshore')

SwiftCompile normal arm64 Compiling\ CardService.swift /Users/Michael/Xcode\ iOS/Offshore/OffshoreBudgeting/Services/CardService.swift (in target 'OffshoreBudgeting' from project 'Offshore')

SwiftCompile normal arm64 /Users/Michael/Xcode\ iOS/Offshore/OffshoreBudgeting/Services/CardService.swift (in target 'OffshoreBudgeting' from project 'Offshore')
    cd /Users/Michael/Xcode\ iOS/Offshore
    

SwiftDriverJobDiscovery normal arm64 Compiling CloudSyncAccelerator.swift (in target 'OffshoreBudgeting' from project 'Offshore')

SwiftCompile normal arm64 Compiling\ CoreDataEntityChangeMonitor.swift /Users/Michael/Xcode\ iOS/Offshore/OffshoreBudgeting/Resources/CoreDataEntityChangeMonitor.swift (in target 'OffshoreBudgeting' from project 'Offshore')

SwiftCompile normal arm64 /Users/Michael/Xcode\ iOS/Offshore/OffshoreBudgeting/Resources/CoreDataEntityChangeMonitor.swift (in target 'OffshoreBudgeting' from project 'Offshore')
    cd /Users/Michael/Xcode\ iOS/Offshore
    

SwiftDriverJobDiscovery normal arm64 Compiling CardItem+CoreDataBridge.swift (in target 'OffshoreBudgeting' from project 'Offshore')

SwiftCompile normal arm64 Compiling\ CloudAccountStatusProvider.swift /Users/Michael/Xcode\ iOS/Offshore/OffshoreBudgeting/Services/CloudAccountStatusProvider.swift (in target 'OffshoreBudgeting' from project 'Offshore')

SwiftCompile normal arm64 /Users/Michael/Xcode\ iOS/Offshore/OffshoreBudgeting/Services/CloudAccountStatusProvider.swift (in target 'OffshoreBudgeting' from project 'Offshore')
    cd /Users/Michael/Xcode\ iOS/Offshore
    

SwiftDriverJobDiscovery normal arm64 Compiling BudgetPeriod.swift (in target 'OffshoreBudgeting' from project 'Offshore')

SwiftCompile normal arm64 Compiling\ CloudDataProbe.swift /Users/Michael/Xcode\ iOS/Offshore/OffshoreBudgeting/Services/CloudDataProbe.swift (in target 'OffshoreBudgeting' from project 'Offshore')

SwiftCompile normal arm64 /Users/Michael/Xcode\ iOS/Offshore/OffshoreBudgeting/Services/CloudDataProbe.swift (in target 'OffshoreBudgeting' from project 'Offshore')
    cd /Users/Michael/Xcode\ iOS/Offshore
    

SwiftDriverJobDiscovery normal arm64 Compiling BudgetIncomeCalculator.swift (in target 'OffshoreBudgeting' from project 'Offshore')

SwiftCompile normal arm64 Compiling\ CloudSyncMonitor.swift /Users/Michael/Xcode\ iOS/Offshore/OffshoreBudgeting/Services/CloudSyncMonitor.swift (in target 'OffshoreBudgeting' from project 'Offshore')

SwiftCompile normal arm64 /Users/Michael/Xcode\ iOS/Offshore/OffshoreBudgeting/Services/CloudSyncMonitor.swift (in target 'OffshoreBudgeting' from project 'Offshore')
    cd /Users/Michael/Xcode\ iOS/Offshore
    

SwiftDriverJobDiscovery normal arm64 Compiling HolographicMetallicText.swift (in target 'OffshoreBudgeting' from project 'Offshore')

SwiftCompile normal arm64 Compiling\ Card+CoreDataProperties.swift /Users/Michael/Library/Developer/Xcode/DerivedData/Offshore-dzckiklseaojwietsvvieqpkcqwy/Build/Intermediates.noindex/Offshore.build/Debug-iphoneos/OffshoreBudgeting.build/DerivedSources/CoreDataGenerated/OffshoreBudgetingModel/Card+CoreDataProperties.swift (in target 'OffshoreBudgeting' from project 'Offshore')

SwiftCompile normal arm64 /Users/Michael/Library/Developer/Xcode/DerivedData/Offshore-dzckiklseaojwietsvvieqpkcqwy/Build/Intermediates.noindex/Offshore.build/Debug-iphoneos/OffshoreBudgeting.build/DerivedSources/CoreDataGenerated/OffshoreBudgetingModel/Card+CoreDataProperties.swift (in target 'OffshoreBudgeting' from project 'Offshore')
    cd /Users/Michael/Xcode\ iOS/Offshore
    

SwiftDriverJobDiscovery normal arm64 Compiling CoreDataListObserver.swift (in target 'OffshoreBudgeting' from project 'Offshore')

SwiftCompile normal arm64 Compiling\ CloudDataRemoteProbe.swift /Users/Michael/Xcode\ iOS/Offshore/OffshoreBudgeting/Services/CloudDataRemoteProbe.swift (in target 'OffshoreBudgeting' from project 'Offshore')

SwiftCompile normal arm64 /Users/Michael/Xcode\ iOS/Offshore/OffshoreBudgeting/Services/CloudDataRemoteProbe.swift (in target 'OffshoreBudgeting' from project 'Offshore')
    cd /Users/Michael/Xcode\ iOS/Offshore
    

SwiftDriverJobDiscovery normal arm64 Compiling PlannedExpense+CoreDataProperties.swift (in target 'OffshoreBudgeting' from project 'Offshore')

SwiftDriverJobDiscovery normal arm64 Compiling CardService.swift (in target 'OffshoreBudgeting' from project 'Offshore')

SwiftDriverJobDiscovery normal arm64 Compiling CoreDataEntityChangeMonitor.swift (in target 'OffshoreBudgeting' from project 'Offshore')

SwiftDriverJobDiscovery normal arm64 Compiling CloudDataProbe.swift (in target 'OffshoreBudgeting' from project 'Offshore')

SwiftDriverJobDiscovery normal arm64 Compiling Card+CoreDataProperties.swift (in target 'OffshoreBudgeting' from project 'Offshore')

SwiftDriverJobDiscovery normal arm64 Emitting module for Offshore (in target 'OffshoreBudgeting' from project 'Offshore')

SwiftDriver\ Compilation\ Requirements OffshoreBudgeting normal arm64 com.apple.xcode.tools.swift.compiler (in target 'OffshoreBudgeting' from project 'Offshore')
    cd /Users/Michael/Xcode\ iOS/Offshore
    builtin-Swift-Compilation-Requirements -- /Applications/Xcode.app/Contents/Developer/Toolchains/XcodeDefault.xctoolchain/usr/bin/swiftc -module-name Offshore -Onone -enforce-exclusivity\=checked @/Users/Michael/Library/Developer/Xcode/DerivedData/Offshore-dzckiklseaojwietsvvieqpkcqwy/Build/Intermediates.noindex/Offshore.build/Debug-iphoneos/OffshoreBudgeting.build/Objects-normal/arm64/Offshore.SwiftFileList -DDEBUG -enable-bare-slash-regex -enable-experimental-feature DebugDescriptionMacro -sdk /Applications/Xcode.app/Contents/Developer/Platforms/iPhoneOS.platform/Developer/SDKs/iPhoneOS26.0.sdk -target arm64-apple-ios16.6 -g -module-cache-path /Users/Michael/Library/Developer/Xcode/DerivedData/ModuleCache.noindex -Xfrontend -serialize-debugging-options -profile-coverage-mapping -profile-generate -enable-testing -index-store-path /Users/Michael/Library/Developer/Xcode/DerivedData/Offshore-dzckiklseaojwietsvvieqpkcqwy/Index.noindex/DataStore -Xcc -D_LIBCPP_HARDENING_MODE\=_LIBCPP_HARDENING_MODE_DEBUG -swift-version 5 -I /Users/Michael/Library/Developer/Xcode/DerivedData/Offshore-dzckiklseaojwietsvvieqpkcqwy/Build/Products/Debug-iphoneos -F /Users/Michael/Library/Developer/Xcode/DerivedData/Offshore-dzckiklseaojwietsvvieqpkcqwy/Build/Products/Debug-iphoneos/PackageFrameworks -F /Users/Michael/Library/Developer/Xcode/DerivedData/Offshore-dzckiklseaojwietsvvieqpkcqwy/Build/Products/Debug-iphoneos -emit-localized-strings -emit-localized-strings-path /Users/Michael/Library/Developer/Xcode/DerivedData/Offshore-dzckiklseaojwietsvvieqpkcqwy/Build/Intermediates.noindex/Offshore.build/Debug-iphoneos/OffshoreBudgeting.build/Objects-normal/arm64 -c -j16 -enable-batch-mode -incremental -Xcc -ivfsstatcache -Xcc /Users/Michael/Library/Developer/Xcode/DerivedData/SDKStatCaches.noindex/iphoneos26.0-23A339-81ce72e5b06c9602b9d30b56f2eed08a.sdkstatcache -output-file-map /Users/Michael/Library/Developer/Xcode/DerivedData/Offshore-dzckiklseaojwietsvvieqpkcqwy/Build/Intermediates.noindex/Offshore.build/Debug-iphoneos/OffshoreBudgeting.build/Objects-normal/arm64/OffshoreBudgeting-OutputFileMap.json -use-frontend-parseable-output -save-temps -no-color-diagnostics -explicit-module-build -module-cache-path /Users/Michael/Library/Developer/Xcode/DerivedData/Offshore-dzckiklseaojwietsvvieqpkcqwy/Build/Intermediates.noindex/SwiftExplicitPrecompiledModules -clang-scanner-module-cache-path /Users/Michael/Library/Developer/Xcode/DerivedData/ModuleCache.noindex -sdk-module-cache-path /Users/Michael/Library/Developer/Xcode/DerivedData/ModuleCache.noindex -serialize-diagnostics -emit-dependencies -emit-module -emit-module-path /Users/Michael/Library/Developer/Xcode/DerivedData/Offshore-dzckiklseaojwietsvvieqpkcqwy/Build/Intermediates.noindex/Offshore.build/Debug-iphoneos/OffshoreBudgeting.build/Objects-normal/arm64/Offshore.swiftmodule -validate-clang-modules-once -clang-build-session-file /Users/Michael/Library/Developer/Xcode/DerivedData/ModuleCache.noindex/Session.modulevalidation -Xcc -I/Users/Michael/Library/Developer/Xcode/DerivedData/Offshore-dzckiklseaojwietsvvieqpkcqwy/Build/Intermediates.noindex/Offshore.build/Debug-iphoneos/OffshoreBudgeting.build/swift-overrides.hmap -emit-const-values -Xfrontend -const-gather-protocols-file -Xfrontend /Users/Michael/Library/Developer/Xcode/DerivedData/Offshore-dzckiklseaojwietsvvieqpkcqwy/Build/Intermediates.noindex/Offshore.build/Debug-iphoneos/OffshoreBudgeting.build/Objects-normal/arm64/OffshoreBudgeting_const_extract_protocols.json -Xcc -iquote -Xcc /Users/Michael/Library/Developer/Xcode/DerivedData/Offshore-dzckiklseaojwietsvvieqpkcqwy/Build/Intermediates.noindex/Offshore.build/Debug-iphoneos/OffshoreBudgeting.build/Offshore-generated-files.hmap -Xcc -I/Users/Michael/Library/Developer/Xcode/DerivedData/Offshore-dzckiklseaojwietsvvieqpkcqwy/Build/Intermediates.noindex/Offshore.build/Debug-iphoneos/OffshoreBudgeting.build/Offshore-own-target-headers.hmap -Xcc -I/Users/Michael/Library/Developer/Xcode/DerivedData/Offshore-dzckiklseaojwietsvvieqpkcqwy/Build/Intermediates.noindex/Offshore.build/Debug-iphoneos/OffshoreBudgeting.build/Offshore-all-non-framework-target-headers.hmap -Xcc -ivfsoverlay -Xcc /Users/Michael/Library/Developer/Xcode/DerivedData/Offshore-dzckiklseaojwietsvvieqpkcqwy/Build/Intermediates.noindex/Offshore.build/Debug-iphoneos/Offshore-18b78ca503141e196a11e3deb683abb3-VFS-iphoneos/all-product-headers.yaml -Xcc -iquote -Xcc /Users/Michael/Library/Developer/Xcode/DerivedData/Offshore-dzckiklseaojwietsvvieqpkcqwy/Build/Intermediates.noindex/Offshore.build/Debug-iphoneos/OffshoreBudgeting.build/Offshore-project-headers.hmap -Xcc -I/Users/Michael/Library/Developer/Xcode/DerivedData/Offshore-dzckiklseaojwietsvvieqpkcqwy/Build/Products/Debug-iphoneos/include -Xcc -I/Users/Michael/Library/Developer/Xcode/DerivedData/Offshore-dzckiklseaojwietsvvieqpkcqwy/Build/Intermediates.noindex/Offshore.build/Debug-iphoneos/OffshoreBudgeting.build/DerivedSources-normal/arm64 -Xcc -I/Users/Michael/Library/Developer/Xcode/DerivedData/Offshore-dzckiklseaojwietsvvieqpkcqwy/Build/Intermediates.noindex/Offshore.build/Debug-iphoneos/OffshoreBudgeting.build/DerivedSources/arm64 -Xcc -I/Users/Michael/Library/Developer/Xcode/DerivedData/Offshore-dzckiklseaojwietsvvieqpkcqwy/Build/Intermediates.noindex/Offshore.build/Debug-iphoneos/OffshoreBudgeting.build/DerivedSources -Xcc -DDEBUG\=1 -emit-objc-header -emit-objc-header-path /Users/Michael/Library/Developer/Xcode/DerivedData/Offshore-dzckiklseaojwietsvvieqpkcqwy/Build/Intermediates.noindex/Offshore.build/Debug-iphoneos/OffshoreBudgeting.build/Objects-normal/arm64/Offshore-Swift.h -working-directory /Users/Michael/Xcode\ iOS/Offshore -experimental-emit-module-separately -disable-cmo

Copy /Users/Michael/Library/Developer/Xcode/DerivedData/Offshore-dzckiklseaojwietsvvieqpkcqwy/Build/Products/Debug-iphoneos/Offshore.swiftmodule/arm64-apple-ios.swiftdoc /Users/Michael/Library/Developer/Xcode/DerivedData/Offshore-dzckiklseaojwietsvvieqpkcqwy/Build/Intermediates.noindex/Offshore.build/Debug-iphoneos/OffshoreBudgeting.build/Objects-normal/arm64/Offshore.swiftdoc (in target 'OffshoreBudgeting' from project 'Offshore')
    cd /Users/Michael/Xcode\ iOS/Offshore
    builtin-copy -exclude .DS_Store -exclude CVS -exclude .svn -exclude .git -exclude .hg -resolve-src-symlinks -rename /Users/Michael/Library/Developer/Xcode/DerivedData/Offshore-dzckiklseaojwietsvvieqpkcqwy/Build/Intermediates.noindex/Offshore.build/Debug-iphoneos/OffshoreBudgeting.build/Objects-normal/arm64/Offshore.swiftdoc /Users/Michael/Library/Developer/Xcode/DerivedData/Offshore-dzckiklseaojwietsvvieqpkcqwy/Build/Products/Debug-iphoneos/Offshore.swiftmodule/arm64-apple-ios.swiftdoc

Copy /Users/Michael/Library/Developer/Xcode/DerivedData/Offshore-dzckiklseaojwietsvvieqpkcqwy/Build/Products/Debug-iphoneos/Offshore.swiftmodule/arm64-apple-ios.swiftmodule /Users/Michael/Library/Developer/Xcode/DerivedData/Offshore-dzckiklseaojwietsvvieqpkcqwy/Build/Intermediates.noindex/Offshore.build/Debug-iphoneos/OffshoreBudgeting.build/Objects-normal/arm64/Offshore.swiftmodule (in target 'OffshoreBudgeting' from project 'Offshore')
    cd /Users/Michael/Xcode\ iOS/Offshore
    builtin-copy -exclude .DS_Store -exclude CVS -exclude .svn -exclude .git -exclude .hg -resolve-src-symlinks -rename /Users/Michael/Library/Developer/Xcode/DerivedData/Offshore-dzckiklseaojwietsvvieqpkcqwy/Build/Intermediates.noindex/Offshore.build/Debug-iphoneos/OffshoreBudgeting.build/Objects-normal/arm64/Offshore.swiftmodule /Users/Michael/Library/Developer/Xcode/DerivedData/Offshore-dzckiklseaojwietsvvieqpkcqwy/Build/Products/Debug-iphoneos/Offshore.swiftmodule/arm64-apple-ios.swiftmodule

Copy /Users/Michael/Library/Developer/Xcode/DerivedData/Offshore-dzckiklseaojwietsvvieqpkcqwy/Build/Products/Debug-iphoneos/Offshore.swiftmodule/arm64-apple-ios.abi.json /Users/Michael/Library/Developer/Xcode/DerivedData/Offshore-dzckiklseaojwietsvvieqpkcqwy/Build/Intermediates.noindex/Offshore.build/Debug-iphoneos/OffshoreBudgeting.build/Objects-normal/arm64/Offshore.abi.json (in target 'OffshoreBudgeting' from project 'Offshore')
    cd /Users/Michael/Xcode\ iOS/Offshore
    builtin-copy -exclude .DS_Store -exclude CVS -exclude .svn -exclude .git -exclude .hg -resolve-src-symlinks -rename /Users/Michael/Library/Developer/Xcode/DerivedData/Offshore-dzckiklseaojwietsvvieqpkcqwy/Build/Intermediates.noindex/Offshore.build/Debug-iphoneos/OffshoreBudgeting.build/Objects-normal/arm64/Offshore.abi.json /Users/Michael/Library/Developer/Xcode/DerivedData/Offshore-dzckiklseaojwietsvvieqpkcqwy/Build/Products/Debug-iphoneos/Offshore.swiftmodule/arm64-apple-ios.abi.json

Copy /Users/Michael/Library/Developer/Xcode/DerivedData/Offshore-dzckiklseaojwietsvvieqpkcqwy/Build/Products/Debug-iphoneos/Offshore.swiftmodule/Project/arm64-apple-ios.swiftsourceinfo /Users/Michael/Library/Developer/Xcode/DerivedData/Offshore-dzckiklseaojwietsvvieqpkcqwy/Build/Intermediates.noindex/Offshore.build/Debug-iphoneos/OffshoreBudgeting.build/Objects-normal/arm64/Offshore.swiftsourceinfo (in target 'OffshoreBudgeting' from project 'Offshore')
    cd /Users/Michael/Xcode\ iOS/Offshore
    builtin-copy -exclude .DS_Store -exclude CVS -exclude .svn -exclude .git -exclude .hg -resolve-src-symlinks -rename /Users/Michael/Library/Developer/Xcode/DerivedData/Offshore-dzckiklseaojwietsvvieqpkcqwy/Build/Intermediates.noindex/Offshore.build/Debug-iphoneos/OffshoreBudgeting.build/Objects-normal/arm64/Offshore.swiftsourceinfo /Users/Michael/Library/Developer/Xcode/DerivedData/Offshore-dzckiklseaojwietsvvieqpkcqwy/Build/Products/Debug-iphoneos/Offshore.swiftmodule/Project/arm64-apple-ios.swiftsourceinfo

SwiftDriverJobDiscovery normal arm64 Compiling CloudDataRemoteProbe.swift (in target 'OffshoreBudgeting' from project 'Offshore')

SwiftDriverJobDiscovery normal arm64 Compiling CloudAccountStatusProvider.swift (in target 'OffshoreBudgeting' from project 'Offshore')

SwiftDriverJobDiscovery normal arm64 Compiling CloudSyncMonitor.swift (in target 'OffshoreBudgeting' from project 'Offshore')

SwiftDriverJobDiscovery normal arm64 Compiling CardTheme.swift, Compatibility.swift, DataChangeDebounce.swift, DesignSystem.swift, DesignSystem+Motion.swift, GuidedWalkthroughManager.swift (in target 'OffshoreBudgeting' from project 'Offshore')

SwiftCompile normal arm64 Compiling\ CardItem.swift /Users/Michael/Xcode\ iOS/Offshore/OffshoreBudgeting/Models/CardItem.swift (in target 'OffshoreBudgeting' from project 'Offshore')

SwiftCompile normal arm64 /Users/Michael/Xcode\ iOS/Offshore/OffshoreBudgeting/Models/CardItem.swift (in target 'OffshoreBudgeting' from project 'Offshore')
    cd /Users/Michael/Xcode\ iOS/Offshore
    

SwiftDriverJobDiscovery normal arm64 Compiling ManageBudgetCardsSheet.swift, ManageBudgetPresetsSheet.swift, OnboardingView.swift, PresetBudgetAssignmentSheet.swift, PresetRowView.swift, PresetsView.swift (in target 'OffshoreBudgeting' from project 'Offshore')

SwiftDriverJobDiscovery normal arm64 Compiling CardPickerRow.swift, CardsView.swift, CardTileView.swift, CategoryChipStyle.swift, CloudSyncGateView.swift, CustomRecurrenceEditorView.swift (in target 'OffshoreBudgeting' from project 'Offshore')

SwiftDriverJobDiscovery normal arm64 Compiling CardItem.swift (in target 'OffshoreBudgeting' from project 'Offshore')

SwiftDriverJobDiscovery normal arm64 Compiling RecurrencePickerView.swift, RenameCardSheet.swift, SettingsView.swift, SidebarViewController.swift, UBEmptyState.swift, WorkspaceSetupView.swift (in target 'OffshoreBudgeting' from project 'Offshore')

SwiftDriverJobDiscovery normal arm64 Compiling HomeViewModel.swift, IncomeScreenViewModel.swift, PresetsViewModel.swift, SettingsViewModel.swift, Buttons.swift, CalendarNavigationButtonStyle.swift (in target 'OffshoreBudgeting' from project 'Offshore')

SwiftDriverJobDiscovery normal arm64 Compiling AddPlannedExpenseViewModel.swift, AddUnplannedExpenseViewModel.swift, BudgetDetailsViewModel.swift, BudgetDetailsViewModelStore.swift, CardDetailViewModel.swift, CardsViewModel.swift (in target 'OffshoreBudgeting' from project 'Offshore')

SwiftDriverJobDiscovery normal arm64 Compiling AddCardFormView.swift, AddIncomeFormView.swift, AddPlannedExpenseView.swift, AddUnplannedExpenseView.swift, CardDetailView.swift, CardPickerItemTile.swift (in target 'OffshoreBudgeting' from project 'Offshore')

SwiftDriverJobDiscovery normal arm64 Compiling EditCategoryCapsView.swift, ExpenseCategoryManagerView.swift, HelpView.swift, HomeView.swift, IncomeEditorView.swift, IncomeView.swift (in target 'OffshoreBudgeting' from project 'Offshore')

SwiftDriver\ Compilation OffshoreBudgeting normal arm64 com.apple.xcode.tools.swift.compiler (in target 'OffshoreBudgeting' from project 'Offshore')
    cd /Users/Michael/Xcode\ iOS/Offshore
    builtin-Swift-Compilation -- /Applications/Xcode.app/Contents/Developer/Toolchains/XcodeDefault.xctoolchain/usr/bin/swiftc -module-name Offshore -Onone -enforce-exclusivity\=checked @/Users/Michael/Library/Developer/Xcode/DerivedData/Offshore-dzckiklseaojwietsvvieqpkcqwy/Build/Intermediates.noindex/Offshore.build/Debug-iphoneos/OffshoreBudgeting.build/Objects-normal/arm64/Offshore.SwiftFileList -DDEBUG -enable-bare-slash-regex -enable-experimental-feature DebugDescriptionMacro -sdk /Applications/Xcode.app/Contents/Developer/Platforms/iPhoneOS.platform/Developer/SDKs/iPhoneOS26.0.sdk -target arm64-apple-ios16.6 -g -module-cache-path /Users/Michael/Library/Developer/Xcode/DerivedData/ModuleCache.noindex -Xfrontend -serialize-debugging-options -profile-coverage-mapping -profile-generate -enable-testing -index-store-path /Users/Michael/Library/Developer/Xcode/DerivedData/Offshore-dzckiklseaojwietsvvieqpkcqwy/Index.noindex/DataStore -Xcc -D_LIBCPP_HARDENING_MODE\=_LIBCPP_HARDENING_MODE_DEBUG -swift-version 5 -I /Users/Michael/Library/Developer/Xcode/DerivedData/Offshore-dzckiklseaojwietsvvieqpkcqwy/Build/Products/Debug-iphoneos -F /Users/Michael/Library/Developer/Xcode/DerivedData/Offshore-dzckiklseaojwietsvvieqpkcqwy/Build/Products/Debug-iphoneos/PackageFrameworks -F /Users/Michael/Library/Developer/Xcode/DerivedData/Offshore-dzckiklseaojwietsvvieqpkcqwy/Build/Products/Debug-iphoneos -emit-localized-strings -emit-localized-strings-path /Users/Michael/Library/Developer/Xcode/DerivedData/Offshore-dzckiklseaojwietsvvieqpkcqwy/Build/Intermediates.noindex/Offshore.build/Debug-iphoneos/OffshoreBudgeting.build/Objects-normal/arm64 -c -j16 -enable-batch-mode -incremental -Xcc -ivfsstatcache -Xcc /Users/Michael/Library/Developer/Xcode/DerivedData/SDKStatCaches.noindex/iphoneos26.0-23A339-81ce72e5b06c9602b9d30b56f2eed08a.sdkstatcache -output-file-map /Users/Michael/Library/Developer/Xcode/DerivedData/Offshore-dzckiklseaojwietsvvieqpkcqwy/Build/Intermediates.noindex/Offshore.build/Debug-iphoneos/OffshoreBudgeting.build/Objects-normal/arm64/OffshoreBudgeting-OutputFileMap.json -use-frontend-parseable-output -save-temps -no-color-diagnostics -explicit-module-build -module-cache-path /Users/Michael/Library/Developer/Xcode/DerivedData/Offshore-dzckiklseaojwietsvvieqpkcqwy/Build/Intermediates.noindex/SwiftExplicitPrecompiledModules -clang-scanner-module-cache-path /Users/Michael/Library/Developer/Xcode/DerivedData/ModuleCache.noindex -sdk-module-cache-path /Users/Michael/Library/Developer/Xcode/DerivedData/ModuleCache.noindex -serialize-diagnostics -emit-dependencies -emit-module -emit-module-path /Users/Michael/Library/Developer/Xcode/DerivedData/Offshore-dzckiklseaojwietsvvieqpkcqwy/Build/Intermediates.noindex/Offshore.build/Debug-iphoneos/OffshoreBudgeting.build/Objects-normal/arm64/Offshore.swiftmodule -validate-clang-modules-once -clang-build-session-file /Users/Michael/Library/Developer/Xcode/DerivedData/ModuleCache.noindex/Session.modulevalidation -Xcc -I/Users/Michael/Library/Developer/Xcode/DerivedData/Offshore-dzckiklseaojwietsvvieqpkcqwy/Build/Intermediates.noindex/Offshore.build/Debug-iphoneos/OffshoreBudgeting.build/swift-overrides.hmap -emit-const-values -Xfrontend -const-gather-protocols-file -Xfrontend /Users/Michael/Library/Developer/Xcode/DerivedData/Offshore-dzckiklseaojwietsvvieqpkcqwy/Build/Intermediates.noindex/Offshore.build/Debug-iphoneos/OffshoreBudgeting.build/Objects-normal/arm64/OffshoreBudgeting_const_extract_protocols.json -Xcc -iquote -Xcc /Users/Michael/Library/Developer/Xcode/DerivedData/Offshore-dzckiklseaojwietsvvieqpkcqwy/Build/Intermediates.noindex/Offshore.build/Debug-iphoneos/OffshoreBudgeting.build/Offshore-generated-files.hmap -Xcc -I/Users/Michael/Library/Developer/Xcode/DerivedData/Offshore-dzckiklseaojwietsvvieqpkcqwy/Build/Intermediates.noindex/Offshore.build/Debug-iphoneos/OffshoreBudgeting.build/Offshore-own-target-headers.hmap -Xcc -I/Users/Michael/Library/Developer/Xcode/DerivedData/Offshore-dzckiklseaojwietsvvieqpkcqwy/Build/Intermediates.noindex/Offshore.build/Debug-iphoneos/OffshoreBudgeting.build/Offshore-all-non-framework-target-headers.hmap -Xcc -ivfsoverlay -Xcc /Users/Michael/Library/Developer/Xcode/DerivedData/Offshore-dzckiklseaojwietsvvieqpkcqwy/Build/Intermediates.noindex/Offshore.build/Debug-iphoneos/Offshore-18b78ca503141e196a11e3deb683abb3-VFS-iphoneos/all-product-headers.yaml -Xcc -iquote -Xcc /Users/Michael/Library/Developer/Xcode/DerivedData/Offshore-dzckiklseaojwietsvvieqpkcqwy/Build/Intermediates.noindex/Offshore.build/Debug-iphoneos/OffshoreBudgeting.build/Offshore-project-headers.hmap -Xcc -I/Users/Michael/Library/Developer/Xcode/DerivedData/Offshore-dzckiklseaojwietsvvieqpkcqwy/Build/Products/Debug-iphoneos/include -Xcc -I/Users/Michael/Library/Developer/Xcode/DerivedData/Offshore-dzckiklseaojwietsvvieqpkcqwy/Build/Intermediates.noindex/Offshore.build/Debug-iphoneos/OffshoreBudgeting.build/DerivedSources-normal/arm64 -Xcc -I/Users/Michael/Library/Developer/Xcode/DerivedData/Offshore-dzckiklseaojwietsvvieqpkcqwy/Build/Intermediates.noindex/Offshore.build/Debug-iphoneos/OffshoreBudgeting.build/DerivedSources/arm64 -Xcc -I/Users/Michael/Library/Developer/Xcode/DerivedData/Offshore-dzckiklseaojwietsvvieqpkcqwy/Build/Intermediates.noindex/Offshore.build/Debug-iphoneos/OffshoreBudgeting.build/DerivedSources -Xcc -DDEBUG\=1 -emit-objc-header -emit-objc-header-path /Users/Michael/Library/Developer/Xcode/DerivedData/Offshore-dzckiklseaojwietsvvieqpkcqwy/Build/Intermediates.noindex/Offshore.build/Debug-iphoneos/OffshoreBudgeting.build/Objects-normal/arm64/Offshore-Swift.h -working-directory /Users/Michael/Xcode\ iOS/Offshore -experimental-emit-module-separately -disable-cmo

Ld /Users/Michael/Library/Developer/Xcode/DerivedData/Offshore-dzckiklseaojwietsvvieqpkcqwy/Build/Products/Debug-iphoneos/Offshore.app/Offshore.debug.dylib normal (in target 'OffshoreBudgeting' from project 'Offshore')
    cd /Users/Michael/Xcode\ iOS/Offshore
    /Applications/Xcode.app/Contents/Developer/Toolchains/XcodeDefault.xctoolchain/usr/bin/clang -Xlinker -reproducible -target arm64-apple-ios16.6 -dynamiclib -isysroot /Applications/Xcode.app/Contents/Developer/Platforms/iPhoneOS.platform/Developer/SDKs/iPhoneOS26.0.sdk -O0 -L/Users/Michael/Library/Developer/Xcode/DerivedData/Offshore-dzckiklseaojwietsvvieqpkcqwy/Build/Intermediates.noindex/EagerLinkingTBDs/Debug-iphoneos -L/Users/Michael/Library/Developer/Xcode/DerivedData/Offshore-dzckiklseaojwietsvvieqpkcqwy/Build/Products/Debug-iphoneos -F/Users/Michael/Library/Developer/Xcode/DerivedData/Offshore-dzckiklseaojwietsvvieqpkcqwy/Build/Intermediates.noindex/EagerLinkingTBDs/Debug-iphoneos -F/Users/Michael/Library/Developer/Xcode/DerivedData/Offshore-dzckiklseaojwietsvvieqpkcqwy/Build/Products/Debug-iphoneos/PackageFrameworks -F/Users/Michael/Library/Developer/Xcode/DerivedData/Offshore-dzckiklseaojwietsvvieqpkcqwy/Build/Products/Debug-iphoneos -filelist /Users/Michael/Library/Developer/Xcode/DerivedData/Offshore-dzckiklseaojwietsvvieqpkcqwy/Build/Intermediates.noindex/Offshore.build/Debug-iphoneos/OffshoreBudgeting.build/Objects-normal/arm64/Offshore.LinkFileList -install_name @rpath/Offshore.debug.dylib -Xlinker -rpath -Xlinker /usr/lib/swift -Xlinker -rpath -Xlinker /Users/Michael/Library/Developer/Xcode/DerivedData/Offshore-dzckiklseaojwietsvvieqpkcqwy/Build/Products/Debug-iphoneos/PackageFrameworks -Xlinker -rpath -Xlinker @executable_path/Frameworks -dead_strip -Xlinker -object_path_lto -Xlinker /Users/Michael/Library/Developer/Xcode/DerivedData/Offshore-dzckiklseaojwietsvvieqpkcqwy/Build/Intermediates.noindex/Offshore.build/Debug-iphoneos/OffshoreBudgeting.build/Objects-normal/arm64/Offshore_lto.o -rdynamic -Xlinker -no_deduplicate -Xlinker -debug_variant -Xlinker -dependency_info -Xlinker /Users/Michael/Library/Developer/Xcode/DerivedData/Offshore-dzckiklseaojwietsvvieqpkcqwy/Build/Intermediates.noindex/Offshore.build/Debug-iphoneos/OffshoreBudgeting.build/Objects-normal/arm64/Offshore_dependency_info.dat -fobjc-link-runtime -fprofile-instr-generate -L/Applications/Xcode.app/Contents/Developer/Toolchains/XcodeDefault.xctoolchain/usr/lib/swift/iphoneos -L/usr/lib/swift -Xlinker -add_ast_path -Xlinker /Users/Michael/Library/Developer/Xcode/DerivedData/Offshore-dzckiklseaojwietsvvieqpkcqwy/Build/Intermediates.noindex/Offshore.build/Debug-iphoneos/OffshoreBudgeting.build/Objects-normal/arm64/Offshore.swiftmodule @/Users/Michael/Library/Developer/Xcode/DerivedData/Offshore-dzckiklseaojwietsvvieqpkcqwy/Build/Intermediates.noindex/Offshore.build/Debug-iphoneos/OffshoreBudgeting.build/Objects-normal/arm64/Offshore-linker-args.resp -Wl,-no_warn_duplicate_libraries -Xlinker -alias -Xlinker _main -Xlinker ___debug_main_executable_dylib_entry_point -o /Users/Michael/Library/Developer/Xcode/DerivedData/Offshore-dzckiklseaojwietsvvieqpkcqwy/Build/Products/Debug-iphoneos/Offshore.app/Offshore.debug.dylib -Xlinker -add_ast_path -Xlinker /Users/Michael/Library/Developer/Xcode/DerivedData/Offshore-dzckiklseaojwietsvvieqpkcqwy/Build/Intermediates.noindex/MijickCalendarView.build/Debug-iphoneos/MijickCalendarView.build/Objects-normal/arm64/MijickCalendarView.swiftmodule @/Users/Michael/Library/Developer/Xcode/DerivedData/Offshore-dzckiklseaojwietsvvieqpkcqwy/Build/Intermediates.noindex/MijickCalendarView.build/Debug-iphoneos/MijickCalendarView.build/Objects-normal/arm64/MijickCalendarView-linker-args.resp

ConstructStubExecutorLinkFileList /Users/Michael/Library/Developer/Xcode/DerivedData/Offshore-dzckiklseaojwietsvvieqpkcqwy/Build/Intermediates.noindex/Offshore.build/Debug-iphoneos/OffshoreBudgeting.build/Offshore-ExecutorLinkFileList-normal-arm64.txt (in target 'OffshoreBudgeting' from project 'Offshore')
    cd /Users/Michael/Xcode\ iOS/Offshore
    construct-stub-executor-link-file-list /Users/Michael/Library/Developer/Xcode/DerivedData/Offshore-dzckiklseaojwietsvvieqpkcqwy/Build/Products/Debug-iphoneos/Offshore.app/Offshore.debug.dylib /Applications/Xcode.app/Contents/Developer/Platforms/iPhoneOS.platform/Developer/usr/lib/libPreviewsJITStubExecutor_no_swift_entry_point.a /Applications/Xcode.app/Contents/Developer/Platforms/iPhoneOS.platform/Developer/usr/lib/libPreviewsJITStubExecutor.a --output /Users/Michael/Library/Developer/Xcode/DerivedData/Offshore-dzckiklseaojwietsvvieqpkcqwy/Build/Intermediates.noindex/Offshore.build/Debug-iphoneos/OffshoreBudgeting.build/Offshore-ExecutorLinkFileList-normal-arm64.txt
note: Using stub executor library with Swift entry point. (in target 'OffshoreBudgeting' from project 'Offshore')

Ld /Users/Michael/Library/Developer/Xcode/DerivedData/Offshore-dzckiklseaojwietsvvieqpkcqwy/Build/Products/Debug-iphoneos/Offshore.app/Offshore normal (in target 'OffshoreBudgeting' from project 'Offshore')
    cd /Users/Michael/Xcode\ iOS/Offshore
    /Applications/Xcode.app/Contents/Developer/Toolchains/XcodeDefault.xctoolchain/usr/bin/clang -Xlinker -reproducible -target arm64-apple-ios16.6 -isysroot /Applications/Xcode.app/Contents/Developer/Platforms/iPhoneOS.platform/Developer/SDKs/iPhoneOS26.0.sdk -O0 -L/Users/Michael/Library/Developer/Xcode/DerivedData/Offshore-dzckiklseaojwietsvvieqpkcqwy/Build/Products/Debug-iphoneos -F/Users/Michael/Library/Developer/Xcode/DerivedData/Offshore-dzckiklseaojwietsvvieqpkcqwy/Build/Products/Debug-iphoneos/PackageFrameworks -F/Users/Michael/Library/Developer/Xcode/DerivedData/Offshore-dzckiklseaojwietsvvieqpkcqwy/Build/Products/Debug-iphoneos -Xlinker -rpath -Xlinker @executable_path -Xlinker -rpath -Xlinker /Users/Michael/Library/Developer/Xcode/DerivedData/Offshore-dzckiklseaojwietsvvieqpkcqwy/Build/Products/Debug-iphoneos/PackageFrameworks -Xlinker -rpath -Xlinker @executable_path/Frameworks -rdynamic -Xlinker -no_deduplicate -Xlinker -debug_variant -e ___debug_blank_executor_main -Xlinker -sectcreate -Xlinker __TEXT -Xlinker __debug_dylib -Xlinker /Users/Michael/Library/Developer/Xcode/DerivedData/Offshore-dzckiklseaojwietsvvieqpkcqwy/Build/Intermediates.noindex/Offshore.build/Debug-iphoneos/OffshoreBudgeting.build/Offshore-DebugDylibPath-normal-arm64.txt -Xlinker -sectcreate -Xlinker __TEXT -Xlinker __debug_instlnm -Xlinker /Users/Michael/Library/Developer/Xcode/DerivedData/Offshore-dzckiklseaojwietsvvieqpkcqwy/Build/Intermediates.noindex/Offshore.build/Debug-iphoneos/OffshoreBudgeting.build/Offshore-DebugDylibInstallName-normal-arm64.txt -Xlinker -filelist -Xlinker /Users/Michael/Library/Developer/Xcode/DerivedData/Offshore-dzckiklseaojwietsvvieqpkcqwy/Build/Intermediates.noindex/Offshore.build/Debug-iphoneos/OffshoreBudgeting.build/Offshore-ExecutorLinkFileList-normal-arm64.txt /Users/Michael/Library/Developer/Xcode/DerivedData/Offshore-dzckiklseaojwietsvvieqpkcqwy/Build/Products/Debug-iphoneos/Offshore.app/Offshore.debug.dylib -o /Users/Michael/Library/Developer/Xcode/DerivedData/Offshore-dzckiklseaojwietsvvieqpkcqwy/Build/Products/Debug-iphoneos/Offshore.app/Offshore

CopySwiftLibs /Users/Michael/Library/Developer/Xcode/DerivedData/Offshore-dzckiklseaojwietsvvieqpkcqwy/Build/Products/Debug-iphoneos/Offshore.app (in target 'OffshoreBudgeting' from project 'Offshore')
    cd /Users/Michael/Xcode\ iOS/Offshore
    builtin-swiftStdLibTool --copy --verbose --scan-executable /Users/Michael/Library/Developer/Xcode/DerivedData/Offshore-dzckiklseaojwietsvvieqpkcqwy/Build/Products/Debug-iphoneos/Offshore.app/Offshore.debug.dylib --scan-folder /Users/Michael/Library/Developer/Xcode/DerivedData/Offshore-dzckiklseaojwietsvvieqpkcqwy/Build/Products/Debug-iphoneos/Offshore.app/Frameworks --scan-folder /Users/Michael/Library/Developer/Xcode/DerivedData/Offshore-dzckiklseaojwietsvvieqpkcqwy/Build/Products/Debug-iphoneos/Offshore.app/PlugIns --scan-folder /Users/Michael/Library/Developer/Xcode/DerivedData/Offshore-dzckiklseaojwietsvvieqpkcqwy/Build/Products/Debug-iphoneos/Offshore.app/SystemExtensions --scan-folder /Users/Michael/Library/Developer/Xcode/DerivedData/Offshore-dzckiklseaojwietsvvieqpkcqwy/Build/Products/Debug-iphoneos/Offshore.app/Extensions --platform iphoneos --toolchain /Applications/Xcode.app/Contents/Developer/Toolchains/XcodeDefault.xctoolchain --destination /Users/Michael/Library/Developer/Xcode/DerivedData/Offshore-dzckiklseaojwietsvvieqpkcqwy/Build/Products/Debug-iphoneos/Offshore.app/Frameworks --strip-bitcode --strip-bitcode-tool /Applications/Xcode.app/Contents/Developer/Toolchains/XcodeDefault.xctoolchain/usr/bin/bitcode_strip --emit-dependency-info /Users/Michael/Library/Developer/Xcode/DerivedData/Offshore-dzckiklseaojwietsvvieqpkcqwy/Build/Intermediates.noindex/Offshore.build/Debug-iphoneos/OffshoreBudgeting.build/SwiftStdLibToolInputDependencies.dep --filter-for-swift-os --back-deploy-swift-span
Ignoring --strip-bitcode because --sign was not passed

ExtractAppIntentsMetadata (in target 'OffshoreBudgeting' from project 'Offshore')
    cd /Users/Michael/Xcode\ iOS/Offshore
    /Applications/Xcode.app/Contents/Developer/Toolchains/XcodeDefault.xctoolchain/usr/bin/appintentsmetadataprocessor --toolchain-dir /Applications/Xcode.app/Contents/Developer/Toolchains/XcodeDefault.xctoolchain --module-name Offshore --sdk-root /Applications/Xcode.app/Contents/Developer/Platforms/iPhoneOS.platform/Developer/SDKs/iPhoneOS26.0.sdk --xcode-version 17A400 --platform-family iOS --deployment-target 16.6 --bundle-identifier com.mbrown.offshore --output /Users/Michael/Library/Developer/Xcode/DerivedData/Offshore-dzckiklseaojwietsvvieqpkcqwy/Build/Products/Debug-iphoneos/Offshore.app --target-triple arm64-apple-ios16.6 --binary-file /Users/Michael/Library/Developer/Xcode/DerivedData/Offshore-dzckiklseaojwietsvvieqpkcqwy/Build/Products/Debug-iphoneos/Offshore.app/Offshore --dependency-file /Users/Michael/Library/Developer/Xcode/DerivedData/Offshore-dzckiklseaojwietsvvieqpkcqwy/Build/Intermediates.noindex/Offshore.build/Debug-iphoneos/OffshoreBudgeting.build/Objects-normal/arm64/Offshore_dependency_info.dat --stringsdata-file /Users/Michael/Library/Developer/Xcode/DerivedData/Offshore-dzckiklseaojwietsvvieqpkcqwy/Build/Intermediates.noindex/Offshore.build/Debug-iphoneos/OffshoreBudgeting.build/Objects-normal/arm64/ExtractedAppShortcutsMetadata.stringsdata --source-file-list /Users/Michael/Library/Developer/Xcode/DerivedData/Offshore-dzckiklseaojwietsvvieqpkcqwy/Build/Intermediates.noindex/Offshore.build/Debug-iphoneos/OffshoreBudgeting.build/Objects-normal/arm64/Offshore.SwiftFileList --metadata-file-list /Users/Michael/Library/Developer/Xcode/DerivedData/Offshore-dzckiklseaojwietsvvieqpkcqwy/Build/Intermediates.noindex/Offshore.build/Debug-iphoneos/OffshoreBudgeting.build/Offshore.DependencyMetadataFileList --static-metadata-file-list /Users/Michael/Library/Developer/Xcode/DerivedData/Offshore-dzckiklseaojwietsvvieqpkcqwy/Build/Intermediates.noindex/Offshore.build/Debug-iphoneos/OffshoreBudgeting.build/Offshore.DependencyStaticMetadataFileList --swift-const-vals-list /Users/Michael/Library/Developer/Xcode/DerivedData/Offshore-dzckiklseaojwietsvvieqpkcqwy/Build/Intermediates.noindex/Offshore.build/Debug-iphoneos/OffshoreBudgeting.build/Objects-normal/arm64/Offshore.SwiftConstValuesFileList --compile-time-extraction --deployment-aware-processing --validate-assistant-intents --no-app-shortcuts-localization
2025-10-23 12:13:56.179 appintentsmetadataprocessor[64709:1354971] Starting appintentsmetadataprocessor export
2025-10-23 12:13:56.183 appintentsmetadataprocessor[64709:1354971] warning: Metadata extraction skipped. No AppIntents.framework dependency found.

AppIntentsSSUTraining (in target 'OffshoreBudgeting' from project 'Offshore')
    cd /Users/Michael/Xcode\ iOS/Offshore
    /Applications/Xcode.app/Contents/Developer/Toolchains/XcodeDefault.xctoolchain/usr/bin/appintentsnltrainingprocessor --infoplist-path /Users/Michael/Library/Developer/Xcode/DerivedData/Offshore-dzckiklseaojwietsvvieqpkcqwy/Build/Products/Debug-iphoneos/Offshore.app/Info.plist --temp-dir-path /Users/Michael/Library/Developer/Xcode/DerivedData/Offshore-dzckiklseaojwietsvvieqpkcqwy/Build/Intermediates.noindex/Offshore.build/Debug-iphoneos/OffshoreBudgeting.build/ssu --bundle-id com.mbrown.offshore --product-path /Users/Michael/Library/Developer/Xcode/DerivedData/Offshore-dzckiklseaojwietsvvieqpkcqwy/Build/Products/Debug-iphoneos/Offshore.app --extracted-metadata-path /Users/Michael/Library/Developer/Xcode/DerivedData/Offshore-dzckiklseaojwietsvvieqpkcqwy/Build/Products/Debug-iphoneos/Offshore.app/Metadata.appintents --metadata-file-list /Users/Michael/Library/Developer/Xcode/DerivedData/Offshore-dzckiklseaojwietsvvieqpkcqwy/Build/Intermediates.noindex/Offshore.build/Debug-iphoneos/OffshoreBudgeting.build/Offshore.DependencyMetadataFileList --archive-ssu-assets
2025-10-23 12:13:56.683 appintentsnltrainingprocessor[64710:1354973] Parsing options for appintentsnltrainingprocessor
2025-10-23 12:13:56.685 appintentsnltrainingprocessor[64710:1354973] No AppShortcuts found - Skipping.

RegisterExecutionPolicyException /Users/Michael/Library/Developer/Xcode/DerivedData/Offshore-dzckiklseaojwietsvvieqpkcqwy/Build/Products/Debug-iphoneos/Offshore.app (in target 'OffshoreBudgeting' from project 'Offshore')
    cd /Users/Michael/Xcode\ iOS/Offshore
    builtin-RegisterExecutionPolicyException /Users/Michael/Library/Developer/Xcode/DerivedData/Offshore-dzckiklseaojwietsvvieqpkcqwy/Build/Products/Debug-iphoneos/Offshore.app

Validate /Users/Michael/Library/Developer/Xcode/DerivedData/Offshore-dzckiklseaojwietsvvieqpkcqwy/Build/Products/Debug-iphoneos/Offshore.app (in target 'OffshoreBudgeting' from project 'Offshore')
    cd /Users/Michael/Xcode\ iOS/Offshore
    builtin-validationUtility /Users/Michael/Library/Developer/Xcode/DerivedData/Offshore-dzckiklseaojwietsvvieqpkcqwy/Build/Products/Debug-iphoneos/Offshore.app -shallow-bundle -infoplist-subpath Info.plist

Touch /Users/Michael/Library/Developer/Xcode/DerivedData/Offshore-dzckiklseaojwietsvvieqpkcqwy/Build/Products/Debug-iphoneos/Offshore.app (in target 'OffshoreBudgeting' from project 'Offshore')
    cd /Users/Michael/Xcode\ iOS/Offshore
    /usr/bin/touch -c /Users/Michael/Library/Developer/Xcode/DerivedData/Offshore-dzckiklseaojwietsvvieqpkcqwy/Build/Products/Debug-iphoneos/Offshore.app

** BUILD SUCCEEDED **

