Command line invocation:
    /Applications/Xcode.app/Contents/Developer/usr/bin/xcodebuild -scheme OffshoreBudgeting -project Offshore.xcodeproj -sdk iphonesimulator -configuration Debug -destination "generic/platform=iOS Simulator" build

Build settings from command line:
    SDKROOT = iphonesimulator26.0

Resolve Package Graph


Resolved source packages:
  MijickCalendarView: https://github.com/Mijick/CalendarView.git @ 1.0.0

ComputePackagePrebuildTargetDependencyGraph

Prepare packages

CreateBuildRequest

SendProjectDescription

CreateBuildOperation

ComputeTargetDependencyGraph
note: Building targets in dependency order
note: Target dependency graph (3 targets)
    Target 'OffshoreBudgeting' in project 'Offshore'
        ➜ Explicit dependency on target 'MijickCalendarView' in project 'MijickCalendarView'
    Target 'MijickCalendarView' in project 'MijickCalendarView'
        ➜ Explicit dependency on target 'MijickCalendarView' in project 'MijickCalendarView'
    Target 'MijickCalendarView' in project 'MijickCalendarView' (no dependencies)

GatherProvisioningInputs

CreateBuildDescription

ExecuteExternalTool /Applications/Xcode.app/Contents/Developer/Toolchains/XcodeDefault.xctoolchain/usr/bin/clang -v -E -dM -isysroot /Applications/Xcode.app/Contents/Developer/Platforms/iPhoneSimulator.platform/Developer/SDKs/iPhoneSimulator26.0.sdk -x c -c /dev/null

ExecuteExternalTool /Applications/Xcode.app/Contents/Developer/Toolchains/XcodeDefault.xctoolchain/usr/bin/swiftc --version

ExecuteExternalTool /Applications/Xcode.app/Contents/Developer/usr/bin/momc --dry-run --action generate --swift-version 5.0 --sdkroot /Applications/Xcode.app/Contents/Developer/Platforms/iPhoneSimulator.platform/Developer/SDKs/iPhoneSimulator26.0.sdk --iphonesimulator-deployment-target 16.6 --module Offshore /Users/Michael/Xcode iOS/Offshore/OffshoreBudgeting/OffshoreBudgetingModel.xcdatamodeld /Users/Michael/Library/Developer/Xcode/DerivedData/Offshore-dzckiklseaojwietsvvieqpkcqwy/Build/Intermediates.noindex/Offshore.build/Debug-iphonesimulator/OffshoreBudgeting.build/DerivedSources/CoreDataGenerated/OffshoreBudgetingModel

ExecuteExternalTool /Applications/Xcode.app/Contents/Developer/usr/bin/actool --print-asset-tag-combinations --output-format xml1 /Users/Michael/Xcode iOS/Offshore/OffshoreBudgeting/AppIcon.icon /Users/Michael/Xcode iOS/Offshore/OffshoreBudgeting/Assets.xcassets

ExecuteExternalTool /Applications/Xcode.app/Contents/Developer/usr/bin/actool --version --output-format xml1

ExecuteExternalTool /Applications/Xcode.app/Contents/Developer/Toolchains/XcodeDefault.xctoolchain/usr/bin/ld -version_details

Build description signature: 4c9026720267bb46f4f31ba9288ba999
Build description path: /Users/Michael/Library/Developer/Xcode/DerivedData/Offshore-dzckiklseaojwietsvvieqpkcqwy/Build/Intermediates.noindex/XCBuildData/4c9026720267bb46f4f31ba9288ba999.xcbuilddata
ClangStatCache /Applications/Xcode.app/Contents/Developer/Toolchains/XcodeDefault.xctoolchain/usr/bin/clang-stat-cache /Applications/Xcode.app/Contents/Developer/Platforms/iPhoneSimulator.platform/Developer/SDKs/iPhoneSimulator26.0.sdk /Users/Michael/Library/Developer/Xcode/DerivedData/SDKStatCaches.noindex/iphonesimulator26.0-23A339-26257891a6c027eb51374368541b8346.sdkstatcache
    cd /Users/Michael/Xcode\ iOS/Offshore/Offshore.xcodeproj
    /Applications/Xcode.app/Contents/Developer/Toolchains/XcodeDefault.xctoolchain/usr/bin/clang-stat-cache /Applications/Xcode.app/Contents/Developer/Platforms/iPhoneSimulator.platform/Developer/SDKs/iPhoneSimulator26.0.sdk -o /Users/Michael/Library/Developer/Xcode/DerivedData/SDKStatCaches.noindex/iphonesimulator26.0-23A339-26257891a6c027eb51374368541b8346.sdkstatcache

SwiftDriver OffshoreBudgeting normal x86_64 com.apple.xcode.tools.swift.compiler (in target 'OffshoreBudgeting' from project 'Offshore')
    cd /Users/Michael/Xcode\ iOS/Offshore
    builtin-SwiftDriver -- /Applications/Xcode.app/Contents/Developer/Toolchains/XcodeDefault.xctoolchain/usr/bin/swiftc -module-name Offshore -Onone -enforce-exclusivity\=checked @/Users/Michael/Library/Developer/Xcode/DerivedData/Offshore-dzckiklseaojwietsvvieqpkcqwy/Build/Intermediates.noindex/Offshore.build/Debug-iphonesimulator/OffshoreBudgeting.build/Objects-normal/x86_64/Offshore.SwiftFileList -DDEBUG -enable-bare-slash-regex -enable-experimental-feature DebugDescriptionMacro -sdk /Applications/Xcode.app/Contents/Developer/Platforms/iPhoneSimulator.platform/Developer/SDKs/iPhoneSimulator26.0.sdk -target x86_64-apple-ios16.6-simulator -g -module-cache-path /Users/Michael/Library/Developer/Xcode/DerivedData/ModuleCache.noindex -Xfrontend -serialize-debugging-options -profile-coverage-mapping -profile-generate -enable-testing -index-store-path /Users/Michael/Library/Developer/Xcode/DerivedData/Offshore-dzckiklseaojwietsvvieqpkcqwy/Index.noindex/DataStore -Xcc -D_LIBCPP_HARDENING_MODE\=_LIBCPP_HARDENING_MODE_DEBUG -swift-version 5 -I /Users/Michael/Library/Developer/Xcode/DerivedData/Offshore-dzckiklseaojwietsvvieqpkcqwy/Build/Products/Debug-iphonesimulator -F /Users/Michael/Library/Developer/Xcode/DerivedData/Offshore-dzckiklseaojwietsvvieqpkcqwy/Build/Products/Debug-iphonesimulator/PackageFrameworks -F /Users/Michael/Library/Developer/Xcode/DerivedData/Offshore-dzckiklseaojwietsvvieqpkcqwy/Build/Products/Debug-iphonesimulator -emit-localized-strings -emit-localized-strings-path /Users/Michael/Library/Developer/Xcode/DerivedData/Offshore-dzckiklseaojwietsvvieqpkcqwy/Build/Intermediates.noindex/Offshore.build/Debug-iphonesimulator/OffshoreBudgeting.build/Objects-normal/x86_64 -c -j16 -enable-batch-mode -incremental -Xcc -ivfsstatcache -Xcc /Users/Michael/Library/Developer/Xcode/DerivedData/SDKStatCaches.noindex/iphonesimulator26.0-23A339-26257891a6c027eb51374368541b8346.sdkstatcache -output-file-map /Users/Michael/Library/Developer/Xcode/DerivedData/Offshore-dzckiklseaojwietsvvieqpkcqwy/Build/Intermediates.noindex/Offshore.build/Debug-iphonesimulator/OffshoreBudgeting.build/Objects-normal/x86_64/OffshoreBudgeting-OutputFileMap.json -use-frontend-parseable-output -save-temps -no-color-diagnostics -explicit-module-build -module-cache-path /Users/Michael/Library/Developer/Xcode/DerivedData/Offshore-dzckiklseaojwietsvvieqpkcqwy/Build/Intermediates.noindex/SwiftExplicitPrecompiledModules -clang-scanner-module-cache-path /Users/Michael/Library/Developer/Xcode/DerivedData/ModuleCache.noindex -sdk-module-cache-path /Users/Michael/Library/Developer/Xcode/DerivedData/ModuleCache.noindex -serialize-diagnostics -emit-dependencies -emit-module -emit-module-path /Users/Michael/Library/Developer/Xcode/DerivedData/Offshore-dzckiklseaojwietsvvieqpkcqwy/Build/Intermediates.noindex/Offshore.build/Debug-iphonesimulator/OffshoreBudgeting.build/Objects-normal/x86_64/Offshore.swiftmodule -validate-clang-modules-once -clang-build-session-file /Users/Michael/Library/Developer/Xcode/DerivedData/ModuleCache.noindex/Session.modulevalidation -Xcc -I/Users/Michael/Library/Developer/Xcode/DerivedData/Offshore-dzckiklseaojwietsvvieqpkcqwy/Build/Intermediates.noindex/Offshore.build/Debug-iphonesimulator/OffshoreBudgeting.build/swift-overrides.hmap -emit-const-values -Xfrontend -const-gather-protocols-file -Xfrontend /Users/Michael/Library/Developer/Xcode/DerivedData/Offshore-dzckiklseaojwietsvvieqpkcqwy/Build/Intermediates.noindex/Offshore.build/Debug-iphonesimulator/OffshoreBudgeting.build/Objects-normal/x86_64/OffshoreBudgeting_const_extract_protocols.json -Xcc -iquote -Xcc /Users/Michael/Library/Developer/Xcode/DerivedData/Offshore-dzckiklseaojwietsvvieqpkcqwy/Build/Intermediates.noindex/Offshore.build/Debug-iphonesimulator/OffshoreBudgeting.build/Offshore-generated-files.hmap -Xcc -I/Users/Michael/Library/Developer/Xcode/DerivedData/Offshore-dzckiklseaojwietsvvieqpkcqwy/Build/Intermediates.noindex/Offshore.build/Debug-iphonesimulator/OffshoreBudgeting.build/Offshore-own-target-headers.hmap -Xcc -I/Users/Michael/Library/Developer/Xcode/DerivedData/Offshore-dzckiklseaojwietsvvieqpkcqwy/Build/Intermediates.noindex/Offshore.build/Debug-iphonesimulator/OffshoreBudgeting.build/Offshore-all-non-framework-target-headers.hmap -Xcc -ivfsoverlay -Xcc /Users/Michael/Library/Developer/Xcode/DerivedData/Offshore-dzckiklseaojwietsvvieqpkcqwy/Build/Intermediates.noindex/Offshore.build/Debug-iphonesimulator/Offshore-18b78ca503141e196a11e3deb683abb3-VFS-iphonesimulator/all-product-headers.yaml -Xcc -iquote -Xcc /Users/Michael/Library/Developer/Xcode/DerivedData/Offshore-dzckiklseaojwietsvvieqpkcqwy/Build/Intermediates.noindex/Offshore.build/Debug-iphonesimulator/OffshoreBudgeting.build/Offshore-project-headers.hmap -Xcc -I/Users/Michael/Library/Developer/Xcode/DerivedData/Offshore-dzckiklseaojwietsvvieqpkcqwy/Build/Products/Debug-iphonesimulator/include -Xcc -I/Users/Michael/Library/Developer/Xcode/DerivedData/Offshore-dzckiklseaojwietsvvieqpkcqwy/Build/Intermediates.noindex/Offshore.build/Debug-iphonesimulator/OffshoreBudgeting.build/DerivedSources-normal/x86_64 -Xcc -I/Users/Michael/Library/Developer/Xcode/DerivedData/Offshore-dzckiklseaojwietsvvieqpkcqwy/Build/Intermediates.noindex/Offshore.build/Debug-iphonesimulator/OffshoreBudgeting.build/DerivedSources/x86_64 -Xcc -I/Users/Michael/Library/Developer/Xcode/DerivedData/Offshore-dzckiklseaojwietsvvieqpkcqwy/Build/Intermediates.noindex/Offshore.build/Debug-iphonesimulator/OffshoreBudgeting.build/DerivedSources -Xcc -DDEBUG\=1 -emit-objc-header -emit-objc-header-path /Users/Michael/Library/Developer/Xcode/DerivedData/Offshore-dzckiklseaojwietsvvieqpkcqwy/Build/Intermediates.noindex/Offshore.build/Debug-iphonesimulator/OffshoreBudgeting.build/Objects-normal/x86_64/Offshore-Swift.h -working-directory /Users/Michael/Xcode\ iOS/Offshore -experimental-emit-module-separately -disable-cmo

SwiftDriver OffshoreBudgeting normal arm64 com.apple.xcode.tools.swift.compiler (in target 'OffshoreBudgeting' from project 'Offshore')
    cd /Users/Michael/Xcode\ iOS/Offshore
    builtin-SwiftDriver -- /Applications/Xcode.app/Contents/Developer/Toolchains/XcodeDefault.xctoolchain/usr/bin/swiftc -module-name Offshore -Onone -enforce-exclusivity\=checked @/Users/Michael/Library/Developer/Xcode/DerivedData/Offshore-dzckiklseaojwietsvvieqpkcqwy/Build/Intermediates.noindex/Offshore.build/Debug-iphonesimulator/OffshoreBudgeting.build/Objects-normal/arm64/Offshore.SwiftFileList -DDEBUG -enable-bare-slash-regex -enable-experimental-feature DebugDescriptionMacro -sdk /Applications/Xcode.app/Contents/Developer/Platforms/iPhoneSimulator.platform/Developer/SDKs/iPhoneSimulator26.0.sdk -target arm64-apple-ios16.6-simulator -g -module-cache-path /Users/Michael/Library/Developer/Xcode/DerivedData/ModuleCache.noindex -Xfrontend -serialize-debugging-options -profile-coverage-mapping -profile-generate -enable-testing -index-store-path /Users/Michael/Library/Developer/Xcode/DerivedData/Offshore-dzckiklseaojwietsvvieqpkcqwy/Index.noindex/DataStore -Xcc -D_LIBCPP_HARDENING_MODE\=_LIBCPP_HARDENING_MODE_DEBUG -swift-version 5 -I /Users/Michael/Library/Developer/Xcode/DerivedData/Offshore-dzckiklseaojwietsvvieqpkcqwy/Build/Products/Debug-iphonesimulator -F /Users/Michael/Library/Developer/Xcode/DerivedData/Offshore-dzckiklseaojwietsvvieqpkcqwy/Build/Products/Debug-iphonesimulator/PackageFrameworks -F /Users/Michael/Library/Developer/Xcode/DerivedData/Offshore-dzckiklseaojwietsvvieqpkcqwy/Build/Products/Debug-iphonesimulator -emit-localized-strings -emit-localized-strings-path /Users/Michael/Library/Developer/Xcode/DerivedData/Offshore-dzckiklseaojwietsvvieqpkcqwy/Build/Intermediates.noindex/Offshore.build/Debug-iphonesimulator/OffshoreBudgeting.build/Objects-normal/arm64 -c -j16 -enable-batch-mode -incremental -Xcc -ivfsstatcache -Xcc /Users/Michael/Library/Developer/Xcode/DerivedData/SDKStatCaches.noindex/iphonesimulator26.0-23A339-26257891a6c027eb51374368541b8346.sdkstatcache -output-file-map /Users/Michael/Library/Developer/Xcode/DerivedData/Offshore-dzckiklseaojwietsvvieqpkcqwy/Build/Intermediates.noindex/Offshore.build/Debug-iphonesimulator/OffshoreBudgeting.build/Objects-normal/arm64/OffshoreBudgeting-OutputFileMap.json -use-frontend-parseable-output -save-temps -no-color-diagnostics -explicit-module-build -module-cache-path /Users/Michael/Library/Developer/Xcode/DerivedData/Offshore-dzckiklseaojwietsvvieqpkcqwy/Build/Intermediates.noindex/SwiftExplicitPrecompiledModules -clang-scanner-module-cache-path /Users/Michael/Library/Developer/Xcode/DerivedData/ModuleCache.noindex -sdk-module-cache-path /Users/Michael/Library/Developer/Xcode/DerivedData/ModuleCache.noindex -serialize-diagnostics -emit-dependencies -emit-module -emit-module-path /Users/Michael/Library/Developer/Xcode/DerivedData/Offshore-dzckiklseaojwietsvvieqpkcqwy/Build/Intermediates.noindex/Offshore.build/Debug-iphonesimulator/OffshoreBudgeting.build/Objects-normal/arm64/Offshore.swiftmodule -validate-clang-modules-once -clang-build-session-file /Users/Michael/Library/Developer/Xcode/DerivedData/ModuleCache.noindex/Session.modulevalidation -Xcc -I/Users/Michael/Library/Developer/Xcode/DerivedData/Offshore-dzckiklseaojwietsvvieqpkcqwy/Build/Intermediates.noindex/Offshore.build/Debug-iphonesimulator/OffshoreBudgeting.build/swift-overrides.hmap -emit-const-values -Xfrontend -const-gather-protocols-file -Xfrontend /Users/Michael/Library/Developer/Xcode/DerivedData/Offshore-dzckiklseaojwietsvvieqpkcqwy/Build/Intermediates.noindex/Offshore.build/Debug-iphonesimulator/OffshoreBudgeting.build/Objects-normal/arm64/OffshoreBudgeting_const_extract_protocols.json -Xcc -iquote -Xcc /Users/Michael/Library/Developer/Xcode/DerivedData/Offshore-dzckiklseaojwietsvvieqpkcqwy/Build/Intermediates.noindex/Offshore.build/Debug-iphonesimulator/OffshoreBudgeting.build/Offshore-generated-files.hmap -Xcc -I/Users/Michael/Library/Developer/Xcode/DerivedData/Offshore-dzckiklseaojwietsvvieqpkcqwy/Build/Intermediates.noindex/Offshore.build/Debug-iphonesimulator/OffshoreBudgeting.build/Offshore-own-target-headers.hmap -Xcc -I/Users/Michael/Library/Developer/Xcode/DerivedData/Offshore-dzckiklseaojwietsvvieqpkcqwy/Build/Intermediates.noindex/Offshore.build/Debug-iphonesimulator/OffshoreBudgeting.build/Offshore-all-non-framework-target-headers.hmap -Xcc -ivfsoverlay -Xcc /Users/Michael/Library/Developer/Xcode/DerivedData/Offshore-dzckiklseaojwietsvvieqpkcqwy/Build/Intermediates.noindex/Offshore.build/Debug-iphonesimulator/Offshore-18b78ca503141e196a11e3deb683abb3-VFS-iphonesimulator/all-product-headers.yaml -Xcc -iquote -Xcc /Users/Michael/Library/Developer/Xcode/DerivedData/Offshore-dzckiklseaojwietsvvieqpkcqwy/Build/Intermediates.noindex/Offshore.build/Debug-iphonesimulator/OffshoreBudgeting.build/Offshore-project-headers.hmap -Xcc -I/Users/Michael/Library/Developer/Xcode/DerivedData/Offshore-dzckiklseaojwietsvvieqpkcqwy/Build/Products/Debug-iphonesimulator/include -Xcc -I/Users/Michael/Library/Developer/Xcode/DerivedData/Offshore-dzckiklseaojwietsvvieqpkcqwy/Build/Intermediates.noindex/Offshore.build/Debug-iphonesimulator/OffshoreBudgeting.build/DerivedSources-normal/arm64 -Xcc -I/Users/Michael/Library/Developer/Xcode/DerivedData/Offshore-dzckiklseaojwietsvvieqpkcqwy/Build/Intermediates.noindex/Offshore.build/Debug-iphonesimulator/OffshoreBudgeting.build/DerivedSources/arm64 -Xcc -I/Users/Michael/Library/Developer/Xcode/DerivedData/Offshore-dzckiklseaojwietsvvieqpkcqwy/Build/Intermediates.noindex/Offshore.build/Debug-iphonesimulator/OffshoreBudgeting.build/DerivedSources -Xcc -DDEBUG\=1 -emit-objc-header -emit-objc-header-path /Users/Michael/Library/Developer/Xcode/DerivedData/Offshore-dzckiklseaojwietsvvieqpkcqwy/Build/Intermediates.noindex/Offshore.build/Debug-iphonesimulator/OffshoreBudgeting.build/Objects-normal/arm64/Offshore-Swift.h -working-directory /Users/Michael/Xcode\ iOS/Offshore -experimental-emit-module-separately -disable-cmo

ProcessInfoPlistFile /Users/Michael/Library/Developer/Xcode/DerivedData/Offshore-dzckiklseaojwietsvvieqpkcqwy/Build/Products/Debug-iphonesimulator/Offshore.app/Info.plist /Users/Michael/Xcode\ iOS/Offshore/OffshoreBudgeting/Info.plist (in target 'OffshoreBudgeting' from project 'Offshore')
    cd /Users/Michael/Xcode\ iOS/Offshore
    builtin-infoPlistUtility /Users/Michael/Xcode\ iOS/Offshore/OffshoreBudgeting/Info.plist -producttype com.apple.product-type.application -genpkginfo /Users/Michael/Library/Developer/Xcode/DerivedData/Offshore-dzckiklseaojwietsvvieqpkcqwy/Build/Products/Debug-iphonesimulator/Offshore.app/PkgInfo -expandbuildsettings -format binary -platform iphonesimulator -additionalcontentfile /Users/Michael/Library/Developer/Xcode/DerivedData/Offshore-dzckiklseaojwietsvvieqpkcqwy/Build/Intermediates.noindex/Offshore.build/Debug-iphonesimulator/OffshoreBudgeting.build/assetcatalog_generated_info.plist -o /Users/Michael/Library/Developer/Xcode/DerivedData/Offshore-dzckiklseaojwietsvvieqpkcqwy/Build/Products/Debug-iphonesimulator/Offshore.app/Info.plist
removing entry for "NSServices" - only supported on macOS

SwiftCompile normal x86_64 Compiling\ OnboardingEnvironment.swift,\ PlatformCapabilities.swift,\ ResponsiveLayoutContext.swift,\ RootTabView.swift,\ SafeAreaInsetsCompatibility.swift,\ SystemTheme.swift,\ AddBudgetViewModel.swift /Users/Michael/Xcode\ iOS/Offshore/OffshoreBudgeting/Systems/OnboardingEnvironment.swift /Users/Michael/Xcode\ iOS/Offshore/OffshoreBudgeting/Systems/PlatformCapabilities.swift /Users/Michael/Xcode\ iOS/Offshore/OffshoreBudgeting/Systems/ResponsiveLayoutContext.swift /Users/Michael/Xcode\ iOS/Offshore/OffshoreBudgeting/Systems/RootTabView.swift /Users/Michael/Xcode\ iOS/Offshore/OffshoreBudgeting/Systems/SafeAreaInsetsCompatibility.swift /Users/Michael/Xcode\ iOS/Offshore/OffshoreBudgeting/Systems/SystemTheme.swift /Users/Michael/Xcode\ iOS/Offshore/OffshoreBudgeting/View\ Models/AddBudgetViewModel.swift (in target 'OffshoreBudgeting' from project 'Offshore')

SwiftCompile normal x86_64 /Users/Michael/Xcode\ iOS/Offshore/OffshoreBudgeting/Systems/OnboardingEnvironment.swift (in target 'OffshoreBudgeting' from project 'Offshore')
    cd /Users/Michael/Xcode\ iOS/Offshore
    

SwiftCompile normal x86_64 /Users/Michael/Xcode\ iOS/Offshore/OffshoreBudgeting/Systems/PlatformCapabilities.swift (in target 'OffshoreBudgeting' from project 'Offshore')
    cd /Users/Michael/Xcode\ iOS/Offshore
    

SwiftCompile normal x86_64 /Users/Michael/Xcode\ iOS/Offshore/OffshoreBudgeting/Systems/ResponsiveLayoutContext.swift (in target 'OffshoreBudgeting' from project 'Offshore')
    cd /Users/Michael/Xcode\ iOS/Offshore
    

SwiftCompile normal x86_64 /Users/Michael/Xcode\ iOS/Offshore/OffshoreBudgeting/Systems/RootTabView.swift (in target 'OffshoreBudgeting' from project 'Offshore')
    cd /Users/Michael/Xcode\ iOS/Offshore
    

SwiftCompile normal x86_64 /Users/Michael/Xcode\ iOS/Offshore/OffshoreBudgeting/Systems/SafeAreaInsetsCompatibility.swift (in target 'OffshoreBudgeting' from project 'Offshore')
    cd /Users/Michael/Xcode\ iOS/Offshore
    

SwiftCompile normal x86_64 /Users/Michael/Xcode\ iOS/Offshore/OffshoreBudgeting/Systems/SystemTheme.swift (in target 'OffshoreBudgeting' from project 'Offshore')
    cd /Users/Michael/Xcode\ iOS/Offshore
    

SwiftCompile normal x86_64 /Users/Michael/Xcode\ iOS/Offshore/OffshoreBudgeting/View\ Models/AddBudgetViewModel.swift (in target 'OffshoreBudgeting' from project 'Offshore')
    cd /Users/Michael/Xcode\ iOS/Offshore
    

SwiftEmitModule normal x86_64 Emitting\ module\ for\ Offshore (in target 'OffshoreBudgeting' from project 'Offshore')
EmitSwiftModule normal x86_64 (in target 'OffshoreBudgeting' from project 'Offshore')
    cd /Users/Michael/Xcode\ iOS/Offshore
    

SwiftCompile normal x86_64 Compiling\ BudgetPeriod.swift,\ CardItem.swift,\ BudgetIncomeCalculator.swift,\ CardItem+CoreDataBridge.swift,\ CoreDataEntityChangeMonitor.swift,\ CoreDataListObserver.swift,\ HolographicMetallicText.swift /Users/Michael/Xcode\ iOS/Offshore/OffshoreBudgeting/Models/BudgetPeriod.swift /Users/Michael/Xcode\ iOS/Offshore/OffshoreBudgeting/Models/CardItem.swift /Users/Michael/Xcode\ iOS/Offshore/OffshoreBudgeting/Resources/BudgetIncomeCalculator.swift /Users/Michael/Xcode\ iOS/Offshore/OffshoreBudgeting/Resources/CardItem+CoreDataBridge.swift /Users/Michael/Xcode\ iOS/Offshore/OffshoreBudgeting/Resources/CoreDataEntityChangeMonitor.swift /Users/Michael/Xcode\ iOS/Offshore/OffshoreBudgeting/Resources/CoreDataListObserver.swift /Users/Michael/Xcode\ iOS/Offshore/OffshoreBudgeting/Resources/HolographicMetallicText.swift (in target 'OffshoreBudgeting' from project 'Offshore')

SwiftCompile normal x86_64 /Users/Michael/Xcode\ iOS/Offshore/OffshoreBudgeting/Models/BudgetPeriod.swift (in target 'OffshoreBudgeting' from project 'Offshore')
    cd /Users/Michael/Xcode\ iOS/Offshore
    

SwiftCompile normal x86_64 /Users/Michael/Xcode\ iOS/Offshore/OffshoreBudgeting/Models/CardItem.swift (in target 'OffshoreBudgeting' from project 'Offshore')
    cd /Users/Michael/Xcode\ iOS/Offshore
    

SwiftCompile normal x86_64 /Users/Michael/Xcode\ iOS/Offshore/OffshoreBudgeting/Resources/BudgetIncomeCalculator.swift (in target 'OffshoreBudgeting' from project 'Offshore')
    cd /Users/Michael/Xcode\ iOS/Offshore
    

SwiftCompile normal x86_64 /Users/Michael/Xcode\ iOS/Offshore/OffshoreBudgeting/Resources/CardItem+CoreDataBridge.swift (in target 'OffshoreBudgeting' from project 'Offshore')
    cd /Users/Michael/Xcode\ iOS/Offshore
    

SwiftCompile normal x86_64 /Users/Michael/Xcode\ iOS/Offshore/OffshoreBudgeting/Resources/CoreDataEntityChangeMonitor.swift (in target 'OffshoreBudgeting' from project 'Offshore')
    cd /Users/Michael/Xcode\ iOS/Offshore
    

SwiftCompile normal x86_64 /Users/Michael/Xcode\ iOS/Offshore/OffshoreBudgeting/Resources/CoreDataListObserver.swift (in target 'OffshoreBudgeting' from project 'Offshore')
    cd /Users/Michael/Xcode\ iOS/Offshore
    

SwiftCompile normal x86_64 /Users/Michael/Xcode\ iOS/Offshore/OffshoreBudgeting/Resources/HolographicMetallicText.swift (in target 'OffshoreBudgeting' from project 'Offshore')
    cd /Users/Michael/Xcode\ iOS/Offshore
    

SwiftCompile normal x86_64 Compiling\ CardService.swift,\ CloudAccountStatusProvider.swift,\ CoreDataService.swift,\ ExpenseCategoryService.swift,\ IncomeService.swift,\ PlannedExpenseService.swift,\ PlannedExpenseUpdateScope.swift /Users/Michael/Xcode\ iOS/Offshore/OffshoreBudgeting/Services/CardService.swift /Users/Michael/Xcode\ iOS/Offshore/OffshoreBudgeting/Services/CloudAccountStatusProvider.swift /Users/Michael/Xcode\ iOS/Offshore/OffshoreBudgeting/Services/CoreDataService.swift /Users/Michael/Xcode\ iOS/Offshore/OffshoreBudgeting/Services/ExpenseCategoryService.swift /Users/Michael/Xcode\ iOS/Offshore/OffshoreBudgeting/Services/IncomeService.swift /Users/Michael/Xcode\ iOS/Offshore/OffshoreBudgeting/Services/PlannedExpenseService.swift /Users/Michael/Xcode\ iOS/Offshore/OffshoreBudgeting/Services/PlannedExpenseUpdateScope.swift (in target 'OffshoreBudgeting' from project 'Offshore')

SwiftCompile normal x86_64 /Users/Michael/Xcode\ iOS/Offshore/OffshoreBudgeting/Services/CardService.swift (in target 'OffshoreBudgeting' from project 'Offshore')
    cd /Users/Michael/Xcode\ iOS/Offshore
    

SwiftCompile normal x86_64 /Users/Michael/Xcode\ iOS/Offshore/OffshoreBudgeting/Services/CloudAccountStatusProvider.swift (in target 'OffshoreBudgeting' from project 'Offshore')
    cd /Users/Michael/Xcode\ iOS/Offshore
    

SwiftCompile normal x86_64 /Users/Michael/Xcode\ iOS/Offshore/OffshoreBudgeting/Services/CoreDataService.swift (in target 'OffshoreBudgeting' from project 'Offshore')
    cd /Users/Michael/Xcode\ iOS/Offshore
    

SwiftCompile normal x86_64 /Users/Michael/Xcode\ iOS/Offshore/OffshoreBudgeting/Services/ExpenseCategoryService.swift (in target 'OffshoreBudgeting' from project 'Offshore')
    cd /Users/Michael/Xcode\ iOS/Offshore
    

SwiftCompile normal x86_64 /Users/Michael/Xcode\ iOS/Offshore/OffshoreBudgeting/Services/IncomeService.swift (in target 'OffshoreBudgeting' from project 'Offshore')
    cd /Users/Michael/Xcode\ iOS/Offshore
    

SwiftCompile normal x86_64 /Users/Michael/Xcode\ iOS/Offshore/OffshoreBudgeting/Services/PlannedExpenseService.swift (in target 'OffshoreBudgeting' from project 'Offshore')
    cd /Users/Michael/Xcode\ iOS/Offshore
    

SwiftCompile normal x86_64 /Users/Michael/Xcode\ iOS/Offshore/OffshoreBudgeting/Services/PlannedExpenseUpdateScope.swift (in target 'OffshoreBudgeting' from project 'Offshore')
    cd /Users/Michael/Xcode\ iOS/Offshore
    

SwiftCompile normal x86_64 Compiling\ CardTheme.swift,\ Compatibility.swift,\ DesignSystem.swift,\ DesignSystem+Motion.swift,\ IncomeCalendarPalette.swift,\ MetallicTextStyles.swift,\ MotionSupport.swift /Users/Michael/Xcode\ iOS/Offshore/OffshoreBudgeting/Systems/CardTheme.swift /Users/Michael/Xcode\ iOS/Offshore/OffshoreBudgeting/Systems/Compatibility.swift /Users/Michael/Xcode\ iOS/Offshore/OffshoreBudgeting/Systems/DesignSystem.swift /Users/Michael/Xcode\ iOS/Offshore/OffshoreBudgeting/Systems/DesignSystem+Motion.swift /Users/Michael/Xcode\ iOS/Offshore/OffshoreBudgeting/Systems/IncomeCalendarPalette.swift /Users/Michael/Xcode\ iOS/Offshore/OffshoreBudgeting/Systems/MetallicTextStyles.swift /Users/Michael/Xcode\ iOS/Offshore/OffshoreBudgeting/Systems/MotionSupport.swift (in target 'OffshoreBudgeting' from project 'Offshore')

SwiftCompile normal x86_64 /Users/Michael/Xcode\ iOS/Offshore/OffshoreBudgeting/Systems/CardTheme.swift (in target 'OffshoreBudgeting' from project 'Offshore')
    cd /Users/Michael/Xcode\ iOS/Offshore
    

SwiftCompile normal x86_64 /Users/Michael/Xcode\ iOS/Offshore/OffshoreBudgeting/Systems/Compatibility.swift (in target 'OffshoreBudgeting' from project 'Offshore')
    cd /Users/Michael/Xcode\ iOS/Offshore
    

SwiftCompile normal x86_64 /Users/Michael/Xcode\ iOS/Offshore/OffshoreBudgeting/Systems/DesignSystem.swift (in target 'OffshoreBudgeting' from project 'Offshore')
    cd /Users/Michael/Xcode\ iOS/Offshore
    

SwiftCompile normal x86_64 /Users/Michael/Xcode\ iOS/Offshore/OffshoreBudgeting/Systems/DesignSystem+Motion.swift (in target 'OffshoreBudgeting' from project 'Offshore')
    cd /Users/Michael/Xcode\ iOS/Offshore
    

SwiftCompile normal x86_64 /Users/Michael/Xcode\ iOS/Offshore/OffshoreBudgeting/Systems/IncomeCalendarPalette.swift (in target 'OffshoreBudgeting' from project 'Offshore')
    cd /Users/Michael/Xcode\ iOS/Offshore
    

SwiftCompile normal x86_64 /Users/Michael/Xcode\ iOS/Offshore/OffshoreBudgeting/Systems/MetallicTextStyles.swift (in target 'OffshoreBudgeting' from project 'Offshore')
    cd /Users/Michael/Xcode\ iOS/Offshore
    

SwiftCompile normal x86_64 /Users/Michael/Xcode\ iOS/Offshore/OffshoreBudgeting/Systems/MotionSupport.swift (in target 'OffshoreBudgeting' from project 'Offshore')
    cd /Users/Michael/Xcode\ iOS/Offshore
    

SwiftCompile normal x86_64 Compiling\ AddIncomeFormViewModel.swift,\ AddPlannedExpenseViewModel.swift,\ AddUnplannedExpenseViewModel.swift,\ BudgetDetailsViewModel.swift,\ BudgetDetailsViewModelStore.swift,\ CardDetailViewModel.swift,\ CardsViewModel.swift /Users/Michael/Xcode\ iOS/Offshore/OffshoreBudgeting/View\ Models/AddIncomeFormViewModel.swift /Users/Michael/Xcode\ iOS/Offshore/OffshoreBudgeting/View\ Models/AddPlannedExpenseViewModel.swift /Users/Michael/Xcode\ iOS/Offshore/OffshoreBudgeting/View\ Models/AddUnplannedExpenseViewModel.swift /Users/Michael/Xcode\ iOS/Offshore/OffshoreBudgeting/View\ Models/BudgetDetailsViewModel.swift /Users/Michael/Xcode\ iOS/Offshore/OffshoreBudgeting/View\ Models/BudgetDetailsViewModelStore.swift /Users/Michael/Xcode\ iOS/Offshore/OffshoreBudgeting/View\ Models/CardDetailViewModel.swift /Users/Michael/Xcode\ iOS/Offshore/OffshoreBudgeting/View\ Models/CardsViewModel.swift (in target 'OffshoreBudgeting' from project 'Offshore')
SwiftCompile normal x86_64 /Users/Michael/Xcode\ iOS/Offshore/OffshoreBudgeting/View\ Models/AddIncomeFormViewModel.swift (in target 'OffshoreBudgeting' from project 'Offshore')
    cd /Users/Michael/Xcode\ iOS/Offshore
    

SwiftCompile normal x86_64 /Users/Michael/Xcode\ iOS/Offshore/OffshoreBudgeting/View\ Models/AddPlannedExpenseViewModel.swift (in target 'OffshoreBudgeting' from project 'Offshore')
    cd /Users/Michael/Xcode\ iOS/Offshore
    

SwiftCompile normal x86_64 /Users/Michael/Xcode\ iOS/Offshore/OffshoreBudgeting/View\ Models/AddUnplannedExpenseViewModel.swift (in target 'OffshoreBudgeting' from project 'Offshore')
    cd /Users/Michael/Xcode\ iOS/Offshore
    

SwiftCompile normal x86_64 /Users/Michael/Xcode\ iOS/Offshore/OffshoreBudgeting/View\ Models/BudgetDetailsViewModel.swift (in target 'OffshoreBudgeting' from project 'Offshore')
    cd /Users/Michael/Xcode\ iOS/Offshore
    

SwiftCompile normal x86_64 /Users/Michael/Xcode\ iOS/Offshore/OffshoreBudgeting/View\ Models/BudgetDetailsViewModelStore.swift (in target 'OffshoreBudgeting' from project 'Offshore')
    cd /Users/Michael/Xcode\ iOS/Offshore
    

SwiftCompile normal x86_64 /Users/Michael/Xcode\ iOS/Offshore/OffshoreBudgeting/View\ Models/CardDetailViewModel.swift (in target 'OffshoreBudgeting' from project 'Offshore')
    cd /Users/Michael/Xcode\ iOS/Offshore
    

SwiftCompile normal x86_64 /Users/Michael/Xcode\ iOS/Offshore/OffshoreBudgeting/View\ Models/CardsViewModel.swift (in target 'OffshoreBudgeting' from project 'Offshore')
    cd /Users/Michael/Xcode\ iOS/Offshore
    

SwiftCompile normal x86_64 Compiling\ RecurrenceEngine.swift,\ UnplannedExpenseService.swift,\ Logging.swift,\ AppSettings.swift,\ AppTheme.swift,\ CardAppearanceStore.swift,\ CardPickerStore.swift /Users/Michael/Xcode\ iOS/Offshore/OffshoreBudgeting/Services/RecurrenceEngine.swift /Users/Michael/Xcode\ iOS/Offshore/OffshoreBudgeting/Services/UnplannedExpenseService.swift /Users/Michael/Xcode\ iOS/Offshore/OffshoreBudgeting/Support/Logging.swift /Users/Michael/Xcode\ iOS/Offshore/OffshoreBudgeting/Systems/AppSettings.swift /Users/Michael/Xcode\ iOS/Offshore/OffshoreBudgeting/Systems/AppTheme.swift /Users/Michael/Xcode\ iOS/Offshore/OffshoreBudgeting/Systems/CardAppearanceStore.swift /Users/Michael/Xcode\ iOS/Offshore/OffshoreBudgeting/Systems/CardPickerStore.swift (in target 'OffshoreBudgeting' from project 'Offshore')
SwiftCompile normal x86_64 /Users/Michael/Xcode\ iOS/Offshore/OffshoreBudgeting/Services/RecurrenceEngine.swift (in target 'OffshoreBudgeting' from project 'Offshore')
    cd /Users/Michael/Xcode\ iOS/Offshore
    

SwiftCompile normal x86_64 /Users/Michael/Xcode\ iOS/Offshore/OffshoreBudgeting/Services/UnplannedExpenseService.swift (in target 'OffshoreBudgeting' from project 'Offshore')
    cd /Users/Michael/Xcode\ iOS/Offshore
    

SwiftCompile normal x86_64 /Users/Michael/Xcode\ iOS/Offshore/OffshoreBudgeting/Support/Logging.swift (in target 'OffshoreBudgeting' from project 'Offshore')
    cd /Users/Michael/Xcode\ iOS/Offshore
    

SwiftCompile normal x86_64 /Users/Michael/Xcode\ iOS/Offshore/OffshoreBudgeting/Systems/AppSettings.swift (in target 'OffshoreBudgeting' from project 'Offshore')
    cd /Users/Michael/Xcode\ iOS/Offshore
    

SwiftCompile normal x86_64 /Users/Michael/Xcode\ iOS/Offshore/OffshoreBudgeting/Systems/AppTheme.swift (in target 'OffshoreBudgeting' from project 'Offshore')
    cd /Users/Michael/Xcode\ iOS/Offshore
    

SwiftCompile normal x86_64 /Users/Michael/Xcode\ iOS/Offshore/OffshoreBudgeting/Systems/CardAppearanceStore.swift (in target 'OffshoreBudgeting' from project 'Offshore')
    cd /Users/Michael/Xcode\ iOS/Offshore
    

SwiftCompile normal x86_64 /Users/Michael/Xcode\ iOS/Offshore/OffshoreBudgeting/Systems/CardPickerStore.swift (in target 'OffshoreBudgeting' from project 'Offshore')
    cd /Users/Michael/Xcode\ iOS/Offshore
    

SwiftCompile normal x86_64 Compiling\ AddIncomeFormView.swift,\ AddPlannedExpenseView.swift,\ AddUnplannedExpenseView.swift,\ CardDetailView.swift,\ CardPickerItemTile.swift,\ CardPickerRow.swift /Users/Michael/Xcode\ iOS/Offshore/OffshoreBudgeting/Views/AddIncomeFormView.swift /Users/Michael/Xcode\ iOS/Offshore/OffshoreBudgeting/Views/AddPlannedExpenseView.swift /Users/Michael/Xcode\ iOS/Offshore/OffshoreBudgeting/Views/AddUnplannedExpenseView.swift /Users/Michael/Xcode\ iOS/Offshore/OffshoreBudgeting/Views/CardDetailView.swift /Users/Michael/Xcode\ iOS/Offshore/OffshoreBudgeting/Views/CardPickerItemTile.swift /Users/Michael/Xcode\ iOS/Offshore/OffshoreBudgeting/Views/CardPickerRow.swift (in target 'OffshoreBudgeting' from project 'Offshore')
Failed frontend command:
/Applications/Xcode.app/Contents/Developer/Toolchains/XcodeDefault.xctoolchain/usr/bin/swift-frontend -frontend -c /Users/Michael/Xcode\ iOS/Offshore/OffshoreBudgeting/Models/BudgetPeriod.swift /Users/Michael/Xcode\ iOS/Offshore/OffshoreBudgeting/Models/CardItem.swift /Users/Michael/Xcode\ iOS/Offshore/OffshoreBudgeting/Resources/BudgetIncomeCalculator.swift /Users/Michael/Xcode\ iOS/Offshore/OffshoreBudgeting/Resources/CardItem+CoreDataBridge.swift /Users/Michael/Xcode\ iOS/Offshore/OffshoreBudgeting/Resources/CoreDataEntityChangeMonitor.swift /Users/Michael/Xcode\ iOS/Offshore/OffshoreBudgeting/Resources/CoreDataListObserver.swift /Users/Michael/Xcode\ iOS/Offshore/OffshoreBudgeting/Resources/HolographicMetallicText.swift /Users/Michael/Xcode\ iOS/Offshore/OffshoreBudgeting/Resources/NotificationName+Extensions.swift /Users/Michael/Xcode\ iOS/Offshore/OffshoreBudgeting/Resources/PlannedExpenseService+Templates.swift /Users/Michael/Xcode\ iOS/Offshore/OffshoreBudgeting/Resources/RecurrenceRule.swift /Users/Michael/Xcode\ iOS/Offshore/OffshoreBudgeting/Resources/SaveError.swift /Users/Michael/Xcode\ iOS/Offshore/OffshoreBudgeting/Resources/UnifiedSwipeActions.swift /Users/Michael/Xcode\ iOS/Offshore/OffshoreBudgeting/Services/Repository/CoreDataRepository.swift /Users/Michael/Xcode\ iOS/Offshore/OffshoreBudgeting/Services/BudgetService.swift /Users/Michael/Xcode\ iOS/Offshore/OffshoreBudgeting/Services/CardService.swift /Users/Michael/Xcode\ iOS/Offshore/OffshoreBudgeting/Services/CloudAccountStatusProvider.swift /Users/Michael/Xcode\ iOS/Offshore/OffshoreBudgeting/Services/CoreDataService.swift /Users/Michael/Xcode\ iOS/Offshore/OffshoreBudgeting/Services/ExpenseCategoryService.swift /Users/Michael/Xcode\ iOS/Offshore/OffshoreBudgeting/Services/IncomeService.swift /Users/Michael/Xcode\ iOS/Offshore/OffshoreBudgeting/Services/PlannedExpenseService.swift /Users/Michael/Xcode\ iOS/Offshore/OffshoreBudgeting/Services/PlannedExpenseUpdateScope.swift /Users/Michael/Xcode\ iOS/Offshore/OffshoreBudgeting/Services/RecurrenceEngine.swift /Users/Michael/Xcode\ iOS/Offshore/OffshoreBudgeting/Services/UnplannedExpenseService.swift /Users/Michael/Xcode\ iOS/Offshore/OffshoreBudgeting/Support/Logging.swift /Users/Michael/Xcode\ iOS/Offshore/OffshoreBudgeting/Systems/AppSettings.swift /Users/Michael/Xcode\ iOS/Offshore/OffshoreBudgeting/Systems/AppTheme.swift /Users/Michael/Xcode\ iOS/Offshore/OffshoreBudgeting/Systems/CardAppearanceStore.swift /Users/Michael/Xcode\ iOS/Offshore/OffshoreBudgeting/Systems/CardPickerStore.swift /Users/Michael/Xcode\ iOS/Offshore/OffshoreBudgeting/Systems/CardTheme.swift /Users/Michael/Xcode\ iOS/Offshore/OffshoreBudgeting/Systems/Compatibility.swift /Users/Michael/Xcode\ iOS/Offshore/OffshoreBudgeting/Systems/DesignSystem.swift /Users/Michael/Xcode\ iOS/Offshore/OffshoreBudgeting/Systems/DesignSystem+Motion.swift /Users/Michael/Xcode\ iOS/Offshore/OffshoreBudgeting/Systems/IncomeCalendarPalette.swift /Users/Michael/Xcode\ iOS/Offshore/OffshoreBudgeting/Systems/MetallicTextStyles.swift /Users/Michael/Xcode\ iOS/Offshore/OffshoreBudgeting/Systems/MotionSupport.swift /Users/Michael/Xcode\ iOS/Offshore/OffshoreBudgeting/Systems/OnboardingEnvironment.swift /Users/Michael/Xcode\ iOS/Offshore/OffshoreBudgeting/Systems/PlatformCapabilities.swift /Users/Michael/Xcode\ iOS/Offshore/OffshoreBudgeting/Systems/ResponsiveLayoutContext.swift /Users/Michael/Xcode\ iOS/Offshore/OffshoreBudgeting/Systems/RootTabView.swift /Users/Michael/Xcode\ iOS/Offshore/OffshoreBudgeting/Systems/SafeAreaInsetsCompatibility.swift /Users/Michael/Xcode\ iOS/Offshore/OffshoreBudgeting/Systems/SystemTheme.swift /Users/Michael/Xcode\ iOS/Offshore/OffshoreBudgeting/View\ Models/AddBudgetViewModel.swift /Users/Michael/Xcode\ iOS/Offshore/OffshoreBudgeting/View\ Models/AddIncomeFormViewModel.swift /Users/Michael/Xcode\ iOS/Offshore/OffshoreBudgeting/View\ Models/AddPlannedExpenseViewModel.swift /Users/Michael/Xcode\ iOS/Offshore/OffshoreBudgeting/View\ Models/AddUnplannedExpenseViewModel.swift /Users/Michael/Xcode\ iOS/Offshore/OffshoreBudgeting/View\ Models/BudgetDetailsViewModel.swift /Users/Michael/Xcode\ iOS/Offshore/OffshoreBudgeting/View\ Models/BudgetDetailsViewModelStore.swift /Users/Michael/Xcode\ iOS/Offshore/OffshoreBudgeting/View\ Models/CardDetailViewModel.swift /Users/Michael/Xcode\ iOS/Offshore/OffshoreBudgeting/View\ Models/CardsViewModel.swift /Users/Michael/Xcode\ iOS/Offshore/OffshoreBudgeting/View\ Models/HomeViewModel.swift /Users/Michael/Xcode\ iOS/Offshore/OffshoreBudgeting/View\ Models/IncomeScreenViewModel.swift /Users/Michael/Xcode\ iOS/Offshore/OffshoreBudgeting/View\ Models/PresetsViewModel.swift /Users/Michael/Xcode\ iOS/Offshore/OffshoreBudgeting/View\ Models/SettingsViewModel.swift /Users/Michael/Xcode\ iOS/Offshore/OffshoreBudgeting/Views/Components/Buttons.swift /Users/Michael/Xcode\ iOS/Offshore/OffshoreBudgeting/Views/Components/CalendarNavigationButtonStyle.swift /Users/Michael/Xcode\ iOS/Offshore/OffshoreBudgeting/Views/Components/CategoryChipPill.swift /Users/Michael/Xcode\ iOS/Offshore/OffshoreBudgeting/Views/Components/GlassCTAButton.swift /Users/Michael/Xcode\ iOS/Offshore/OffshoreBudgeting/Views/Components/PillSegmentedControl.swift /Users/Michael/Xcode\ iOS/Offshore/OffshoreBudgeting/Views/Components/SheetDetentsCompat.swift /Users/Michael/Xcode\ iOS/Offshore/OffshoreBudgeting/Views/Components/TranslucentButtonStyle.swift /Users/Michael/Xcode\ iOS/Offshore/OffshoreBudgeting/Views/AddBudgetView.swift /Users/Michael/Xcode\ iOS/Offshore/OffshoreBudgeting/Views/AddCardFormView.swift -primary-file /Users/Michael/Xcode\ iOS/Offshore/OffshoreBudgeting/Views/AddIncomeFormView.swift -primary-file /Users/Michael/Xcode\ iOS/Offshore/OffshoreBudgeting/Views/AddPlannedExpenseView.swift -primary-file /Users/Michael/Xcode\ iOS/Offshore/OffshoreBudgeting/Views/AddUnplannedExpenseView.swift -primary-file /Users/Michael/Xcode\ iOS/Offshore/OffshoreBudgeting/Views/CardDetailView.swift -primary-file /Users/Michael/Xcode\ iOS/Offshore/OffshoreBudgeting/Views/CardPickerItemTile.swift -primary-file /Users/Michael/Xcode\ iOS/Offshore/OffshoreBudgeting/Views/CardPickerRow.swift /Users/Michael/Xcode\ iOS/Offshore/OffshoreBudgeting/Views/CardsView2.swift /Users/Michael/Xcode\ iOS/Offshore/OffshoreBudgeting/Views/CardTileView.swift /Users/Michael/Xcode\ iOS/Offshore/OffshoreBudgeting/Views/CategoryChipStyle.swift /Users/Michael/Xcode\ iOS/Offshore/OffshoreBudgeting/Views/CustomRecurrenceEditorView.swift /Users/Michael/Xcode\ iOS/Offshore/OffshoreBudgeting/Views/ExpenseCategoryManagerView.swift /Users/Michael/Xcode\ iOS/Offshore/OffshoreBudgeting/Views/HelpView.swift /Users/Michael/Xcode\ iOS/Offshore/OffshoreBudgeting/Views/HomeView2.swift /Users/Michael/Xcode\ iOS/Offshore/OffshoreBudgeting/Views/IncomeEditorView.swift /Users/Michael/Xcode\ iOS/Offshore/OffshoreBudgeting/Views/IncomeView2.swift /Users/Michael/Xcode\ iOS/Offshore/OffshoreBudgeting/Views/ManageBudgetCardsSheet.swift /Users/Michael/Xcode\ iOS/Offshore/OffshoreBudgeting/Views/ManageBudgetPresetsSheet.swift /Users/Michael/Xcode\ iOS/Offshore/OffshoreBudgeting/Views/OnboardingView2.swift /Users/Michael/Xcode\ iOS/Offshore/OffshoreBudgeting/Views/PresetBudgetAssignmentSheet.swift /Users/Michael/Xcode\ iOS/Offshore/OffshoreBudgeting/Views/PresetRowView.swift /Users/Michael/Xcode\ iOS/Offshore/OffshoreBudgeting/Views/PresetsView2.swift /Users/Michael/Xcode\ iOS/Offshore/OffshoreBudgeting/Views/RecurrencePickerView.swift /Users/Michael/Xcode\ iOS/Offshore/OffshoreBudgeting/Views/RenameCardSheet.swift /Users/Michael/Xcode\ iOS/Offshore/OffshoreBudgeting/Views/SettingsView2.swift /Users/Michael/Xcode\ iOS/Offshore/OffshoreBudgeting/Views/SidebarViewController.swift /Users/Michael/Xcode\ iOS/Offshore/OffshoreBudgeting/Views/UBEmptyState.swift /Users/Michael/Xcode\ iOS/Offshore/OffshoreBudgeting/ContentView.swift /Users/Michael/Xcode\ iOS/Offshore/OffshoreBudgeting/OffshoreBudgetingApp.swift /Users/Michael/Library/Developer/Xcode/DerivedData/Offshore-dzckiklseaojwietsvvieqpkcqwy/Build/Intermediates.noindex/Offshore.build/Debug-iphonesimulator/OffshoreBudgeting.build/DerivedSources/CoreDataGenerated/OffshoreBudgetingModel/Budget+CoreDataClass.swift /Users/Michael/Library/Developer/Xcode/DerivedData/Offshore-dzckiklseaojwietsvvieqpkcqwy/Build/Intermediates.noindex/Offshore.build/Debug-iphonesimulator/OffshoreBudgeting.build/DerivedSources/CoreDataGenerated/OffshoreBudgetingModel/Budget+CoreDataProperties.swift /Users/Michael/Library/Developer/Xcode/DerivedData/Offshore-dzckiklseaojwietsvvieqpkcqwy/Build/Intermediates.noindex/Offshore.build/Debug-iphonesimulator/OffshoreBudgeting.build/DerivedSources/CoreDataGenerated/OffshoreBudgetingModel/Card+CoreDataClass.swift /Users/Michael/Library/Developer/Xcode/DerivedData/Offshore-dzckiklseaojwietsvvieqpkcqwy/Build/Intermediates.noindex/Offshore.build/Debug-iphonesimulator/OffshoreBudgeting.build/DerivedSources/CoreDataGenerated/OffshoreBudgetingModel/Card+CoreDataProperties.swift /Users/Michael/Library/Developer/Xcode/DerivedData/Offshore-dzckiklseaojwietsvvieqpkcqwy/Build/Intermediates.noindex/Offshore.build/Debug-iphonesimulator/OffshoreBudgeting.build/DerivedSources/CoreDataGenerated/OffshoreBudgetingModel/ExpenseCategory+CoreDataClass.swift /Users/Michael/Library/Developer/Xcode/DerivedData/Offshore-dzckiklseaojwietsvvieqpkcqwy/Build/Intermediates.noindex/Offshore.build/Debug-iphonesimulator/OffshoreBudgeting.build/DerivedSources/CoreDataGenerated/OffshoreBudgetingModel/ExpenseCategory+CoreDataProperties.swift /Users/Michael/Library/Developer/Xcode/DerivedData/Offshore-dzckiklseaojwietsvvieqpkcqwy/Build/Intermediates.noindex/Offshore.build/Debug-iphonesimulator/OffshoreBudgeting.build/DerivedSources/CoreDataGenerated/OffshoreBudgetingModel/Income+CoreDataClass.swift /Users/Michael/Library/Developer/Xcode/DerivedData/Offshore-dzckiklseaojwietsvvieqpkcqwy/Build/Intermediates.noindex/Offshore.build/Debug-iphonesimulator/OffshoreBudgeting.build/DerivedSources/CoreDataGenerated/OffshoreBudgetingModel/Income+CoreDataProperties.swift /Users/Michael/Library/Developer/Xcode/DerivedData/Offshore-dzckiklseaojwietsvvieqpkcqwy/Build/Intermediates.noindex/Offshore.build/Debug-iphonesimulator/OffshoreBudgeting.build/DerivedSources/CoreDataGenerated/OffshoreBudgetingModel/PlannedExpense+CoreDataClass.swift /Users/Michael/Library/Developer/Xcode/DerivedData/Offshore-dzckiklseaojwietsvvieqpkcqwy/Build/Intermediates.noindex/Offshore.build/Debug-iphonesimulator/OffshoreBudgeting.build/DerivedSources/CoreDataGenerated/OffshoreBudgetingModel/PlannedExpense+CoreDataProperties.swift /Users/Michael/Library/Developer/Xcode/DerivedData/Offshore-dzckiklseaojwietsvvieqpkcqwy/Build/Intermediates.noindex/Offshore.build/Debug-iphonesimulator/OffshoreBudgeting.build/DerivedSources/CoreDataGenerated/OffshoreBudgetingModel/UnplannedExpense+CoreDataClass.swift /Users/Michael/Library/Developer/Xcode/DerivedData/Offshore-dzckiklseaojwietsvvieqpkcqwy/Build/Intermediates.noindex/Offshore.build/Debug-iphonesimulator/OffshoreBudgeting.build/DerivedSources/CoreDataGenerated/OffshoreBudgetingModel/UnplannedExpense+CoreDataProperties.swift /Users/Michael/Library/Developer/Xcode/DerivedData/Offshore-dzckiklseaojwietsvvieqpkcqwy/Build/Intermediates.noindex/Offshore.build/Debug-iphonesimulator/OffshoreBudgeting.build/DerivedSources/CoreDataGenerated/OffshoreBudgetingModel/OffshoreBudgetingModel+CoreDataModel.swift /Users/Michael/Library/Developer/Xcode/DerivedData/Offshore-dzckiklseaojwietsvvieqpkcqwy/Build/Intermediates.noindex/Offshore.build/Debug-iphonesimulator/OffshoreBudgeting.build/DerivedSources/GeneratedAssetSymbols.swift -supplementary-output-file-map /Users/Michael/Library/Developer/Xcode/DerivedData/Offshore-dzckiklseaojwietsvvieqpkcqwy/Build/Intermediates.noindex/Offshore.build/Debug-iphonesimulator/OffshoreBudgeting.build/Objects-normal/x86_64/supplementaryOutputs-20 -emit-localized-strings -emit-localized-strings-path /Users/Michael/Library/Developer/Xcode/DerivedData/Offshore-dzckiklseaojwietsvvieqpkcqwy/Build/Intermediates.noindex/Offshore.build/Debug-iphonesimulator/OffshoreBudgeting.build/Objects-normal/x86_64 -target x86_64-apple-ios16.6-simulator -module-can-import-version DeveloperToolsSupport 23.0.4 23.0.4 -module-can-import-version SwiftUI 7.0.84.1 7.0.84 -module-can-import-version UIKit 9088.1.113 9088.1.113 -load-resolved-plugin /Applications/Xcode.app/Contents/Developer/Platforms/iPhoneOS.platform/Developer/usr/lib/swift/host/plugins/libFoundationMacros.dylib\#/Applications/Xcode.app/Contents/Developer/Platforms/iPhoneOS.platform/Developer/usr/bin/swift-plugin-server\#FoundationMacros -load-resolved-plugin /Applications/Xcode.app/Contents/Developer/Platforms/iPhoneOS.platform/Developer/usr/lib/swift/host/plugins/libObservationMacros.dylib\#/Applications/Xcode.app/Contents/Developer/Platforms/iPhoneOS.platform/Developer/usr/bin/swift-plugin-server\#ObservationMacros -load-resolved-plugin /Applications/Xcode.app/Contents/Developer/Platforms/iPhoneOS.platform/Developer/usr/lib/swift/host/plugins/libPreviewsMacros.dylib\#/Applications/Xcode.app/Contents/Developer/Platforms/iPhoneOS.platform/Developer/usr/bin/swift-plugin-server\#PreviewsMacros -load-resolved-plugin /Applications/Xcode.app/Contents/Developer/Platforms/iPhoneOS.platform/Developer/usr/lib/swift/host/plugins/libSwiftMacros.dylib\#/Applications/Xcode.app/Contents/Developer/Platforms/iPhoneOS.platform/Developer/usr/bin/swift-plugin-server\#SwiftMacros -load-resolved-plugin /Applications/Xcode.app/Contents/Developer/Platforms/iPhoneOS.platform/Developer/usr/lib/swift/host/plugins/libSwiftUIMacros.dylib\#/Applications/Xcode.app/Contents/Developer/Platforms/iPhoneOS.platform/Developer/usr/bin/swift-plugin-server\#SwiftUIMacros -disable-implicit-swift-modules -Xcc -fno-implicit-modules -Xcc -fno-implicit-module-maps -explicit-swift-module-map-file /Users/Michael/Library/Developer/Xcode/DerivedData/Offshore-dzckiklseaojwietsvvieqpkcqwy/Build/Intermediates.noindex/Offshore.build/Debug-iphonesimulator/OffshoreBudgeting.build/Objects-normal/x86_64/Offshore-dependencies-2.json -enable-objc-interop -sdk /Applications/Xcode.app/Contents/Developer/Platforms/iPhoneSimulator.platform/Developer/SDKs/iPhoneSimulator26.0.sdk -I /Users/Michael/Library/Developer/Xcode/DerivedData/Offshore-dzckiklseaojwietsvvieqpkcqwy/Build/Products/Debug-iphonesimulator -F /Users/Michael/Library/Developer/Xcode/DerivedData/Offshore-dzckiklseaojwietsvvieqpkcqwy/Build/Products/Debug-iphonesimulator/PackageFrameworks -F /Users/Michael/Library/Developer/Xcode/DerivedData/Offshore-dzckiklseaojwietsvvieqpkcqwy/Build/Products/Debug-iphonesimulator -no-color-diagnostics -Xcc -fno-color-diagnostics -enable-testing -g -debug-info-format\=dwarf -dwarf-version\=4 -module-cache-path /Users/Michael/Library/Developer/Xcode/DerivedData/Offshore-dzckiklseaojwietsvvieqpkcqwy/Build/Intermediates.noindex/SwiftExplicitPrecompiledModules -profile-generate -profile-coverage-mapping -swift-version 5 -enforce-exclusivity\=checked -Onone -D DEBUG -serialize-debugging-options -const-gather-protocols-file /Users/Michael/Library/Developer/Xcode/DerivedData/Offshore-dzckiklseaojwietsvvieqpkcqwy/Build/Intermediates.noindex/Offshore.build/Debug-iphonesimulator/OffshoreBudgeting.build/Objects-normal/x86_64/OffshoreBudgeting_const_extract_protocols.json -enable-experimental-feature DebugDescriptionMacro -enable-bare-slash-regex -empty-abi-descriptor -validate-clang-modules-once -clang-build-session-file /Users/Michael/Library/Developer/Xcode/DerivedData/ModuleCache.noindex/Session.modulevalidation -Xcc -working-directory -Xcc /Users/Michael/Xcode\ iOS/Offshore -enable-anonymous-context-mangled-names -file-compilation-dir /Users/Michael/Xcode\ iOS/Offshore -Xcc -D_LIBCPP_HARDENING_MODE\=_LIBCPP_HARDENING_MODE_DEBUG -Xcc -ivfsstatcache -Xcc /Users/Michael/Library/Developer/Xcode/DerivedData/SDKStatCaches.noindex/iphonesimulator26.0-23A339-26257891a6c027eb51374368541b8346.sdkstatcache -Xcc -I/Users/Michael/Library/Developer/Xcode/DerivedData/Offshore-dzckiklseaojwietsvvieqpkcqwy/Build/Intermediates.noindex/Offshore.build/Debug-iphonesimulator/OffshoreBudgeting.build/swift-overrides.hmap -Xcc -iquote -Xcc /Users/Michael/Library/Developer/Xcode/DerivedData/Offshore-dzckiklseaojwietsvvieqpkcqwy/Build/Intermediates.noindex/Offshore.build/Debug-iphonesimulator/OffshoreBudgeting.build/Offshore-generated-files.hmap -Xcc -I/Users/Michael/Library/Developer/Xcode/DerivedData/Offshore-dzckiklseaojwietsvvieqpkcqwy/Build/Intermediates.noindex/Offshore.build/Debug-iphonesimulator/OffshoreBudgeting.build/Offshore-own-target-headers.hmap -Xcc -I/Users/Michael/Library/Developer/Xcode/DerivedData/Offshore-dzckiklseaojwietsvvieqpkcqwy/Build/Intermediates.noindex/Offshore.build/Debug-iphonesimulator/OffshoreBudgeting.build/Offshore-all-non-framework-target-headers.hmap -Xcc -ivfsoverlay -Xcc /Users/Michael/Library/Developer/Xcode/DerivedData/Offshore-dzckiklseaojwietsvvieqpkcqwy/Build/Intermediates.noindex/Offshore.build/Debug-iphonesimulator/Offshore-18b78ca503141e196a11e3deb683abb3-VFS-iphonesimulator/all-product-headers.yaml -Xcc -iquote -Xcc /Users/Michael/Library/Developer/Xcode/DerivedData/Offshore-dzckiklseaojwietsvvieqpkcqwy/Build/Intermediates.noindex/Offshore.build/Debug-iphonesimulator/OffshoreBudgeting.build/Offshore-project-headers.hmap -Xcc -I/Users/Michael/Library/Developer/Xcode/DerivedData/Offshore-dzckiklseaojwietsvvieqpkcqwy/Build/Products/Debug-iphonesimulator/include -Xcc -I/Users/Michael/Library/Developer/Xcode/DerivedData/Offshore-dzckiklseaojwietsvvieqpkcqwy/Build/Intermediates.noindex/Offshore.build/Debug-iphonesimulator/OffshoreBudgeting.build/DerivedSources-normal/x86_64 -Xcc -I/Users/Michael/Library/Developer/Xcode/DerivedData/Offshore-dzckiklseaojwietsvvieqpkcqwy/Build/Intermediates.noindex/Offshore.build/Debug-iphonesimulator/OffshoreBudgeting.build/DerivedSources/x86_64 -Xcc -I/Users/Michael/Library/Developer/Xcode/DerivedData/Offshore-dzckiklseaojwietsvvieqpkcqwy/Build/Intermediates.noindex/Offshore.build/Debug-iphonesimulator/OffshoreBudgeting.build/DerivedSources -Xcc -DDEBUG\=1 -no-auto-bridging-header-chaining -module-name Offshore -frontend-parseable-output -disable-clang-spi -target-sdk-version 26.0 -target-sdk-name iphonesimulator26.0 -clang-target x86_64-apple-ios26.0-simulator -in-process-plugin-server-path /Applications/Xcode.app/Contents/Developer/Toolchains/XcodeDefault.xctoolchain/usr/lib/swift/host/libSwiftInProcPluginServer.dylib -o /Users/Michael/Library/Developer/Xcode/DerivedData/Offshore-dzckiklseaojwietsvvieqpkcqwy/Build/Intermediates.noindex/Offshore.build/Debug-iphonesimulator/OffshoreBudgeting.build/Objects-normal/x86_64/AddIncomeFormView.o -o /Users/Michael/Library/Developer/Xcode/DerivedData/Offshore-dzckiklseaojwietsvvieqpkcqwy/Build/Intermediates.noindex/Offshore.build/Debug-iphonesimulator/OffshoreBudgeting.build/Objects-normal/x86_64/AddPlannedExpenseView.o -o /Users/Michael/Library/Developer/Xcode/DerivedData/Offshore-dzckiklseaojwietsvvieqpkcqwy/Build/Intermediates.noindex/Offshore.build/Debug-iphonesimulator/OffshoreBudgeting.build/Objects-normal/x86_64/AddUnplannedExpenseView.o -o /Users/Michael/Library/Developer/Xcode/DerivedData/Offshore-dzckiklseaojwietsvvieqpkcqwy/Build/Intermediates.noindex/Offshore.build/Debug-iphonesimulator/OffshoreBudgeting.build/Objects-normal/x86_64/CardDetailView.o -o /Users/Michael/Library/Developer/Xcode/DerivedData/Offshore-dzckiklseaojwietsvvieqpkcqwy/Build/Intermediates.noindex/Offshore.build/Debug-iphonesimulator/OffshoreBudgeting.build/Objects-normal/x86_64/CardPickerItemTile.o -o /Users/Michael/Library/Developer/Xcode/DerivedData/Offshore-dzckiklseaojwietsvvieqpkcqwy/Build/Intermediates.noindex/Offshore.build/Debug-iphonesimulator/OffshoreBudgeting.build/Objects-normal/x86_64/CardPickerRow.o -index-unit-output-path /Offshore.build/Debug-iphonesimulator/OffshoreBudgeting.build/Objects-normal/x86_64/AddIncomeFormView.o -index-unit-output-path /Offshore.build/Debug-iphonesimulator/OffshoreBudgeting.build/Objects-normal/x86_64/AddPlannedExpenseView.o -index-unit-output-path /Offshore.build/Debug-iphonesimulator/OffshoreBudgeting.build/Objects-normal/x86_64/AddUnplannedExpenseView.o -index-unit-output-path /Offshore.build/Debug-iphonesimulator/OffshoreBudgeting.build/Objects-normal/x86_64/CardDetailView.o -index-unit-output-path /Offshore.build/Debug-iphonesimulator/OffshoreBudgeting.build/Objects-normal/x86_64/CardPickerItemTile.o -index-unit-output-path /Offshore.build/Debug-iphonesimulator/OffshoreBudgeting.build/Objects-normal/x86_64/CardPickerRow.o -index-store-path /Users/Michael/Library/Developer/Xcode/DerivedData/Offshore-dzckiklseaojwietsvvieqpkcqwy/Index.noindex/DataStore -index-system-modules

SwiftCompile normal x86_64 /Users/Michael/Xcode\ iOS/Offshore/OffshoreBudgeting/Views/AddIncomeFormView.swift (in target 'OffshoreBudgeting' from project 'Offshore')
    cd /Users/Michael/Xcode\ iOS/Offshore
    

SwiftCompile normal x86_64 /Users/Michael/Xcode\ iOS/Offshore/OffshoreBudgeting/Views/AddPlannedExpenseView.swift (in target 'OffshoreBudgeting' from project 'Offshore')
    cd /Users/Michael/Xcode\ iOS/Offshore
    
/Users/Michael/Xcode iOS/Offshore/OffshoreBudgeting/Views/AddPlannedExpenseView.swift:652:34: error: extraneous argument label 'hex:' in call
        let categoryColor = Color(hex: colorHex) ?? .secondary
                                 ^~~~~~
                                  

SwiftCompile normal x86_64 /Users/Michael/Xcode\ iOS/Offshore/OffshoreBudgeting/Views/AddUnplannedExpenseView.swift (in target 'OffshoreBudgeting' from project 'Offshore')
    cd /Users/Michael/Xcode\ iOS/Offshore
    
/Users/Michael/Xcode iOS/Offshore/OffshoreBudgeting/Views/AddUnplannedExpenseView.swift:452:34: error: extraneous argument label 'hex:' in call
        let categoryColor = Color(hex: colorHex) ?? .secondary
                                 ^~~~~~
                                  

SwiftCompile normal x86_64 /Users/Michael/Xcode\ iOS/Offshore/OffshoreBudgeting/Views/CardDetailView.swift (in target 'OffshoreBudgeting' from project 'Offshore')
    cd /Users/Michael/Xcode\ iOS/Offshore
    

SwiftCompile normal x86_64 /Users/Michael/Xcode\ iOS/Offshore/OffshoreBudgeting/Views/CardPickerItemTile.swift (in target 'OffshoreBudgeting' from project 'Offshore')
    cd /Users/Michael/Xcode\ iOS/Offshore
    

SwiftCompile normal x86_64 /Users/Michael/Xcode\ iOS/Offshore/OffshoreBudgeting/Views/CardPickerRow.swift (in target 'OffshoreBudgeting' from project 'Offshore')
    cd /Users/Michael/Xcode\ iOS/Offshore
    

SwiftCompile normal x86_64 Compiling\ NotificationName+Extensions.swift,\ PlannedExpenseService+Templates.swift,\ RecurrenceRule.swift,\ SaveError.swift,\ UnifiedSwipeActions.swift,\ CoreDataRepository.swift,\ BudgetService.swift /Users/Michael/Xcode\ iOS/Offshore/OffshoreBudgeting/Resources/NotificationName+Extensions.swift /Users/Michael/Xcode\ iOS/Offshore/OffshoreBudgeting/Resources/PlannedExpenseService+Templates.swift /Users/Michael/Xcode\ iOS/Offshore/OffshoreBudgeting/Resources/RecurrenceRule.swift /Users/Michael/Xcode\ iOS/Offshore/OffshoreBudgeting/Resources/SaveError.swift /Users/Michael/Xcode\ iOS/Offshore/OffshoreBudgeting/Resources/UnifiedSwipeActions.swift /Users/Michael/Xcode\ iOS/Offshore/OffshoreBudgeting/Services/Repository/CoreDataRepository.swift /Users/Michael/Xcode\ iOS/Offshore/OffshoreBudgeting/Services/BudgetService.swift (in target 'OffshoreBudgeting' from project 'Offshore')

SwiftCompile normal x86_64 /Users/Michael/Xcode\ iOS/Offshore/OffshoreBudgeting/Resources/NotificationName+Extensions.swift (in target 'OffshoreBudgeting' from project 'Offshore')
    cd /Users/Michael/Xcode\ iOS/Offshore
    

SwiftCompile normal x86_64 /Users/Michael/Xcode\ iOS/Offshore/OffshoreBudgeting/Resources/PlannedExpenseService+Templates.swift (in target 'OffshoreBudgeting' from project 'Offshore')
    cd /Users/Michael/Xcode\ iOS/Offshore
    

SwiftCompile normal x86_64 /Users/Michael/Xcode\ iOS/Offshore/OffshoreBudgeting/Resources/RecurrenceRule.swift (in target 'OffshoreBudgeting' from project 'Offshore')
    cd /Users/Michael/Xcode\ iOS/Offshore
    

SwiftCompile normal x86_64 /Users/Michael/Xcode\ iOS/Offshore/OffshoreBudgeting/Resources/SaveError.swift (in target 'OffshoreBudgeting' from project 'Offshore')
    cd /Users/Michael/Xcode\ iOS/Offshore
    

SwiftCompile normal x86_64 /Users/Michael/Xcode\ iOS/Offshore/OffshoreBudgeting/Resources/UnifiedSwipeActions.swift (in target 'OffshoreBudgeting' from project 'Offshore')
    cd /Users/Michael/Xcode\ iOS/Offshore
    

SwiftCompile normal x86_64 /Users/Michael/Xcode\ iOS/Offshore/OffshoreBudgeting/Services/Repository/CoreDataRepository.swift (in target 'OffshoreBudgeting' from project 'Offshore')
    cd /Users/Michael/Xcode\ iOS/Offshore
    

SwiftCompile normal x86_64 /Users/Michael/Xcode\ iOS/Offshore/OffshoreBudgeting/Services/BudgetService.swift (in target 'OffshoreBudgeting' from project 'Offshore')
    cd /Users/Michael/Xcode\ iOS/Offshore
    

SwiftCompile normal x86_64 Compiling\ CardsView2.swift,\ CardTileView.swift,\ CategoryChipStyle.swift,\ CustomRecurrenceEditorView.swift,\ ExpenseCategoryManagerView.swift,\ HelpView.swift /Users/Michael/Xcode\ iOS/Offshore/OffshoreBudgeting/Views/CardsView2.swift /Users/Michael/Xcode\ iOS/Offshore/OffshoreBudgeting/Views/CardTileView.swift /Users/Michael/Xcode\ iOS/Offshore/OffshoreBudgeting/Views/CategoryChipStyle.swift /Users/Michael/Xcode\ iOS/Offshore/OffshoreBudgeting/Views/CustomRecurrenceEditorView.swift /Users/Michael/Xcode\ iOS/Offshore/OffshoreBudgeting/Views/ExpenseCategoryManagerView.swift /Users/Michael/Xcode\ iOS/Offshore/OffshoreBudgeting/Views/HelpView.swift (in target 'OffshoreBudgeting' from project 'Offshore')
SwiftCompile normal x86_64 /Users/Michael/Xcode\ iOS/Offshore/OffshoreBudgeting/Views/CardsView2.swift (in target 'OffshoreBudgeting' from project 'Offshore')
    cd /Users/Michael/Xcode\ iOS/Offshore
    

SwiftCompile normal x86_64 /Users/Michael/Xcode\ iOS/Offshore/OffshoreBudgeting/Views/CardTileView.swift (in target 'OffshoreBudgeting' from project 'Offshore')
    cd /Users/Michael/Xcode\ iOS/Offshore
    

SwiftCompile normal x86_64 /Users/Michael/Xcode\ iOS/Offshore/OffshoreBudgeting/Views/CategoryChipStyle.swift (in target 'OffshoreBudgeting' from project 'Offshore')
    cd /Users/Michael/Xcode\ iOS/Offshore
    

SwiftCompile normal x86_64 /Users/Michael/Xcode\ iOS/Offshore/OffshoreBudgeting/Views/CustomRecurrenceEditorView.swift (in target 'OffshoreBudgeting' from project 'Offshore')
    cd /Users/Michael/Xcode\ iOS/Offshore
    

SwiftCompile normal x86_64 /Users/Michael/Xcode\ iOS/Offshore/OffshoreBudgeting/Views/ExpenseCategoryManagerView.swift (in target 'OffshoreBudgeting' from project 'Offshore')
    cd /Users/Michael/Xcode\ iOS/Offshore
    

SwiftCompile normal x86_64 /Users/Michael/Xcode\ iOS/Offshore/OffshoreBudgeting/Views/HelpView.swift (in target 'OffshoreBudgeting' from project 'Offshore')
    cd /Users/Michael/Xcode\ iOS/Offshore
    

SwiftCompile normal x86_64 Compiling\ GlassCTAButton.swift,\ PillSegmentedControl.swift,\ SheetDetentsCompat.swift,\ TranslucentButtonStyle.swift,\ AddBudgetView.swift,\ AddCardFormView.swift /Users/Michael/Xcode\ iOS/Offshore/OffshoreBudgeting/Views/Components/GlassCTAButton.swift /Users/Michael/Xcode\ iOS/Offshore/OffshoreBudgeting/Views/Components/PillSegmentedControl.swift /Users/Michael/Xcode\ iOS/Offshore/OffshoreBudgeting/Views/Components/SheetDetentsCompat.swift /Users/Michael/Xcode\ iOS/Offshore/OffshoreBudgeting/Views/Components/TranslucentButtonStyle.swift /Users/Michael/Xcode\ iOS/Offshore/OffshoreBudgeting/Views/AddBudgetView.swift /Users/Michael/Xcode\ iOS/Offshore/OffshoreBudgeting/Views/AddCardFormView.swift (in target 'OffshoreBudgeting' from project 'Offshore')

SwiftCompile normal x86_64 /Users/Michael/Xcode\ iOS/Offshore/OffshoreBudgeting/Views/Components/GlassCTAButton.swift (in target 'OffshoreBudgeting' from project 'Offshore')
    cd /Users/Michael/Xcode\ iOS/Offshore
    

SwiftCompile normal x86_64 /Users/Michael/Xcode\ iOS/Offshore/OffshoreBudgeting/Views/Components/PillSegmentedControl.swift (in target 'OffshoreBudgeting' from project 'Offshore')
    cd /Users/Michael/Xcode\ iOS/Offshore
    

SwiftCompile normal x86_64 /Users/Michael/Xcode\ iOS/Offshore/OffshoreBudgeting/Views/Components/SheetDetentsCompat.swift (in target 'OffshoreBudgeting' from project 'Offshore')
    cd /Users/Michael/Xcode\ iOS/Offshore
    

SwiftCompile normal x86_64 /Users/Michael/Xcode\ iOS/Offshore/OffshoreBudgeting/Views/Components/TranslucentButtonStyle.swift (in target 'OffshoreBudgeting' from project 'Offshore')
    cd /Users/Michael/Xcode\ iOS/Offshore
    

SwiftCompile normal x86_64 /Users/Michael/Xcode\ iOS/Offshore/OffshoreBudgeting/Views/AddBudgetView.swift (in target 'OffshoreBudgeting' from project 'Offshore')
    cd /Users/Michael/Xcode\ iOS/Offshore
    

SwiftCompile normal x86_64 /Users/Michael/Xcode\ iOS/Offshore/OffshoreBudgeting/Views/AddCardFormView.swift (in target 'OffshoreBudgeting' from project 'Offshore')
    cd /Users/Michael/Xcode\ iOS/Offshore
    

SwiftCompile normal x86_64 Compiling\ SidebarViewController.swift,\ UBEmptyState.swift,\ ContentView.swift,\ OffshoreBudgetingApp.swift,\ Budget+CoreDataClass.swift,\ Budget+CoreDataProperties.swift /Users/Michael/Xcode\ iOS/Offshore/OffshoreBudgeting/Views/SidebarViewController.swift /Users/Michael/Xcode\ iOS/Offshore/OffshoreBudgeting/Views/UBEmptyState.swift /Users/Michael/Xcode\ iOS/Offshore/OffshoreBudgeting/ContentView.swift /Users/Michael/Xcode\ iOS/Offshore/OffshoreBudgeting/OffshoreBudgetingApp.swift /Users/Michael/Library/Developer/Xcode/DerivedData/Offshore-dzckiklseaojwietsvvieqpkcqwy/Build/Intermediates.noindex/Offshore.build/Debug-iphonesimulator/OffshoreBudgeting.build/DerivedSources/CoreDataGenerated/OffshoreBudgetingModel/Budget+CoreDataClass.swift /Users/Michael/Library/Developer/Xcode/DerivedData/Offshore-dzckiklseaojwietsvvieqpkcqwy/Build/Intermediates.noindex/Offshore.build/Debug-iphonesimulator/OffshoreBudgeting.build/DerivedSources/CoreDataGenerated/OffshoreBudgetingModel/Budget+CoreDataProperties.swift (in target 'OffshoreBudgeting' from project 'Offshore')

SwiftCompile normal x86_64 /Users/Michael/Xcode\ iOS/Offshore/OffshoreBudgeting/Views/SidebarViewController.swift (in target 'OffshoreBudgeting' from project 'Offshore')
    cd /Users/Michael/Xcode\ iOS/Offshore
    

SwiftCompile normal x86_64 /Users/Michael/Xcode\ iOS/Offshore/OffshoreBudgeting/Views/UBEmptyState.swift (in target 'OffshoreBudgeting' from project 'Offshore')
    cd /Users/Michael/Xcode\ iOS/Offshore
    

SwiftCompile normal x86_64 /Users/Michael/Xcode\ iOS/Offshore/OffshoreBudgeting/ContentView.swift (in target 'OffshoreBudgeting' from project 'Offshore')
    cd /Users/Michael/Xcode\ iOS/Offshore
    

SwiftCompile normal x86_64 /Users/Michael/Xcode\ iOS/Offshore/OffshoreBudgeting/OffshoreBudgetingApp.swift (in target 'OffshoreBudgeting' from project 'Offshore')
    cd /Users/Michael/Xcode\ iOS/Offshore
    

SwiftCompile normal x86_64 /Users/Michael/Library/Developer/Xcode/DerivedData/Offshore-dzckiklseaojwietsvvieqpkcqwy/Build/Intermediates.noindex/Offshore.build/Debug-iphonesimulator/OffshoreBudgeting.build/DerivedSources/CoreDataGenerated/OffshoreBudgetingModel/Budget+CoreDataClass.swift (in target 'OffshoreBudgeting' from project 'Offshore')
    cd /Users/Michael/Xcode\ iOS/Offshore
    

SwiftCompile normal x86_64 /Users/Michael/Library/Developer/Xcode/DerivedData/Offshore-dzckiklseaojwietsvvieqpkcqwy/Build/Intermediates.noindex/Offshore.build/Debug-iphonesimulator/OffshoreBudgeting.build/DerivedSources/CoreDataGenerated/OffshoreBudgetingModel/Budget+CoreDataProperties.swift (in target 'OffshoreBudgeting' from project 'Offshore')
    cd /Users/Michael/Xcode\ iOS/Offshore
    

SwiftCompile normal x86_64 Compiling\ PresetBudgetAssignmentSheet.swift,\ PresetRowView.swift,\ PresetsView2.swift,\ RecurrencePickerView.swift,\ RenameCardSheet.swift,\ SettingsView2.swift /Users/Michael/Xcode\ iOS/Offshore/OffshoreBudgeting/Views/PresetBudgetAssignmentSheet.swift /Users/Michael/Xcode\ iOS/Offshore/OffshoreBudgeting/Views/PresetRowView.swift /Users/Michael/Xcode\ iOS/Offshore/OffshoreBudgeting/Views/PresetsView2.swift /Users/Michael/Xcode\ iOS/Offshore/OffshoreBudgeting/Views/RecurrencePickerView.swift /Users/Michael/Xcode\ iOS/Offshore/OffshoreBudgeting/Views/RenameCardSheet.swift /Users/Michael/Xcode\ iOS/Offshore/OffshoreBudgeting/Views/SettingsView2.swift (in target 'OffshoreBudgeting' from project 'Offshore')
SwiftCompile normal x86_64 /Users/Michael/Xcode\ iOS/Offshore/OffshoreBudgeting/Views/PresetBudgetAssignmentSheet.swift (in target 'OffshoreBudgeting' from project 'Offshore')
    cd /Users/Michael/Xcode\ iOS/Offshore
    

SwiftCompile normal x86_64 /Users/Michael/Xcode\ iOS/Offshore/OffshoreBudgeting/Views/PresetRowView.swift (in target 'OffshoreBudgeting' from project 'Offshore')
    cd /Users/Michael/Xcode\ iOS/Offshore
    

SwiftCompile normal x86_64 /Users/Michael/Xcode\ iOS/Offshore/OffshoreBudgeting/Views/PresetsView2.swift (in target 'OffshoreBudgeting' from project 'Offshore')
    cd /Users/Michael/Xcode\ iOS/Offshore
    

SwiftCompile normal x86_64 /Users/Michael/Xcode\ iOS/Offshore/OffshoreBudgeting/Views/RecurrencePickerView.swift (in target 'OffshoreBudgeting' from project 'Offshore')
    cd /Users/Michael/Xcode\ iOS/Offshore
    

SwiftCompile normal x86_64 /Users/Michael/Xcode\ iOS/Offshore/OffshoreBudgeting/Views/RenameCardSheet.swift (in target 'OffshoreBudgeting' from project 'Offshore')
    cd /Users/Michael/Xcode\ iOS/Offshore
    

SwiftCompile normal x86_64 /Users/Michael/Xcode\ iOS/Offshore/OffshoreBudgeting/Views/SettingsView2.swift (in target 'OffshoreBudgeting' from project 'Offshore')
    cd /Users/Michael/Xcode\ iOS/Offshore
    

SwiftCompile normal x86_64 Compiling\ Card+CoreDataClass.swift,\ Card+CoreDataProperties.swift,\ ExpenseCategory+CoreDataClass.swift,\ ExpenseCategory+CoreDataProperties.swift,\ Income+CoreDataClass.swift,\ Income+CoreDataProperties.swift /Users/Michael/Library/Developer/Xcode/DerivedData/Offshore-dzckiklseaojwietsvvieqpkcqwy/Build/Intermediates.noindex/Offshore.build/Debug-iphonesimulator/OffshoreBudgeting.build/DerivedSources/CoreDataGenerated/OffshoreBudgetingModel/Card+CoreDataClass.swift /Users/Michael/Library/Developer/Xcode/DerivedData/Offshore-dzckiklseaojwietsvvieqpkcqwy/Build/Intermediates.noindex/Offshore.build/Debug-iphonesimulator/OffshoreBudgeting.build/DerivedSources/CoreDataGenerated/OffshoreBudgetingModel/Card+CoreDataProperties.swift /Users/Michael/Library/Developer/Xcode/DerivedData/Offshore-dzckiklseaojwietsvvieqpkcqwy/Build/Intermediates.noindex/Offshore.build/Debug-iphonesimulator/OffshoreBudgeting.build/DerivedSources/CoreDataGenerated/OffshoreBudgetingModel/ExpenseCategory+CoreDataClass.swift /Users/Michael/Library/Developer/Xcode/DerivedData/Offshore-dzckiklseaojwietsvvieqpkcqwy/Build/Intermediates.noindex/Offshore.build/Debug-iphonesimulator/OffshoreBudgeting.build/DerivedSources/CoreDataGenerated/OffshoreBudgetingModel/ExpenseCategory+CoreDataProperties.swift /Users/Michael/Library/Developer/Xcode/DerivedData/Offshore-dzckiklseaojwietsvvieqpkcqwy/Build/Intermediates.noindex/Offshore.build/Debug-iphonesimulator/OffshoreBudgeting.build/DerivedSources/CoreDataGenerated/OffshoreBudgetingModel/Income+CoreDataClass.swift /Users/Michael/Library/Developer/Xcode/DerivedData/Offshore-dzckiklseaojwietsvvieqpkcqwy/Build/Intermediates.noindex/Offshore.build/Debug-iphonesimulator/OffshoreBudgeting.build/DerivedSources/CoreDataGenerated/OffshoreBudgetingModel/Income+CoreDataProperties.swift (in target 'OffshoreBudgeting' from project 'Offshore')

SwiftCompile normal x86_64 /Users/Michael/Library/Developer/Xcode/DerivedData/Offshore-dzckiklseaojwietsvvieqpkcqwy/Build/Intermediates.noindex/Offshore.build/Debug-iphonesimulator/OffshoreBudgeting.build/DerivedSources/CoreDataGenerated/OffshoreBudgetingModel/Card+CoreDataClass.swift (in target 'OffshoreBudgeting' from project 'Offshore')
    cd /Users/Michael/Xcode\ iOS/Offshore
    

SwiftCompile normal x86_64 /Users/Michael/Library/Developer/Xcode/DerivedData/Offshore-dzckiklseaojwietsvvieqpkcqwy/Build/Intermediates.noindex/Offshore.build/Debug-iphonesimulator/OffshoreBudgeting.build/DerivedSources/CoreDataGenerated/OffshoreBudgetingModel/Card+CoreDataProperties.swift (in target 'OffshoreBudgeting' from project 'Offshore')
    cd /Users/Michael/Xcode\ iOS/Offshore
    

SwiftCompile normal x86_64 /Users/Michael/Library/Developer/Xcode/DerivedData/Offshore-dzckiklseaojwietsvvieqpkcqwy/Build/Intermediates.noindex/Offshore.build/Debug-iphonesimulator/OffshoreBudgeting.build/DerivedSources/CoreDataGenerated/OffshoreBudgetingModel/ExpenseCategory+CoreDataClass.swift (in target 'OffshoreBudgeting' from project 'Offshore')
    cd /Users/Michael/Xcode\ iOS/Offshore
    

SwiftCompile normal x86_64 /Users/Michael/Library/Developer/Xcode/DerivedData/Offshore-dzckiklseaojwietsvvieqpkcqwy/Build/Intermediates.noindex/Offshore.build/Debug-iphonesimulator/OffshoreBudgeting.build/DerivedSources/CoreDataGenerated/OffshoreBudgetingModel/ExpenseCategory+CoreDataProperties.swift (in target 'OffshoreBudgeting' from project 'Offshore')
    cd /Users/Michael/Xcode\ iOS/Offshore
    

SwiftCompile normal x86_64 /Users/Michael/Library/Developer/Xcode/DerivedData/Offshore-dzckiklseaojwietsvvieqpkcqwy/Build/Intermediates.noindex/Offshore.build/Debug-iphonesimulator/OffshoreBudgeting.build/DerivedSources/CoreDataGenerated/OffshoreBudgetingModel/Income+CoreDataClass.swift (in target 'OffshoreBudgeting' from project 'Offshore')
    cd /Users/Michael/Xcode\ iOS/Offshore
    

SwiftCompile normal x86_64 /Users/Michael/Library/Developer/Xcode/DerivedData/Offshore-dzckiklseaojwietsvvieqpkcqwy/Build/Intermediates.noindex/Offshore.build/Debug-iphonesimulator/OffshoreBudgeting.build/DerivedSources/CoreDataGenerated/OffshoreBudgetingModel/Income+CoreDataProperties.swift (in target 'OffshoreBudgeting' from project 'Offshore')
    cd /Users/Michael/Xcode\ iOS/Offshore
    

SwiftCompile normal x86_64 Compiling\ HomeViewModel.swift,\ IncomeScreenViewModel.swift,\ PresetsViewModel.swift,\ SettingsViewModel.swift,\ Buttons.swift,\ CalendarNavigationButtonStyle.swift,\ CategoryChipPill.swift /Users/Michael/Xcode\ iOS/Offshore/OffshoreBudgeting/View\ Models/HomeViewModel.swift /Users/Michael/Xcode\ iOS/Offshore/OffshoreBudgeting/View\ Models/IncomeScreenViewModel.swift /Users/Michael/Xcode\ iOS/Offshore/OffshoreBudgeting/View\ Models/PresetsViewModel.swift /Users/Michael/Xcode\ iOS/Offshore/OffshoreBudgeting/View\ Models/SettingsViewModel.swift /Users/Michael/Xcode\ iOS/Offshore/OffshoreBudgeting/Views/Components/Buttons.swift /Users/Michael/Xcode\ iOS/Offshore/OffshoreBudgeting/Views/Components/CalendarNavigationButtonStyle.swift /Users/Michael/Xcode\ iOS/Offshore/OffshoreBudgeting/Views/Components/CategoryChipPill.swift (in target 'OffshoreBudgeting' from project 'Offshore')

SwiftCompile normal x86_64 /Users/Michael/Xcode\ iOS/Offshore/OffshoreBudgeting/View\ Models/HomeViewModel.swift (in target 'OffshoreBudgeting' from project 'Offshore')
    cd /Users/Michael/Xcode\ iOS/Offshore
    

SwiftCompile normal x86_64 /Users/Michael/Xcode\ iOS/Offshore/OffshoreBudgeting/View\ Models/IncomeScreenViewModel.swift (in target 'OffshoreBudgeting' from project 'Offshore')
    cd /Users/Michael/Xcode\ iOS/Offshore
    

SwiftCompile normal x86_64 /Users/Michael/Xcode\ iOS/Offshore/OffshoreBudgeting/View\ Models/PresetsViewModel.swift (in target 'OffshoreBudgeting' from project 'Offshore')
    cd /Users/Michael/Xcode\ iOS/Offshore
    

SwiftCompile normal x86_64 /Users/Michael/Xcode\ iOS/Offshore/OffshoreBudgeting/View\ Models/SettingsViewModel.swift (in target 'OffshoreBudgeting' from project 'Offshore')
    cd /Users/Michael/Xcode\ iOS/Offshore
    

SwiftCompile normal x86_64 /Users/Michael/Xcode\ iOS/Offshore/OffshoreBudgeting/Views/Components/Buttons.swift (in target 'OffshoreBudgeting' from project 'Offshore')
    cd /Users/Michael/Xcode\ iOS/Offshore
    

SwiftCompile normal x86_64 /Users/Michael/Xcode\ iOS/Offshore/OffshoreBudgeting/Views/Components/CalendarNavigationButtonStyle.swift (in target 'OffshoreBudgeting' from project 'Offshore')
    cd /Users/Michael/Xcode\ iOS/Offshore
    

SwiftCompile normal x86_64 /Users/Michael/Xcode\ iOS/Offshore/OffshoreBudgeting/Views/Components/CategoryChipPill.swift (in target 'OffshoreBudgeting' from project 'Offshore')
    cd /Users/Michael/Xcode\ iOS/Offshore
    

SwiftCompile normal x86_64 Compiling\ HomeView2.swift,\ IncomeEditorView.swift,\ IncomeView2.swift,\ ManageBudgetCardsSheet.swift,\ ManageBudgetPresetsSheet.swift,\ OnboardingView2.swift /Users/Michael/Xcode\ iOS/Offshore/OffshoreBudgeting/Views/HomeView2.swift /Users/Michael/Xcode\ iOS/Offshore/OffshoreBudgeting/Views/IncomeEditorView.swift /Users/Michael/Xcode\ iOS/Offshore/OffshoreBudgeting/Views/IncomeView2.swift /Users/Michael/Xcode\ iOS/Offshore/OffshoreBudgeting/Views/ManageBudgetCardsSheet.swift /Users/Michael/Xcode\ iOS/Offshore/OffshoreBudgeting/Views/ManageBudgetPresetsSheet.swift /Users/Michael/Xcode\ iOS/Offshore/OffshoreBudgeting/Views/OnboardingView2.swift (in target 'OffshoreBudgeting' from project 'Offshore')

SwiftCompile normal x86_64 /Users/Michael/Xcode\ iOS/Offshore/OffshoreBudgeting/Views/HomeView2.swift (in target 'OffshoreBudgeting' from project 'Offshore')
    cd /Users/Michael/Xcode\ iOS/Offshore
    

SwiftCompile normal x86_64 /Users/Michael/Xcode\ iOS/Offshore/OffshoreBudgeting/Views/IncomeEditorView.swift (in target 'OffshoreBudgeting' from project 'Offshore')
    cd /Users/Michael/Xcode\ iOS/Offshore
    

SwiftCompile normal x86_64 /Users/Michael/Xcode\ iOS/Offshore/OffshoreBudgeting/Views/IncomeView2.swift (in target 'OffshoreBudgeting' from project 'Offshore')
    cd /Users/Michael/Xcode\ iOS/Offshore
    

SwiftCompile normal x86_64 /Users/Michael/Xcode\ iOS/Offshore/OffshoreBudgeting/Views/ManageBudgetCardsSheet.swift (in target 'OffshoreBudgeting' from project 'Offshore')
    cd /Users/Michael/Xcode\ iOS/Offshore
    

SwiftCompile normal x86_64 /Users/Michael/Xcode\ iOS/Offshore/OffshoreBudgeting/Views/ManageBudgetPresetsSheet.swift (in target 'OffshoreBudgeting' from project 'Offshore')
    cd /Users/Michael/Xcode\ iOS/Offshore
    

SwiftCompile normal x86_64 /Users/Michael/Xcode\ iOS/Offshore/OffshoreBudgeting/Views/OnboardingView2.swift (in target 'OffshoreBudgeting' from project 'Offshore')
    cd /Users/Michael/Xcode\ iOS/Offshore
    

SwiftEmitModule normal arm64 Emitting\ module\ for\ Offshore (in target 'OffshoreBudgeting' from project 'Offshore')

EmitSwiftModule normal arm64 (in target 'OffshoreBudgeting' from project 'Offshore')
    cd /Users/Michael/Xcode\ iOS/Offshore
    

SwiftDriverJobDiscovery normal x86_64 Compiling Card+CoreDataClass.swift, Card+CoreDataProperties.swift, ExpenseCategory+CoreDataClass.swift, ExpenseCategory+CoreDataProperties.swift, Income+CoreDataClass.swift, Income+CoreDataProperties.swift (in target 'OffshoreBudgeting' from project 'Offshore')

SwiftCompile normal arm64 Compiling\ CategoryChipStyle.swift,\ CustomRecurrenceEditorView.swift,\ ExpenseCategoryManagerView.swift,\ HelpView.swift /Users/Michael/Xcode\ iOS/Offshore/OffshoreBudgeting/Views/CategoryChipStyle.swift /Users/Michael/Xcode\ iOS/Offshore/OffshoreBudgeting/Views/CustomRecurrenceEditorView.swift /Users/Michael/Xcode\ iOS/Offshore/OffshoreBudgeting/Views/ExpenseCategoryManagerView.swift /Users/Michael/Xcode\ iOS/Offshore/OffshoreBudgeting/Views/HelpView.swift (in target 'OffshoreBudgeting' from project 'Offshore')

SwiftCompile normal arm64 /Users/Michael/Xcode\ iOS/Offshore/OffshoreBudgeting/Views/CategoryChipStyle.swift (in target 'OffshoreBudgeting' from project 'Offshore')
    cd /Users/Michael/Xcode\ iOS/Offshore
    

SwiftCompile normal arm64 /Users/Michael/Xcode\ iOS/Offshore/OffshoreBudgeting/Views/CustomRecurrenceEditorView.swift (in target 'OffshoreBudgeting' from project 'Offshore')
    cd /Users/Michael/Xcode\ iOS/Offshore
    

SwiftCompile normal arm64 /Users/Michael/Xcode\ iOS/Offshore/OffshoreBudgeting/Views/ExpenseCategoryManagerView.swift (in target 'OffshoreBudgeting' from project 'Offshore')
    cd /Users/Michael/Xcode\ iOS/Offshore
    

SwiftCompile normal arm64 /Users/Michael/Xcode\ iOS/Offshore/OffshoreBudgeting/Views/HelpView.swift (in target 'OffshoreBudgeting' from project 'Offshore')
    cd /Users/Michael/Xcode\ iOS/Offshore
    

SwiftDriverJobDiscovery normal x86_64 Compiling BudgetPeriod.swift, CardItem.swift, BudgetIncomeCalculator.swift, CardItem+CoreDataBridge.swift, CoreDataEntityChangeMonitor.swift, CoreDataListObserver.swift, HolographicMetallicText.swift (in target 'OffshoreBudgeting' from project 'Offshore')

SwiftCompile normal arm64 Compiling\ AddIncomeFormView.swift,\ AddPlannedExpenseView.swift,\ AddUnplannedExpenseView.swift,\ CardDetailView.swift /Users/Michael/Xcode\ iOS/Offshore/OffshoreBudgeting/Views/AddIncomeFormView.swift /Users/Michael/Xcode\ iOS/Offshore/OffshoreBudgeting/Views/AddPlannedExpenseView.swift /Users/Michael/Xcode\ iOS/Offshore/OffshoreBudgeting/Views/AddUnplannedExpenseView.swift /Users/Michael/Xcode\ iOS/Offshore/OffshoreBudgeting/Views/CardDetailView.swift (in target 'OffshoreBudgeting' from project 'Offshore')

SwiftCompile normal arm64 /Users/Michael/Xcode\ iOS/Offshore/OffshoreBudgeting/Views/AddIncomeFormView.swift (in target 'OffshoreBudgeting' from project 'Offshore')
    cd /Users/Michael/Xcode\ iOS/Offshore
    

SwiftCompile normal arm64 /Users/Michael/Xcode\ iOS/Offshore/OffshoreBudgeting/Views/AddPlannedExpenseView.swift (in target 'OffshoreBudgeting' from project 'Offshore')
    cd /Users/Michael/Xcode\ iOS/Offshore
    

SwiftCompile normal arm64 /Users/Michael/Xcode\ iOS/Offshore/OffshoreBudgeting/Views/AddUnplannedExpenseView.swift (in target 'OffshoreBudgeting' from project 'Offshore')
    cd /Users/Michael/Xcode\ iOS/Offshore
    

SwiftCompile normal arm64 /Users/Michael/Xcode\ iOS/Offshore/OffshoreBudgeting/Views/CardDetailView.swift (in target 'OffshoreBudgeting' from project 'Offshore')
    cd /Users/Michael/Xcode\ iOS/Offshore
    

SwiftDriverJobDiscovery normal x86_64 Compiling SidebarViewController.swift, UBEmptyState.swift, ContentView.swift, OffshoreBudgetingApp.swift, Budget+CoreDataClass.swift, Budget+CoreDataProperties.swift (in target 'OffshoreBudgeting' from project 'Offshore')

SwiftCompile normal arm64 Compiling\ ManageBudgetPresetsSheet.swift,\ OnboardingView2.swift,\ PresetBudgetAssignmentSheet.swift,\ PresetRowView.swift /Users/Michael/Xcode\ iOS/Offshore/OffshoreBudgeting/Views/ManageBudgetPresetsSheet.swift /Users/Michael/Xcode\ iOS/Offshore/OffshoreBudgeting/Views/OnboardingView2.swift /Users/Michael/Xcode\ iOS/Offshore/OffshoreBudgeting/Views/PresetBudgetAssignmentSheet.swift /Users/Michael/Xcode\ iOS/Offshore/OffshoreBudgeting/Views/PresetRowView.swift (in target 'OffshoreBudgeting' from project 'Offshore')

SwiftCompile normal arm64 /Users/Michael/Xcode\ iOS/Offshore/OffshoreBudgeting/Views/ManageBudgetPresetsSheet.swift (in target 'OffshoreBudgeting' from project 'Offshore')
    cd /Users/Michael/Xcode\ iOS/Offshore
    

SwiftCompile normal arm64 /Users/Michael/Xcode\ iOS/Offshore/OffshoreBudgeting/Views/OnboardingView2.swift (in target 'OffshoreBudgeting' from project 'Offshore')
    cd /Users/Michael/Xcode\ iOS/Offshore
    

SwiftCompile normal arm64 /Users/Michael/Xcode\ iOS/Offshore/OffshoreBudgeting/Views/PresetBudgetAssignmentSheet.swift (in target 'OffshoreBudgeting' from project 'Offshore')
    cd /Users/Michael/Xcode\ iOS/Offshore
    

SwiftCompile normal arm64 /Users/Michael/Xcode\ iOS/Offshore/OffshoreBudgeting/Views/PresetRowView.swift (in target 'OffshoreBudgeting' from project 'Offshore')
    cd /Users/Michael/Xcode\ iOS/Offshore
    

SwiftDriverJobDiscovery normal x86_64 Compiling CardService.swift, CloudAccountStatusProvider.swift, CoreDataService.swift, ExpenseCategoryService.swift, IncomeService.swift, PlannedExpenseService.swift, PlannedExpenseUpdateScope.swift (in target 'OffshoreBudgeting' from project 'Offshore')

SwiftCompile normal arm64 Compiling\ CardPickerItemTile.swift,\ CardPickerRow.swift,\ CardsView2.swift,\ CardTileView.swift /Users/Michael/Xcode\ iOS/Offshore/OffshoreBudgeting/Views/CardPickerItemTile.swift /Users/Michael/Xcode\ iOS/Offshore/OffshoreBudgeting/Views/CardPickerRow.swift /Users/Michael/Xcode\ iOS/Offshore/OffshoreBudgeting/Views/CardsView2.swift /Users/Michael/Xcode\ iOS/Offshore/OffshoreBudgeting/Views/CardTileView.swift (in target 'OffshoreBudgeting' from project 'Offshore')

SwiftCompile normal arm64 /Users/Michael/Xcode\ iOS/Offshore/OffshoreBudgeting/Views/CardPickerItemTile.swift (in target 'OffshoreBudgeting' from project 'Offshore')
    cd /Users/Michael/Xcode\ iOS/Offshore
    

SwiftCompile normal arm64 /Users/Michael/Xcode\ iOS/Offshore/OffshoreBudgeting/Views/CardPickerRow.swift (in target 'OffshoreBudgeting' from project 'Offshore')
    cd /Users/Michael/Xcode\ iOS/Offshore
    

SwiftCompile normal arm64 /Users/Michael/Xcode\ iOS/Offshore/OffshoreBudgeting/Views/CardsView2.swift (in target 'OffshoreBudgeting' from project 'Offshore')
    cd /Users/Michael/Xcode\ iOS/Offshore
    

SwiftCompile normal arm64 /Users/Michael/Xcode\ iOS/Offshore/OffshoreBudgeting/Views/CardTileView.swift (in target 'OffshoreBudgeting' from project 'Offshore')
    cd /Users/Michael/Xcode\ iOS/Offshore
    

SwiftDriverJobDiscovery normal x86_64 Compiling NotificationName+Extensions.swift, PlannedExpenseService+Templates.swift, RecurrenceRule.swift, SaveError.swift, UnifiedSwipeActions.swift, CoreDataRepository.swift, BudgetService.swift (in target 'OffshoreBudgeting' from project 'Offshore')

SwiftCompile normal arm64 Compiling\ HomeViewModel.swift,\ IncomeScreenViewModel.swift,\ PresetsViewModel.swift,\ SettingsViewModel.swift,\ Buttons.swift /Users/Michael/Xcode\ iOS/Offshore/OffshoreBudgeting/View\ Models/HomeViewModel.swift /Users/Michael/Xcode\ iOS/Offshore/OffshoreBudgeting/View\ Models/IncomeScreenViewModel.swift /Users/Michael/Xcode\ iOS/Offshore/OffshoreBudgeting/View\ Models/PresetsViewModel.swift /Users/Michael/Xcode\ iOS/Offshore/OffshoreBudgeting/View\ Models/SettingsViewModel.swift /Users/Michael/Xcode\ iOS/Offshore/OffshoreBudgeting/Views/Components/Buttons.swift (in target 'OffshoreBudgeting' from project 'Offshore')

SwiftCompile normal arm64 /Users/Michael/Xcode\ iOS/Offshore/OffshoreBudgeting/View\ Models/HomeViewModel.swift (in target 'OffshoreBudgeting' from project 'Offshore')
    cd /Users/Michael/Xcode\ iOS/Offshore
    

SwiftCompile normal arm64 /Users/Michael/Xcode\ iOS/Offshore/OffshoreBudgeting/View\ Models/IncomeScreenViewModel.swift (in target 'OffshoreBudgeting' from project 'Offshore')
    cd /Users/Michael/Xcode\ iOS/Offshore
    

SwiftCompile normal arm64 /Users/Michael/Xcode\ iOS/Offshore/OffshoreBudgeting/View\ Models/PresetsViewModel.swift (in target 'OffshoreBudgeting' from project 'Offshore')
    cd /Users/Michael/Xcode\ iOS/Offshore
    

SwiftCompile normal arm64 /Users/Michael/Xcode\ iOS/Offshore/OffshoreBudgeting/View\ Models/SettingsViewModel.swift (in target 'OffshoreBudgeting' from project 'Offshore')
    cd /Users/Michael/Xcode\ iOS/Offshore
    

SwiftCompile normal arm64 /Users/Michael/Xcode\ iOS/Offshore/OffshoreBudgeting/Views/Components/Buttons.swift (in target 'OffshoreBudgeting' from project 'Offshore')
    cd /Users/Michael/Xcode\ iOS/Offshore
    

SwiftDriverJobDiscovery normal x86_64 Compiling OnboardingEnvironment.swift, PlatformCapabilities.swift, ResponsiveLayoutContext.swift, RootTabView.swift, SafeAreaInsetsCompatibility.swift, SystemTheme.swift, AddBudgetViewModel.swift (in target 'OffshoreBudgeting' from project 'Offshore')

SwiftCompile normal arm64 Compiling\ Compatibility.swift,\ DesignSystem.swift,\ DesignSystem+Motion.swift,\ IncomeCalendarPalette.swift,\ MetallicTextStyles.swift /Users/Michael/Xcode\ iOS/Offshore/OffshoreBudgeting/Systems/Compatibility.swift /Users/Michael/Xcode\ iOS/Offshore/OffshoreBudgeting/Systems/DesignSystem.swift /Users/Michael/Xcode\ iOS/Offshore/OffshoreBudgeting/Systems/DesignSystem+Motion.swift /Users/Michael/Xcode\ iOS/Offshore/OffshoreBudgeting/Systems/IncomeCalendarPalette.swift /Users/Michael/Xcode\ iOS/Offshore/OffshoreBudgeting/Systems/MetallicTextStyles.swift (in target 'OffshoreBudgeting' from project 'Offshore')

SwiftCompile normal arm64 /Users/Michael/Xcode\ iOS/Offshore/OffshoreBudgeting/Systems/Compatibility.swift (in target 'OffshoreBudgeting' from project 'Offshore')
    cd /Users/Michael/Xcode\ iOS/Offshore
    

SwiftCompile normal arm64 /Users/Michael/Xcode\ iOS/Offshore/OffshoreBudgeting/Systems/DesignSystem.swift (in target 'OffshoreBudgeting' from project 'Offshore')
    cd /Users/Michael/Xcode\ iOS/Offshore
    

SwiftCompile normal arm64 /Users/Michael/Xcode\ iOS/Offshore/OffshoreBudgeting/Systems/DesignSystem+Motion.swift (in target 'OffshoreBudgeting' from project 'Offshore')
    cd /Users/Michael/Xcode\ iOS/Offshore
    

SwiftCompile normal arm64 /Users/Michael/Xcode\ iOS/Offshore/OffshoreBudgeting/Systems/IncomeCalendarPalette.swift (in target 'OffshoreBudgeting' from project 'Offshore')
    cd /Users/Michael/Xcode\ iOS/Offshore
    

SwiftCompile normal arm64 /Users/Michael/Xcode\ iOS/Offshore/OffshoreBudgeting/Systems/MetallicTextStyles.swift (in target 'OffshoreBudgeting' from project 'Offshore')
    cd /Users/Michael/Xcode\ iOS/Offshore
    

SwiftDriverJobDiscovery normal x86_64 Compiling CardTheme.swift, Compatibility.swift, DesignSystem.swift, DesignSystem+Motion.swift, IncomeCalendarPalette.swift, MetallicTextStyles.swift, MotionSupport.swift (in target 'OffshoreBudgeting' from project 'Offshore')

SwiftCompile normal arm64 Compiling\ AppSettings.swift,\ AppTheme.swift,\ CardAppearanceStore.swift,\ CardPickerStore.swift,\ CardTheme.swift /Users/Michael/Xcode\ iOS/Offshore/OffshoreBudgeting/Systems/AppSettings.swift /Users/Michael/Xcode\ iOS/Offshore/OffshoreBudgeting/Systems/AppTheme.swift /Users/Michael/Xcode\ iOS/Offshore/OffshoreBudgeting/Systems/CardAppearanceStore.swift /Users/Michael/Xcode\ iOS/Offshore/OffshoreBudgeting/Systems/CardPickerStore.swift /Users/Michael/Xcode\ iOS/Offshore/OffshoreBudgeting/Systems/CardTheme.swift (in target 'OffshoreBudgeting' from project 'Offshore')

