Command line invocation:
    /Applications/Xcode.app/Contents/Developer/usr/bin/xcodebuild -project Offshore.xcodeproj -scheme OffshoreBudgeting -configuration Debug -destination "platform=macOS,variant=Mac Catalyst" build -showBuildTimingSummary

Resolve Package Graph


Resolved source packages:
  MijickCalendarView: https://github.com/Mijick/CalendarView.git @ 1.0.0

ComputePackagePrebuildTargetDependencyGraph

Prepare packages

CreateBuildRequest

SendProjectDescription

CreateBuildOperation

ComputeTargetDependencyGraph
note: Building targets in dependency order
note: Target dependency graph (3 targets)
    Target 'OffshoreBudgeting' in project 'Offshore'
        ➜ Explicit dependency on target 'MijickCalendarView' in project 'MijickCalendarView'
    Target 'MijickCalendarView' in project 'MijickCalendarView'
        ➜ Explicit dependency on target 'MijickCalendarView' in project 'MijickCalendarView'
    Target 'MijickCalendarView' in project 'MijickCalendarView' (no dependencies)

GatherProvisioningInputs

CreateBuildDescription

ExecuteExternalTool /Applications/Xcode.app/Contents/Developer/Toolchains/XcodeDefault.xctoolchain/usr/bin/clang -v -E -dM -isysroot /Applications/Xcode.app/Contents/Developer/Platforms/MacOSX.platform/Developer/SDKs/MacOSX26.0.sdk -x c -c /dev/null

ExecuteExternalTool /Applications/Xcode.app/Contents/Developer/Toolchains/XcodeDefault.xctoolchain/usr/bin/swiftc --version

ExecuteExternalTool /Applications/Xcode.app/Contents/Developer/usr/bin/momc --dry-run --action generate --swift-version 5.0 --sdkroot /Applications/Xcode.app/Contents/Developer/Platforms/MacOSX.platform/Developer/SDKs/MacOSX26.0.sdk --macosx-deployment-target 13.5 --module Offshore /Users/Michael/Xcode iOS/Offshore/OffshoreBudgeting/OffshoreBudgetingModel.xcdatamodeld /Users/Michael/Library/Developer/Xcode/DerivedData/Offshore-dzckiklseaojwietsvvieqpkcqwy/Build/Intermediates.noindex/Offshore.build/Debug-maccatalyst/OffshoreBudgeting.build/DerivedSources/CoreDataGenerated/OffshoreBudgetingModel

ExecuteExternalTool /Applications/Xcode.app/Contents/Developer/usr/bin/actool --version --output-format xml1

ExecuteExternalTool /Applications/Xcode.app/Contents/Developer/Toolchains/XcodeDefault.xctoolchain/usr/bin/ld -version_details

Build description signature: 18fe54227284df6fda249040c2df0200
Build description path: /Users/Michael/Library/Developer/Xcode/DerivedData/Offshore-dzckiklseaojwietsvvieqpkcqwy/Build/Intermediates.noindex/XCBuildData/18fe54227284df6fda249040c2df0200.xcbuilddata
ClangStatCache /Applications/Xcode.app/Contents/Developer/Toolchains/XcodeDefault.xctoolchain/usr/bin/clang-stat-cache /Applications/Xcode.app/Contents/Developer/Platforms/MacOSX.platform/Developer/SDKs/MacOSX26.0.sdk /Users/Michael/Library/Developer/Xcode/DerivedData/SDKStatCaches.noindex/macosx26.0-25A352-28806144b0707e398aac92880fa50324.sdkstatcache
    cd /Users/Michael/Xcode\ iOS/Offshore/Offshore.xcodeproj
    /Applications/Xcode.app/Contents/Developer/Toolchains/XcodeDefault.xctoolchain/usr/bin/clang-stat-cache /Applications/Xcode.app/Contents/Developer/Platforms/MacOSX.platform/Developer/SDKs/MacOSX26.0.sdk -o /Users/Michael/Library/Developer/Xcode/DerivedData/SDKStatCaches.noindex/macosx26.0-25A352-28806144b0707e398aac92880fa50324.sdkstatcache

ProcessInfoPlistFile /Users/Michael/Library/Developer/Xcode/DerivedData/Offshore-dzckiklseaojwietsvvieqpkcqwy/Build/Products/Debug-maccatalyst/Offshore.app/Contents/Info.plist /Users/Michael/Xcode\ iOS/Offshore/OffshoreBudgeting/Info.plist (in target 'OffshoreBudgeting' from project 'Offshore')
    cd /Users/Michael/Xcode\ iOS/Offshore
    builtin-infoPlistUtility /Users/Michael/Xcode\ iOS/Offshore/OffshoreBudgeting/Info.plist -producttype com.apple.product-type.application -genpkginfo /Users/Michael/Library/Developer/Xcode/DerivedData/Offshore-dzckiklseaojwietsvvieqpkcqwy/Build/Products/Debug-maccatalyst/Offshore.app/Contents/PkgInfo -expandbuildsettings -platform macosx -additionalcontentfile /Users/Michael/Library/Developer/Xcode/DerivedData/Offshore-dzckiklseaojwietsvvieqpkcqwy/Build/Intermediates.noindex/Offshore.build/Debug-maccatalyst/OffshoreBudgeting.build/assetcatalog_generated_info.plist -o /Users/Michael/Library/Developer/Xcode/DerivedData/Offshore-dzckiklseaojwietsvvieqpkcqwy/Build/Products/Debug-maccatalyst/Offshore.app/Contents/Info.plist
adding entry for "NSSupportsAutomaticTermination" => 1
adding entry for "NSSupportsSuddenTermination" => 1

CopySwiftLibs /Users/Michael/Library/Developer/Xcode/DerivedData/Offshore-dzckiklseaojwietsvvieqpkcqwy/Build/Products/Debug-maccatalyst/Offshore.app (in target 'OffshoreBudgeting' from project 'Offshore')
    cd /Users/Michael/Xcode\ iOS/Offshore
    builtin-swiftStdLibTool --copy --verbose --sign 1BA5D4457848FFDC8D5D8EE8E1892A84D0BD1E7A --scan-executable /Users/Michael/Library/Developer/Xcode/DerivedData/Offshore-dzckiklseaojwietsvvieqpkcqwy/Build/Products/Debug-maccatalyst/Offshore.app/Contents/MacOS/Offshore.debug.dylib --scan-folder /Users/Michael/Library/Developer/Xcode/DerivedData/Offshore-dzckiklseaojwietsvvieqpkcqwy/Build/Products/Debug-maccatalyst/Offshore.app/Contents/Frameworks --scan-folder /Users/Michael/Library/Developer/Xcode/DerivedData/Offshore-dzckiklseaojwietsvvieqpkcqwy/Build/Products/Debug-maccatalyst/Offshore.app/Contents/PlugIns --scan-folder /Users/Michael/Library/Developer/Xcode/DerivedData/Offshore-dzckiklseaojwietsvvieqpkcqwy/Build/Products/Debug-maccatalyst/Offshore.app/Contents/Library/SystemExtensions --scan-folder /Users/Michael/Library/Developer/Xcode/DerivedData/Offshore-dzckiklseaojwietsvvieqpkcqwy/Build/Products/Debug-maccatalyst/Offshore.app/Contents/Extensions --platform macosx --toolchain /Applications/Xcode.app/Contents/Developer/Toolchains/XcodeDefault.xctoolchain --destination /Users/Michael/Library/Developer/Xcode/DerivedData/Offshore-dzckiklseaojwietsvvieqpkcqwy/Build/Products/Debug-maccatalyst/Offshore.app/Contents/Frameworks --strip-bitcode --strip-bitcode-tool /Applications/Xcode.app/Contents/Developer/Toolchains/XcodeDefault.xctoolchain/usr/bin/bitcode_strip --emit-dependency-info /Users/Michael/Library/Developer/Xcode/DerivedData/Offshore-dzckiklseaojwietsvvieqpkcqwy/Build/Intermediates.noindex/Offshore.build/Debug-maccatalyst/OffshoreBudgeting.build/SwiftStdLibToolInputDependencies.dep --filter-for-swift-os --back-deploy-swift-span

CodeSign /Users/Michael/Library/Developer/Xcode/DerivedData/Offshore-dzckiklseaojwietsvvieqpkcqwy/Build/Products/Debug-maccatalyst/Offshore.app (in target 'OffshoreBudgeting' from project 'Offshore')
    cd /Users/Michael/Xcode\ iOS/Offshore
    
    Signing Identity:     "Apple Development: brownmleeid@gmail.com (J2T5MW5TCD)"
    Provisioning Profile: "Mac Catalyst Team Provisioning Profile: com.mbrown.offshore"
                          (48713819-6976-4efe-bf95-a524f5262eb8)
    
    /usr/bin/codesign --force --sign 1BA5D4457848FFDC8D5D8EE8E1892A84D0BD1E7A -o runtime --entitlements /Users/Michael/Library/Developer/Xcode/DerivedData/Offshore-dzckiklseaojwietsvvieqpkcqwy/Build/Intermediates.noindex/Offshore.build/Debug-maccatalyst/OffshoreBudgeting.build/Offshore.app.xcent --timestamp\=none --generate-entitlement-der /Users/Michael/Library/Developer/Xcode/DerivedData/Offshore-dzckiklseaojwietsvvieqpkcqwy/Build/Products/Debug-maccatalyst/Offshore.app
/Users/Michael/Library/Developer/Xcode/DerivedData/Offshore-dzckiklseaojwietsvvieqpkcqwy/Build/Products/Debug-maccatalyst/Offshore.app: resource fork, Finder information, or similar detritus not allowed
Command CodeSign failed with a nonzero exit code

Build Timing Summary

CopySwiftLibs (1 task) | 0.029 seconds

ProcessInfoPlistFile (1 task) | 0.012 seconds

